<!DOCTYPE html PUBLIC "-//W3C//DTD XHTML 1.0 Transitional//EN" "http://www.w3.org/TR/xhtml1/DTD/xhtml1-transitional.dtd">
<!-- Generated by Apache Maven Doxia Site Renderer 1.6 at 2017-05-25 -->
<html xmlns="http://www.w3.org/1999/xhtml" xml:lang="en" lang="en">
  <head>
    <meta http-equiv="Content-Type" content="text/html; charset=UTF-8" />
    <title>Surefire Report</title>
    <style type="text/css" media="all">
      @import url("./css/maven-base.css");
      @import url("./css/maven-theme.css");
      @import url("./css/site.css");
    </style>
    <link rel="stylesheet" href="./css/print.css" type="text/css" media="print" />
    <meta name="Date-Revision-yyyymmdd" content="20170525" />
    <meta http-equiv="Content-Language" content="en" />
        
        </head>
  <body class="composite">
    <div id="banner">
                      <div class="clear">
        <hr/>
      </div>
    </div>
    <div id="breadcrumbs">
            
                    
                <div class="xleft">
        <span id="publishDate">Last Published: 2017-05-25</span>
                  &nbsp;| <span id="projectVersion">Version: 3.4.1-SNAPSHOT</span>
                      </div>
            <div class="xright">        
                    
      </div>
      <div class="clear">
        <hr/>
      </div>
    </div>
    <div id="leftColumn">
      <div id="navcolumn">
             
                    
                                      <a href="http://maven.apache.org/" title="Built by Maven" class="poweredBy">
        <img class="poweredBy" alt="Built by Maven" src="./images/logos/maven-feather.png" />
      </a>
                   
                    
            </div>
    </div>
    <div id="bodyColumn">
      <div id="contentBox">
        <script type="text/javascript">
//<![CDATA[
function toggleDisplay(elementId) {
 var elm = document.getElementById(elementId + 'error');
 if (elm && typeof elm.style != "undefined") {
 if (elm.style.display == "none") {
 elm.style.display = "";
 document.getElementById(elementId + 'off').style.display = "none";
 document.getElementById(elementId + 'on').style.display = "inline";
 } else if (elm.style.display == "") { elm.style.display = "none";
 document.getElementById(elementId + 'off').style.display = "inline";
 document.getElementById(elementId + 'on').style.display = "none";
 } 
 } 
 }
//]]>
</script>
<div class="section">
<h2><a name="Surefire_Report"></a>Surefire Report</h2></div>
<div class="section">
<h2><a name="Summary"></a>Summary</h2><a name="Summary"></a>
<p>[<a href="#Summary">Summary</a>] [<a href="#Package_List">Package List</a>] [<a href="#Test_Cases">Test Cases</a>]</p><br />
<table border="1" class="bodyTable">
<tr class="a">
<th>Tests</th>
<th>Errors </th>
<th>Failures</th>
<th>Skipped</th>
<th>Success Rate</th>
<th>Time</th></tr>
<tr class="b">
<td>2</td>
<td>0</td>
<td>2</td>
<td>0</td>
<td>0%</td>
<td>0.814</td></tr></table><br />
<p>Note: failures are anticipated and checked for with assertions while errors are unanticipated.</p><br /></div>
<div class="section">
<h2><a name="Package_List"></a>Package List</h2><a name="Package_List"></a>
<p>[<a href="#Summary">Summary</a>] [<a href="#Package_List">Package List</a>] [<a href="#Test_Cases">Test Cases</a>]</p><br />
<table border="1" class="bodyTable">
<tr class="a">
<th>Package</th>
<th>Tests</th>
<th>Errors </th>
<th>Failures</th>
<th>Skipped</th>
<th>Success Rate</th>
<th>Time</th></tr>
<tr class="b">
<td><a href="#org.universAAL.ontology.test">org.universAAL.ontology.test</a></td>
<td>2</td>
<td>0</td>
<td>2</td>
<td>0</td>
<td>0%</td>
<td>0.814</td></tr></table><br />
<p>Note: package statistics are not computed recursively, they only sum up all of its testsuites numbers.</p>
<div class="section">
<h3><a name="org.universAAL.ontology.test"></a>org.universAAL.ontology.test</h3><a name="org.universAAL.ontology.test"></a>
<table border="1" class="bodyTable">
<tr class="a">
<th></th>
<th>Class</th>
<th>Tests</th>
<th>Errors </th>
<th>Failures</th>
<th>Skipped</th>
<th>Success Rate</th>
<th>Time</th></tr>
<tr class="b">
<td><a href="#org.universAAL.ontology.testMyTest"><img src="images/icon_warning_sml.gif" alt="" /></a></td>
<td><a href="#org.universAAL.ontology.testMyTest">MyTest</a></td>
<td>1</td>
<td>0</td>
<td>1</td>
<td>0</td>
<td>0%</td>
<td>0.756</td></tr>
<tr class="a">
<td><a href="#org.universAAL.ontology.testValuesTest"><img src="images/icon_warning_sml.gif" alt="" /></a></td>
<td><a href="#org.universAAL.ontology.testValuesTest">ValuesTest</a></td>
<td>1</td>
<td>0</td>
<td>1</td>
<td>0</td>
<td>0%</td>
<td>0.058</td></tr></table></div><br /></div>
<div class="section">
<h2><a name="Test_Cases"></a>Test Cases</h2><a name="Test_Cases"></a>
<p>[<a href="#Summary">Summary</a>] [<a href="#Package_List">Package List</a>] [<a href="#Test_Cases">Test Cases</a>]</p>
<div class="section">
<h3><a name="MyTest"></a>MyTest</h3><a name="org.universAAL.ontology.testMyTest"></a>
<table border="1" class="bodyTable">
<tr class="a">
<td><a href="#org.universAAL.ontology.test.MyTest.test"><img src="images/icon_warning_sml.gif" alt="" /></a></td>
<td><a name="TC_org.universAAL.ontology.test.MyTest.test"></a><a href="#org.universAAL.ontology.test.MyTest.test">test</a>
<div class="detailToggle" style="display:inline"><a href="javascript:toggleDisplay(&apos;org.universAAL.ontology.test.MyTest.test&apos;);"><span style="display:inline;" id="org.universAAL.ontology.test.MyTest.testoff"> + </span><span style="display:none;" id="org.universAAL.ontology.test.MyTest.teston"> - </span>[ Detail ]</a></div></td>
<td>0.756</td></tr>
<tr class="b">
<td></td>
<td> Ontology problems found in this project:
 http://ontology.universAAL.org/Hvac.owl
  [ERROR] -&gt; Unexpected Error, could not register ontology: http://ontology.universAAL.org/Hvac.owl
  java.lang.NoClassDefFoundError: Could not initialize class org.universAAL.ontology.unit.MeasurableDimension
  java.lang.NoClassDefFoundError: Could not initialize class org.universAAL.ontology.unit.MeasurableDimension
   at org.universAAL.ontology.hvac.HvacOntology.create(HvacOntology.java:223)
   at org.universAAL.middleware.owl.OntologyManagement.register(OntologyManagement.java:241)
   at org.universAAL.middleware.bus.junit.OntTestCase$OntologyLoaderTask.attempt(OntTestCase.java:178)
   at org.universAAL.middleware.bus.junit.OntTestCase.TryLoadingOnts(OntTestCase.java:353)
   at org.universAAL.middleware.bus.junit.OntTestCase.autoLoadOntologies(OntTestCase.java:274)
   at org.universAAL.middleware.bus.junit.OntTestCase.setUp(OntTestCase.java:246)
   at junit.framework.TestCase.runBare(TestCase.java:139)
   at junit.framework.TestResult$1.protect(TestResult.java:122)
   at junit.framework.TestResult.runProtected(TestResult.java:142)
   at junit.framework.TestResult.run(TestResult.java:125)
   at junit.framework.TestCase.run(TestCase.java:129)
   at junit.framework.TestSuite.runTest(TestSuite.java:255)
   at junit.framework.TestSuite.run(TestSuite.java:250)
   at org.junit.internal.runners.JUnit38ClassRunner.run(JUnit38ClassRunner.java:84)
   at org.apache.maven.surefire.junit4.JUnit4Provider.execute(JUnit4Provider.java:264)
   at org.apache.maven.surefire.junit4.JUnit4Provider.executeTestSet(JUnit4Provider.java:153)
   at org.apache.maven.surefire.junit4.JUnit4Provider.invoke(JUnit4Provider.java:124)
   at org.apache.maven.surefire.booter.ForkedBooter.invokeProviderInSameClassLoader(ForkedBooter.java:200)
   at org.apache.maven.surefire.booter.ForkedBooter.runSuitesInProcess(ForkedBooter.java:153)
   at org.apache.maven.surefire.booter.ForkedBooter.main(ForkedBooter.java:103)
  
 http://ontology.universaal.org/Unit.owl
  [ERROR] -&gt; Unexpected Error, could not register ontology: http://ontology.universaal.org/Unit.owl
  java.lang.NoClassDefFoundError: Could not initialize class org.universAAL.ontology.unit.MeasurableDimension
  java.lang.NoClassDefFoundError: Could not initialize class org.universAAL.ontology.unit.MeasurableDimension
   at org.universAAL.ontology.unit.UnitOntology.create(UnitOntology.java:80)
   at org.universAAL.middleware.owl.OntologyManagement.register(OntologyManagement.java:241)
   at org.universAAL.middleware.bus.junit.OntTestCase$OntologyLoaderTask.attempt(OntTestCase.java:178)
   at org.universAAL.middleware.bus.junit.OntTestCase.TryLoadingOnts(OntTestCase.java:353)
   at org.universAAL.middleware.bus.junit.OntTestCase.autoLoadOntologies(OntTestCase.java:274)
   at org.universAAL.middleware.bus.junit.OntTestCase.setUp(OntTestCase.java:246)
   at junit.framework.TestCase.runBare(TestCase.java:139)
   at junit.framework.TestResult$1.protect(TestResult.java:122)
   at junit.framework.TestResult.runProtected(TestResult.java:142)
   at junit.framework.TestResult.run(TestResult.java:125)
   at junit.framework.TestCase.run(TestCase.java:129)
   at junit.framework.TestSuite.runTest(TestSuite.java:255)
   at junit.framework.TestSuite.run(TestSuite.java:250)
   at org.junit.internal.runners.JUnit38ClassRunner.run(JUnit38ClassRunner.java:84)
   at org.apache.maven.surefire.junit4.JUnit4Provider.execute(JUnit4Provider.java:264)
   at org.apache.maven.surefire.junit4.JUnit4Provider.executeTestSet(JUnit4Provider.java:153)
   at org.apache.maven.surefire.junit4.JUnit4Provider.invoke(JUnit4Provider.java:124)
   at org.apache.maven.surefire.booter.ForkedBooter.invokeProviderInSameClassLoader(ForkedBooter.java:200)
   at org.apache.maven.surefire.booter.ForkedBooter.runSuitesInProcess(ForkedBooter.java:153)
   at org.apache.maven.surefire.booter.ForkedBooter.main(ForkedBooter.java:103)
  
</td>
<td></td></tr>
<tr class="a">
<td></td>
<td>
<div id="org.universAAL.ontology.test.MyTest.testerror" style="display:none;">
<div>
<pre>junit.framework.AssertionFailedError:  Ontology problems found in this project:
	http://ontology.universAAL.org/Hvac.owl
		[ERROR] -&gt; Unexpected Error, could not register ontology: http://ontology.universAAL.org/Hvac.owl
		java.lang.NoClassDefFoundError: Could not initialize class org.universAAL.ontology.unit.MeasurableDimension
		java.lang.NoClassDefFoundError: Could not initialize class org.universAAL.ontology.unit.MeasurableDimension
			at org.universAAL.ontology.hvac.HvacOntology.create(HvacOntology.java:223)
			at org.universAAL.middleware.owl.OntologyManagement.register(OntologyManagement.java:241)
			at org.universAAL.middleware.bus.junit.OntTestCase$OntologyLoaderTask.attempt(OntTestCase.java:178)
			at org.universAAL.middleware.bus.junit.OntTestCase.TryLoadingOnts(OntTestCase.java:353)
			at org.universAAL.middleware.bus.junit.OntTestCase.autoLoadOntologies(OntTestCase.java:274)
			at org.universAAL.middleware.bus.junit.OntTestCase.setUp(OntTestCase.java:246)
			at junit.framework.TestCase.runBare(TestCase.java:139)
			at junit.framework.TestResult$1.protect(TestResult.java:122)
			at junit.framework.TestResult.runProtected(TestResult.java:142)
			at junit.framework.TestResult.run(TestResult.java:125)
			at junit.framework.TestCase.run(TestCase.java:129)
			at junit.framework.TestSuite.runTest(TestSuite.java:255)
			at junit.framework.TestSuite.run(TestSuite.java:250)
			at org.junit.internal.runners.JUnit38ClassRunner.run(JUnit38ClassRunner.java:84)
			at org.apache.maven.surefire.junit4.JUnit4Provider.execute(JUnit4Provider.java:264)
			at org.apache.maven.surefire.junit4.JUnit4Provider.executeTestSet(JUnit4Provider.java:153)
			at org.apache.maven.surefire.junit4.JUnit4Provider.invoke(JUnit4Provider.java:124)
			at org.apache.maven.surefire.booter.ForkedBooter.invokeProviderInSameClassLoader(ForkedBooter.java:200)
			at org.apache.maven.surefire.booter.ForkedBooter.runSuitesInProcess(ForkedBooter.java:153)
			at org.apache.maven.surefire.booter.ForkedBooter.main(ForkedBooter.java:103)
	http://ontology.universaal.org/Unit.owl
		[ERROR] -&gt; Unexpected Error, could not register ontology: http://ontology.universaal.org/Unit.owl
		java.lang.NoClassDefFoundError: Could not initialize class org.universAAL.ontology.unit.MeasurableDimension
		java.lang.NoClassDefFoundError: Could not initialize class org.universAAL.ontology.unit.MeasurableDimension
			at org.universAAL.ontology.unit.UnitOntology.create(UnitOntology.java:80)
			at org.universAAL.middleware.owl.OntologyManagement.register(OntologyManagement.java:241)
			at org.universAAL.middleware.bus.junit.OntTestCase$OntologyLoaderTask.attempt(OntTestCase.java:178)
			at org.universAAL.middleware.bus.junit.OntTestCase.TryLoadingOnts(OntTestCase.java:353)
			at org.universAAL.middleware.bus.junit.OntTestCase.autoLoadOntologies(OntTestCase.java:274)
			at org.universAAL.middleware.bus.junit.OntTestCase.setUp(OntTestCase.java:246)
			at junit.framework.TestCase.runBare(TestCase.java:139)
			at junit.framework.TestResult$1.protect(TestResult.java:122)
			at junit.framework.TestResult.runProtected(TestResult.java:142)
			at junit.framework.TestResult.run(TestResult.java:125)
			at junit.framework.TestCase.run(TestCase.java:129)
			at junit.framework.TestSuite.runTest(TestSuite.java:255)
			at junit.framework.TestSuite.run(TestSuite.java:250)
			at org.junit.internal.runners.JUnit38ClassRunner.run(JUnit38ClassRunner.java:84)
			at org.apache.maven.surefire.junit4.JUnit4Provider.execute(JUnit4Provider.java:264)
			at org.apache.maven.surefire.junit4.JUnit4Provider.executeTestSet(JUnit4Provider.java:153)
			at org.apache.maven.surefire.junit4.JUnit4Provider.invoke(JUnit4Provider.java:124)
			at org.apache.maven.surefire.booter.ForkedBooter.invokeProviderInSameClassLoader(ForkedBooter.java:200)
			at org.apache.maven.surefire.booter.ForkedBooter.runSuitesInProcess(ForkedBooter.java:153)
			at org.apache.maven.surefire.booter.ForkedBooter.main(ForkedBooter.java:103)

	at junit.framework.Assert.fail(Assert.java:57)
	at junit.framework.TestCase.fail(TestCase.java:227)
	at org.universAAL.middleware.bus.junit.OntTestCase.autoLoadOntologies(OntTestCase.java:333)
	at org.universAAL.middleware.bus.junit.OntTestCase.setUp(OntTestCase.java:246)
	at junit.framework.TestCase.runBare(TestCase.java:139)
	at junit.framework.TestResult$1.protect(TestResult.java:122)
	at junit.framework.TestResult.runProtected(TestResult.java:142)
	at junit.framework.TestResult.run(TestResult.java:125)
	at junit.framework.TestCase.run(TestCase.java:129)
	at junit.framework.TestSuite.runTest(TestSuite.java:255)
	at junit.framework.TestSuite.run(TestSuite.java:250)
	at org.junit.internal.runners.JUnit38ClassRunner.run(JUnit38ClassRunner.java:84)
	at org.apache.maven.surefire.junit4.JUnit4Provider.execute(JUnit4Provider.java:264)
	at org.apache.maven.surefire.junit4.JUnit4Provider.executeTestSet(JUnit4Provider.java:153)
	at org.apache.maven.surefire.junit4.JUnit4Provider.invoke(JUnit4Provider.java:124)
	at org.apache.maven.surefire.booter.ForkedBooter.invokeProviderInSameClassLoader(ForkedBooter.java:200)
	at org.apache.maven.surefire.booter.ForkedBooter.runSuitesInProcess(ForkedBooter.java:153)
	at org.apache.maven.surefire.booter.ForkedBooter.main(ForkedBooter.java:103)</pre></div></div></td>
<td></td></tr></table></div>
<div class="section">
<h3><a name="ValuesTest"></a>ValuesTest</h3><a name="org.universAAL.ontology.testValuesTest"></a>
<table border="1" class="bodyTable">
<tr class="a">
<td><a href="#org.universAAL.ontology.test.ValuesTest.testValues"><img src="images/icon_warning_sml.gif" alt="" /></a></td>
<td><a name="TC_org.universAAL.ontology.test.ValuesTest.testValues"></a><a href="#org.universAAL.ontology.test.ValuesTest.testValues">testValues</a>
<div class="detailToggle" style="display:inline"><a href="javascript:toggleDisplay(&apos;org.universAAL.ontology.test.ValuesTest.testValues&apos;);"><span style="display:inline;" id="org.universAAL.ontology.test.ValuesTest.testValuesoff"> + </span><span style="display:none;" id="org.universAAL.ontology.test.ValuesTest.testValueson"> - </span>[ Detail ]</a></div></td>
<td>0.058</td></tr>
<tr class="b">
<td></td>
<td> Ontology problems found in this project:
 http://ontology.universAAL.org/Hvac.owl
  [ERROR] -&gt; Unexpected Error, could not register ontology: http://ontology.universAAL.org/Hvac.owl
  java.lang.NoClassDefFoundError: Could not initialize class org.universAAL.ontology.unit.MeasurableDimension
  java.lang.NoClassDefFoundError: Could not initialize class org.universAAL.ontology.unit.MeasurableDimension
   at org.universAAL.ontology.hvac.HvacOntology.create(HvacOntology.java:223)
   at org.universAAL.middleware.owl.OntologyManagement.register(OntologyManagement.java:241)
   at org.universAAL.middleware.bus.junit.OntTestCase$OntologyLoaderTask.attempt(OntTestCase.java:178)
   at org.universAAL.middleware.bus.junit.OntTestCase.TryLoadingOnts(OntTestCase.java:353)
   at org.universAAL.middleware.bus.junit.OntTestCase.autoLoadOntologies(OntTestCase.java:274)
   at org.universAAL.middleware.bus.junit.OntTestCase.setUp(OntTestCase.java:246)
   at junit.framework.TestCase.runBare(TestCase.java:139)
   at junit.framework.TestResult$1.protect(TestResult.java:122)
   at junit.framework.TestResult.runProtected(TestResult.java:142)
   at junit.framework.TestResult.run(TestResult.java:125)
   at junit.framework.TestCase.run(TestCase.java:129)
   at junit.framework.TestSuite.runTest(TestSuite.java:255)
   at junit.framework.TestSuite.run(TestSuite.java:250)
   at org.junit.internal.runners.JUnit38ClassRunner.run(JUnit38ClassRunner.java:84)
   at org.apache.maven.surefire.junit4.JUnit4Provider.execute(JUnit4Provider.java:264)
   at org.apache.maven.surefire.junit4.JUnit4Provider.executeTestSet(JUnit4Provider.java:153)
   at org.apache.maven.surefire.junit4.JUnit4Provider.invoke(JUnit4Provider.java:124)
   at org.apache.maven.surefire.booter.ForkedBooter.invokeProviderInSameClassLoader(ForkedBooter.java:200)
   at org.apache.maven.surefire.booter.ForkedBooter.runSuitesInProcess(ForkedBooter.java:153)
   at org.apache.maven.surefire.booter.ForkedBooter.main(ForkedBooter.java:103)
  
 http://ontology.universaal.org/Unit.owl
  [ERROR] -&gt; Unexpected Error, could not register ontology: http://ontology.universaal.org/Unit.owl
  java.lang.NoClassDefFoundError: Could not initialize class org.universAAL.ontology.unit.MeasurableDimension
  java.lang.NoClassDefFoundError: Could not initialize class org.universAAL.ontology.unit.MeasurableDimension
   at org.universAAL.ontology.unit.UnitOntology.create(UnitOntology.java:80)
   at org.universAAL.middleware.owl.OntologyManagement.register(OntologyManagement.java:241)
   at org.universAAL.middleware.bus.junit.OntTestCase$OntologyLoaderTask.attempt(OntTestCase.java:178)
   at org.universAAL.middleware.bus.junit.OntTestCase.TryLoadingOnts(OntTestCase.java:353)
   at org.universAAL.middleware.bus.junit.OntTestCase.autoLoadOntologies(OntTestCase.java:274)
   at org.universAAL.middleware.bus.junit.OntTestCase.setUp(OntTestCase.java:246)
   at junit.framework.TestCase.runBare(TestCase.java:139)
   at junit.framework.TestResult$1.protect(TestResult.java:122)
   at junit.framework.TestResult.runProtected(TestResult.java:142)
   at junit.framework.TestResult.run(TestResult.java:125)
   at junit.framework.TestCase.run(TestCase.java:129)
   at junit.framework.TestSuite.runTest(TestSuite.java:255)
   at junit.framework.TestSuite.run(TestSuite.java:250)
   at org.junit.internal.runners.JUnit38ClassRunner.run(JUnit38ClassRunner.java:84)
   at org.apache.maven.surefire.junit4.JUnit4Provider.execute(JUnit4Provider.java:264)
   at org.apache.maven.surefire.junit4.JUnit4Provider.executeTestSet(JUnit4Provider.java:153)
   at org.apache.maven.surefire.junit4.JUnit4Provider.invoke(JUnit4Provider.java:124)
   at org.apache.maven.surefire.booter.ForkedBooter.invokeProviderInSameClassLoader(ForkedBooter.java:200)
   at org.apache.maven.surefire.booter.ForkedBooter.runSuitesInProcess(ForkedBooter.java:153)
   at org.apache.maven.surefire.booter.ForkedBooter.main(ForkedBooter.java:103)
  
</td>
<td></td></tr>
<tr class="a">
<td></td>
<td>
<div id="org.universAAL.ontology.test.ValuesTest.testValueserror" style="display:none;">
<div>
<pre>junit.framework.AssertionFailedError:  Ontology problems found in this project:
	http://ontology.universAAL.org/Hvac.owl
		[ERROR] -&gt; Unexpected Error, could not register ontology: http://ontology.universAAL.org/Hvac.owl
		java.lang.NoClassDefFoundError: Could not initialize class org.universAAL.ontology.unit.MeasurableDimension
		java.lang.NoClassDefFoundError: Could not initialize class org.universAAL.ontology.unit.MeasurableDimension
			at org.universAAL.ontology.hvac.HvacOntology.create(HvacOntology.java:223)
			at org.universAAL.middleware.owl.OntologyManagement.register(OntologyManagement.java:241)
			at org.universAAL.middleware.bus.junit.OntTestCase$OntologyLoaderTask.attempt(OntTestCase.java:178)
			at org.universAAL.middleware.bus.junit.OntTestCase.TryLoadingOnts(OntTestCase.java:353)
			at org.universAAL.middleware.bus.junit.OntTestCase.autoLoadOntologies(OntTestCase.java:274)
			at org.universAAL.middleware.bus.junit.OntTestCase.setUp(OntTestCase.java:246)
			at junit.framework.TestCase.runBare(TestCase.java:139)
			at junit.framework.TestResult$1.protect(TestResult.java:122)
			at junit.framework.TestResult.runProtected(TestResult.java:142)
			at junit.framework.TestResult.run(TestResult.java:125)
			at junit.framework.TestCase.run(TestCase.java:129)
			at junit.framework.TestSuite.runTest(TestSuite.java:255)
			at junit.framework.TestSuite.run(TestSuite.java:250)
			at org.junit.internal.runners.JUnit38ClassRunner.run(JUnit38ClassRunner.java:84)
			at org.apache.maven.surefire.junit4.JUnit4Provider.execute(JUnit4Provider.java:264)
			at org.apache.maven.surefire.junit4.JUnit4Provider.executeTestSet(JUnit4Provider.java:153)
			at org.apache.maven.surefire.junit4.JUnit4Provider.invoke(JUnit4Provider.java:124)
			at org.apache.maven.surefire.booter.ForkedBooter.invokeProviderInSameClassLoader(ForkedBooter.java:200)
			at org.apache.maven.surefire.booter.ForkedBooter.runSuitesInProcess(ForkedBooter.java:153)
			at org.apache.maven.surefire.booter.ForkedBooter.main(ForkedBooter.java:103)
	http://ontology.universaal.org/Unit.owl
		[ERROR] -&gt; Unexpected Error, could not register ontology: http://ontology.universaal.org/Unit.owl
		java.lang.NoClassDefFoundError: Could not initialize class org.universAAL.ontology.unit.MeasurableDimension
		java.lang.NoClassDefFoundError: Could not initialize class org.universAAL.ontology.unit.MeasurableDimension
			at org.universAAL.ontology.unit.UnitOntology.create(UnitOntology.java:80)
			at org.universAAL.middleware.owl.OntologyManagement.register(OntologyManagement.java:241)
			at org.universAAL.middleware.bus.junit.OntTestCase$OntologyLoaderTask.attempt(OntTestCase.java:178)
			at org.universAAL.middleware.bus.junit.OntTestCase.TryLoadingOnts(OntTestCase.java:353)
			at org.universAAL.middleware.bus.junit.OntTestCase.autoLoadOntologies(OntTestCase.java:274)
			at org.universAAL.middleware.bus.junit.OntTestCase.setUp(OntTestCase.java:246)
			at junit.framework.TestCase.runBare(TestCase.java:139)
			at junit.framework.TestResult$1.protect(TestResult.java:122)
			at junit.framework.TestResult.runProtected(TestResult.java:142)
			at junit.framework.TestResult.run(TestResult.java:125)
			at junit.framework.TestCase.run(TestCase.java:129)
			at junit.framework.TestSuite.runTest(TestSuite.java:255)
			at junit.framework.TestSuite.run(TestSuite.java:250)
			at org.junit.internal.runners.JUnit38ClassRunner.run(JUnit38ClassRunner.java:84)
			at org.apache.maven.surefire.junit4.JUnit4Provider.execute(JUnit4Provider.java:264)
			at org.apache.maven.surefire.junit4.JUnit4Provider.executeTestSet(JUnit4Provider.java:153)
			at org.apache.maven.surefire.junit4.JUnit4Provider.invoke(JUnit4Provider.java:124)
			at org.apache.maven.surefire.booter.ForkedBooter.invokeProviderInSameClassLoader(ForkedBooter.java:200)
			at org.apache.maven.surefire.booter.ForkedBooter.runSuitesInProcess(ForkedBooter.java:153)
			at org.apache.maven.surefire.booter.ForkedBooter.main(ForkedBooter.java:103)

	at junit.framework.Assert.fail(Assert.java:57)
	at junit.framework.TestCase.fail(TestCase.java:227)
	at org.universAAL.middleware.bus.junit.OntTestCase.autoLoadOntologies(OntTestCase.java:333)
	at org.universAAL.middleware.bus.junit.OntTestCase.setUp(OntTestCase.java:246)
	at junit.framework.TestCase.runBare(TestCase.java:139)
	at junit.framework.TestResult$1.protect(TestResult.java:122)
	at junit.framework.TestResult.runProtected(TestResult.java:142)
	at junit.framework.TestResult.run(TestResult.java:125)
	at junit.framework.TestCase.run(TestCase.java:129)
	at junit.framework.TestSuite.runTest(TestSuite.java:255)
	at junit.framework.TestSuite.run(TestSuite.java:250)
	at org.junit.internal.runners.JUnit38ClassRunner.run(JUnit38ClassRunner.java:84)
	at org.apache.maven.surefire.junit4.JUnit4Provider.execute(JUnit4Provider.java:264)
	at org.apache.maven.surefire.junit4.JUnit4Provider.executeTestSet(JUnit4Provider.java:153)
	at org.apache.maven.surefire.junit4.JUnit4Provider.invoke(JUnit4Provider.java:124)
	at org.apache.maven.surefire.booter.ForkedBooter.invokeProviderInSameClassLoader(ForkedBooter.java:200)
	at org.apache.maven.surefire.booter.ForkedBooter.runSuitesInProcess(ForkedBooter.java:153)
	at org.apache.maven.surefire.booter.ForkedBooter.main(ForkedBooter.java:103)</pre></div></div></td>
<td></td></tr></table></div><br /></div>
<div class="section">
<h2><a name="Failure_Details"></a>Failure Details</h2><a name="Failure_Details"></a>
<p>[<a href="#Summary">Summary</a>] [<a href="#Package_List">Package List</a>] [<a href="#Test_Cases">Test Cases</a>]</p><br />
<table border="1" class="bodyTable">
<tr class="a">
<td><img src="images/icon_warning_sml.gif" alt="" /></td>
<td><a name="org.universAAL.ontology.test.MyTest.test"></a>test</td></tr>
<tr class="b">
<td></td>
<td>junit.framework.AssertionFailedError:  Ontology problems found in this project:
 http://ontology.universAAL.org/Hvac.owl
  [ERROR] -&gt; Unexpected Error, could not register ontology: http://ontology.universAAL.org/Hvac.owl
  java.lang.NoClassDefFoundError: Could not initialize class org.universAAL.ontology.unit.MeasurableDimension
  java.lang.NoClassDefFoundError: Could not initialize class org.universAAL.ontology.unit.MeasurableDimension
   at org.universAAL.ontology.hvac.HvacOntology.create(HvacOntology.java:223)
   at org.universAAL.middleware.owl.OntologyManagement.register(OntologyManagement.java:241)
   at org.universAAL.middleware.bus.junit.OntTestCase$OntologyLoaderTask.attempt(OntTestCase.java:178)
   at org.universAAL.middleware.bus.junit.OntTestCase.TryLoadingOnts(OntTestCase.java:353)
   at org.universAAL.middleware.bus.junit.OntTestCase.autoLoadOntologies(OntTestCase.java:274)
   at org.universAAL.middleware.bus.junit.OntTestCase.setUp(OntTestCase.java:246)
   at junit.framework.TestCase.runBare(TestCase.java:139)
   at junit.framework.TestResult$1.protect(TestResult.java:122)
   at junit.framework.TestResult.runProtected(TestResult.java:142)
   at junit.framework.TestResult.run(TestResult.java:125)
   at junit.framework.TestCase.run(TestCase.java:129)
   at junit.framework.TestSuite.runTest(TestSuite.java:255)
   at junit.framework.TestSuite.run(TestSuite.java:250)
   at org.junit.internal.runners.JUnit38ClassRunner.run(JUnit38ClassRunner.java:84)
   at org.apache.maven.surefire.junit4.JUnit4Provider.execute(JUnit4Provider.java:264)
   at org.apache.maven.surefire.junit4.JUnit4Provider.executeTestSet(JUnit4Provider.java:153)
   at org.apache.maven.surefire.junit4.JUnit4Provider.invoke(JUnit4Provider.java:124)
   at org.apache.maven.surefire.booter.ForkedBooter.invokeProviderInSameClassLoader(ForkedBooter.java:200)
   at org.apache.maven.surefire.booter.ForkedBooter.runSuitesInProcess(ForkedBooter.java:153)
   at org.apache.maven.surefire.booter.ForkedBooter.main(ForkedBooter.java:103)
  
 http://ontology.universaal.org/Unit.owl
  [ERROR] -&gt; Unexpected Error, could not register ontology: http://ontology.universaal.org/Unit.owl
  java.lang.NoClassDefFoundError: Could not initialize class org.universAAL.ontology.unit.MeasurableDimension
  java.lang.NoClassDefFoundError: Could not initialize class org.universAAL.ontology.unit.MeasurableDimension
   at org.universAAL.ontology.unit.UnitOntology.create(UnitOntology.java:80)
   at org.universAAL.middleware.owl.OntologyManagement.register(OntologyManagement.java:241)
   at org.universAAL.middleware.bus.junit.OntTestCase$OntologyLoaderTask.attempt(OntTestCase.java:178)
   at org.universAAL.middleware.bus.junit.OntTestCase.TryLoadingOnts(OntTestCase.java:353)
   at org.universAAL.middleware.bus.junit.OntTestCase.autoLoadOntologies(OntTestCase.java:274)
   at org.universAAL.middleware.bus.junit.OntTestCase.setUp(OntTestCase.java:246)
   at junit.framework.TestCase.runBare(TestCase.java:139)
   at junit.framework.TestResult$1.protect(TestResult.java:122)
   at junit.framework.TestResult.runProtected(TestResult.java:142)
   at junit.framework.TestResult.run(TestResult.java:125)
   at junit.framework.TestCase.run(TestCase.java:129)
   at junit.framework.TestSuite.runTest(TestSuite.java:255)
   at junit.framework.TestSuite.run(TestSuite.java:250)
   at org.junit.internal.runners.JUnit38ClassRunner.run(JUnit38ClassRunner.java:84)
   at org.apache.maven.surefire.junit4.JUnit4Provider.execute(JUnit4Provider.java:264)
   at org.apache.maven.surefire.junit4.JUnit4Provider.executeTestSet(JUnit4Provider.java:153)
   at org.apache.maven.surefire.junit4.JUnit4Provider.invoke(JUnit4Provider.java:124)
   at org.apache.maven.surefire.booter.ForkedBooter.invokeProviderInSameClassLoader(ForkedBooter.java:200)
   at org.apache.maven.surefire.booter.ForkedBooter.runSuitesInProcess(ForkedBooter.java:153)
   at org.apache.maven.surefire.booter.ForkedBooter.main(ForkedBooter.java:103)
  
</td></tr>
<tr class="a">
<td></td>
<td>
<div id="testerror"><a href="./xref-test/org/universAAL/ontology/test/MyTest.html#">org.universAAL.ontology.test.MyTest:</a></div></td></tr>
<tr class="b">
<td><img src="images/icon_warning_sml.gif" alt="" /></td>
<td><a name="org.universAAL.ontology.test.ValuesTest.testValues"></a>testValues</td></tr>
<tr class="a">
<td></td>
<td>junit.framework.AssertionFailedError:  Ontology problems found in this project:
 http://ontology.universAAL.org/Hvac.owl
  [ERROR] -&gt; Unexpected Error, could not register ontology: http://ontology.universAAL.org/Hvac.owl
  java.lang.NoClassDefFoundError: Could not initialize class org.universAAL.ontology.unit.MeasurableDimension
  java.lang.NoClassDefFoundError: Could not initialize class org.universAAL.ontology.unit.MeasurableDimension
   at org.universAAL.ontology.hvac.HvacOntology.create(HvacOntology.java:223)
   at org.universAAL.middleware.owl.OntologyManagement.register(OntologyManagement.java:241)
   at org.universAAL.middleware.bus.junit.OntTestCase$OntologyLoaderTask.attempt(OntTestCase.java:178)
   at org.universAAL.middleware.bus.junit.OntTestCase.TryLoadingOnts(OntTestCase.java:353)
   at org.universAAL.middleware.bus.junit.OntTestCase.autoLoadOntologies(OntTestCase.java:274)
   at org.universAAL.middleware.bus.junit.OntTestCase.setUp(OntTestCase.java:246)
   at junit.framework.TestCase.runBare(TestCase.java:139)
   at junit.framework.TestResult$1.protect(TestResult.java:122)
   at junit.framework.TestResult.runProtected(TestResult.java:142)
   at junit.framework.TestResult.run(TestResult.java:125)
   at junit.framework.TestCase.run(TestCase.java:129)
   at junit.framework.TestSuite.runTest(TestSuite.java:255)
   at junit.framework.TestSuite.run(TestSuite.java:250)
   at org.junit.internal.runners.JUnit38ClassRunner.run(JUnit38ClassRunner.java:84)
   at org.apache.maven.surefire.junit4.JUnit4Provider.execute(JUnit4Provider.java:264)
   at org.apache.maven.surefire.junit4.JUnit4Provider.executeTestSet(JUnit4Provider.java:153)
   at org.apache.maven.surefire.junit4.JUnit4Provider.invoke(JUnit4Provider.java:124)
   at org.apache.maven.surefire.booter.ForkedBooter.invokeProviderInSameClassLoader(ForkedBooter.java:200)
   at org.apache.maven.surefire.booter.ForkedBooter.runSuitesInProcess(ForkedBooter.java:153)
   at org.apache.maven.surefire.booter.ForkedBooter.main(ForkedBooter.java:103)
  
 http://ontology.universaal.org/Unit.owl
  [ERROR] -&gt; Unexpected Error, could not register ontology: http://ontology.universaal.org/Unit.owl
  java.lang.NoClassDefFoundError: Could not initialize class org.universAAL.ontology.unit.MeasurableDimension
  java.lang.NoClassDefFoundError: Could not initialize class org.universAAL.ontology.unit.MeasurableDimension
   at org.universAAL.ontology.unit.UnitOntology.create(UnitOntology.java:80)
   at org.universAAL.middleware.owl.OntologyManagement.register(OntologyManagement.java:241)
   at org.universAAL.middleware.bus.junit.OntTestCase$OntologyLoaderTask.attempt(OntTestCase.java:178)
   at org.universAAL.middleware.bus.junit.OntTestCase.TryLoadingOnts(OntTestCase.java:353)
   at org.universAAL.middleware.bus.junit.OntTestCase.autoLoadOntologies(OntTestCase.java:274)
   at org.universAAL.middleware.bus.junit.OntTestCase.setUp(OntTestCase.java:246)
   at junit.framework.TestCase.runBare(TestCase.java:139)
   at junit.framework.TestResult$1.protect(TestResult.java:122)
   at junit.framework.TestResult.runProtected(TestResult.java:142)
   at junit.framework.TestResult.run(TestResult.java:125)
   at junit.framework.TestCase.run(TestCase.java:129)
   at junit.framework.TestSuite.runTest(TestSuite.java:255)
   at junit.framework.TestSuite.run(TestSuite.java:250)
   at org.junit.internal.runners.JUnit38ClassRunner.run(JUnit38ClassRunner.java:84)
   at org.apache.maven.surefire.junit4.JUnit4Provider.execute(JUnit4Provider.java:264)
   at org.apache.maven.surefire.junit4.JUnit4Provider.executeTestSet(JUnit4Provider.java:153)
   at org.apache.maven.surefire.junit4.JUnit4Provider.invoke(JUnit4Provider.java:124)
   at org.apache.maven.surefire.booter.ForkedBooter.invokeProviderInSameClassLoader(ForkedBooter.java:200)
   at org.apache.maven.surefire.booter.ForkedBooter.runSuitesInProcess(ForkedBooter.java:153)
   at org.apache.maven.surefire.booter.ForkedBooter.main(ForkedBooter.java:103)
  
</td></tr>
<tr class="b">
<td></td>
<td>
<div id="testValueserror"><a href="./xref-test/org/universAAL/ontology/test/ValuesTest.html#">org.universAAL.ontology.test.ValuesTest:</a></div></td></tr></table><br /></div>
      </div>
    </div>
    <div class="clear">
      <hr/>
    </div>
    <div id="footer">
      <div class="xright">
              Copyright &#169;                    2017
                        <a href="http://www.universAAL.org/">universAAL Consortium</a>.
            All rights reserved.      
                    
                  </div>
      <div class="clear">
        <hr/>
      </div>
    </div>
  </body>
</html>
