<?xml version="1.0"?>
<!DOCTYPE coverage SYSTEM "http://cobertura.sourceforge.net/xml/coverage-04.dtd">

<coverage line-rate="0.5253164556962026" branch-rate="0.15458937198067632" lines-covered="415" lines-valid="790" branches-covered="32" branches-valid="207" complexity="1.884" version="2.1.1" timestamp="1495533988307">
	<sources>
		<source>/home/travis/build/universAAL/ontology/ont.activityhub/src/main/java</source>
		<source>--source</source>
	</sources>
	<packages>
		<package name="org.universAAL.ontology" line-rate="1.0" branch-rate="1.0" complexity="1.0">
			<classes>
				<class name="org.universAAL.ontology.ActivityHubOntology" filename="org/universAAL/ontology/ActivityHubOntology.java" line-rate="1.0" branch-rate="1.0" complexity="1.0">
					<methods>
						<method name="&lt;clinit&gt;" signature="()V" line-rate="1.0" branch-rate="1.0" complexity="0">
							<lines>
								<line number="49" hits="1" branch="false"/>
							</lines>
						</method>
						<method name="&lt;init&gt;" signature="()V" line-rate="1.0" branch-rate="1.0" complexity="0">
							<lines>
								<line number="52" hits="4" branch="false"/>
								<line number="53" hits="4" branch="false"/>
							</lines>
						</method>
						<method name="create" signature="()V" line-rate="1.0" branch-rate="1.0" complexity="0">
							<lines>
								<line number="56" hits="4" branch="false"/>
								<line number="57" hits="4" branch="false"/>
								<line number="59" hits="4" branch="false"/>
								<line number="63" hits="4" branch="false"/>
								<line number="74" hits="4" branch="false"/>
								<line number="75" hits="4" branch="false"/>
								<line number="76" hits="4" branch="false"/>
								<line number="77" hits="4" branch="false"/>
								<line number="78" hits="4" branch="false"/>
								<line number="83" hits="4" branch="false"/>
								<line number="84" hits="4" branch="false"/>
								<line number="85" hits="4" branch="false"/>
								<line number="86" hits="4" branch="false"/>
								<line number="96" hits="4" branch="false"/>
								<line number="97" hits="4" branch="false"/>
								<line number="105" hits="4" branch="false"/>
								<line number="106" hits="4" branch="false"/>
								<line number="107" hits="4" branch="false"/>
								<line number="108" hits="4" branch="false"/>
								<line number="109" hits="4" branch="false"/>
								<line number="114" hits="4" branch="false"/>
								<line number="115" hits="4" branch="false"/>
								<line number="116" hits="4" branch="false"/>
								<line number="117" hits="4" branch="false"/>
								<line number="123" hits="4" branch="false"/>
								<line number="124" hits="4" branch="false"/>
								<line number="132" hits="4" branch="false"/>
								<line number="133" hits="4" branch="false"/>
								<line number="134" hits="4" branch="false"/>
								<line number="135" hits="4" branch="false"/>
								<line number="136" hits="4" branch="false"/>
								<line number="137" hits="4" branch="false"/>
								<line number="142" hits="4" branch="false"/>
								<line number="143" hits="4" branch="false"/>
								<line number="144" hits="4" branch="false"/>
								<line number="145" hits="4" branch="false"/>
								<line number="151" hits="4" branch="false"/>
								<line number="152" hits="4" branch="false"/>
								<line number="161" hits="4" branch="false"/>
								<line number="162" hits="4" branch="false"/>
								<line number="163" hits="4" branch="false"/>
								<line number="164" hits="4" branch="false"/>
								<line number="165" hits="4" branch="false"/>
								<line number="166" hits="4" branch="false"/>
								<line number="171" hits="4" branch="false"/>
								<line number="172" hits="4" branch="false"/>
								<line number="173" hits="4" branch="false"/>
								<line number="174" hits="4" branch="false"/>
								<line number="180" hits="4" branch="false"/>
								<line number="181" hits="4" branch="false"/>
								<line number="189" hits="4" branch="false"/>
								<line number="190" hits="4" branch="false"/>
								<line number="191" hits="4" branch="false"/>
								<line number="192" hits="4" branch="false"/>
								<line number="193" hits="4" branch="false"/>
								<line number="194" hits="4" branch="false"/>
								<line number="199" hits="4" branch="false"/>
								<line number="200" hits="4" branch="false"/>
								<line number="201" hits="4" branch="false"/>
								<line number="202" hits="4" branch="false"/>
								<line number="208" hits="4" branch="false"/>
								<line number="209" hits="4" branch="false"/>
								<line number="218" hits="4" branch="false"/>
								<line number="219" hits="4" branch="false"/>
								<line number="220" hits="4" branch="false"/>
								<line number="221" hits="4" branch="false"/>
								<line number="222" hits="4" branch="false"/>
								<line number="223" hits="4" branch="false"/>
								<line number="228" hits="4" branch="false"/>
								<line number="229" hits="4" branch="false"/>
								<line number="230" hits="4" branch="false"/>
								<line number="231" hits="4" branch="false"/>
								<line number="237" hits="4" branch="false"/>
								<line number="238" hits="4" branch="false"/>
								<line number="239" hits="4" branch="false"/>
								<line number="248" hits="4" branch="false"/>
								<line number="249" hits="4" branch="false"/>
								<line number="250" hits="4" branch="false"/>
								<line number="251" hits="4" branch="false"/>
								<line number="252" hits="4" branch="false"/>
								<line number="259" hits="4" branch="false"/>
								<line number="260" hits="4" branch="false"/>
								<line number="261" hits="4" branch="false"/>
								<line number="262" hits="4" branch="false"/>
								<line number="268" hits="4" branch="false"/>
								<line number="269" hits="4" branch="false"/>
								<line number="277" hits="4" branch="false"/>
								<line number="278" hits="4" branch="false"/>
								<line number="279" hits="4" branch="false"/>
								<line number="280" hits="4" branch="false"/>
								<line number="281" hits="4" branch="false"/>
								<line number="282" hits="4" branch="false"/>
								<line number="288" hits="4" branch="false"/>
								<line number="289" hits="4" branch="false"/>
								<line number="290" hits="4" branch="false"/>
								<line number="291" hits="4" branch="false"/>
								<line number="297" hits="4" branch="false"/>
								<line number="298" hits="4" branch="false"/>
								<line number="299" hits="4" branch="false"/>
								<line number="308" hits="4" branch="false"/>
								<line number="309" hits="4" branch="false"/>
								<line number="310" hits="4" branch="false"/>
								<line number="311" hits="4" branch="false"/>
								<line number="312" hits="4" branch="false"/>
								<line number="317" hits="4" branch="false"/>
								<line number="318" hits="4" branch="false"/>
								<line number="319" hits="4" branch="false"/>
								<line number="320" hits="4" branch="false"/>
								<line number="326" hits="4" branch="false"/>
								<line number="327" hits="4" branch="false"/>
								<line number="328" hits="4" branch="false"/>
								<line number="329" hits="4" branch="false"/>
								<line number="338" hits="4" branch="false"/>
								<line number="339" hits="4" branch="false"/>
								<line number="340" hits="4" branch="false"/>
								<line number="341" hits="4" branch="false"/>
								<line number="342" hits="4" branch="false"/>
								<line number="343" hits="4" branch="false"/>
								<line number="349" hits="4" branch="false"/>
								<line number="350" hits="4" branch="false"/>
								<line number="351" hits="4" branch="false"/>
								<line number="352" hits="4" branch="false"/>
								<line number="358" hits="4" branch="false"/>
								<line number="359" hits="4" branch="false"/>
								<line number="360" hits="4" branch="false"/>
								<line number="369" hits="4" branch="false"/>
								<line number="370" hits="4" branch="false"/>
								<line number="371" hits="4" branch="false"/>
								<line number="372" hits="4" branch="false"/>
								<line number="373" hits="4" branch="false"/>
								<line number="381" hits="4" branch="false"/>
								<line number="382" hits="4" branch="false"/>
								<line number="383" hits="4" branch="false"/>
								<line number="384" hits="4" branch="false"/>
								<line number="390" hits="4" branch="false"/>
								<line number="391" hits="4" branch="false"/>
								<line number="399" hits="4" branch="false"/>
								<line number="400" hits="4" branch="false"/>
								<line number="401" hits="4" branch="false"/>
								<line number="402" hits="4" branch="false"/>
								<line number="403" hits="4" branch="false"/>
								<line number="408" hits="4" branch="false"/>
								<line number="409" hits="4" branch="false"/>
								<line number="410" hits="4" branch="false"/>
								<line number="411" hits="4" branch="false"/>
								<line number="417" hits="4" branch="false"/>
								<line number="418" hits="4" branch="false"/>
								<line number="426" hits="4" branch="false"/>
								<line number="427" hits="4" branch="false"/>
								<line number="428" hits="4" branch="false"/>
								<line number="429" hits="4" branch="false"/>
								<line number="430" hits="4" branch="false"/>
								<line number="431" hits="4" branch="false"/>
								<line number="437" hits="4" branch="false"/>
								<line number="438" hits="4" branch="false"/>
								<line number="439" hits="4" branch="false"/>
								<line number="440" hits="4" branch="false"/>
								<line number="446" hits="4" branch="false"/>
								<line number="447" hits="4" branch="false"/>
								<line number="448" hits="4" branch="false"/>
								<line number="457" hits="4" branch="false"/>
								<line number="458" hits="4" branch="false"/>
								<line number="459" hits="4" branch="false"/>
								<line number="460" hits="4" branch="false"/>
								<line number="461" hits="4" branch="false"/>
								<line number="468" hits="4" branch="false"/>
								<line number="469" hits="4" branch="false"/>
								<line number="470" hits="4" branch="false"/>
								<line number="471" hits="4" branch="false"/>
								<line number="477" hits="4" branch="false"/>
								<line number="478" hits="4" branch="false"/>
								<line number="479" hits="4" branch="false"/>
								<line number="490" hits="4" branch="false"/>
								<line number="491" hits="4" branch="false"/>
								<line number="492" hits="4" branch="false"/>
								<line number="493" hits="4" branch="false"/>
								<line number="494" hits="4" branch="false"/>
								<line number="495" hits="4" branch="false"/>
								<line number="500" hits="4" branch="false"/>
								<line number="501" hits="4" branch="false"/>
								<line number="502" hits="4" branch="false"/>
								<line number="503" hits="4" branch="false"/>
								<line number="504" hits="4" branch="false"/>
								<line number="510" hits="4" branch="false"/>
								<line number="511" hits="4" branch="false"/>
								<line number="518" hits="4" branch="false"/>
								<line number="519" hits="4" branch="false"/>
								<line number="520" hits="4" branch="false"/>
								<line number="521" hits="4" branch="false"/>
								<line number="522" hits="4" branch="false"/>
								<line number="525" hits="4" branch="false"/>
								<line number="526" hits="4" branch="false"/>
								<line number="527" hits="4" branch="false"/>
								<line number="528" hits="4" branch="false"/>
								<line number="534" hits="4" branch="false"/>
								<line number="535" hits="8" branch="false"/>
								<line number="536" hits="4" branch="false"/>
								<line number="542" hits="4" branch="false"/>
								<line number="543" hits="4" branch="false"/>
								<line number="544" hits="4" branch="false"/>
								<line number="545" hits="4" branch="false"/>
								<line number="546" hits="4" branch="false"/>
								<line number="552" hits="4" branch="false"/>
								<line number="553" hits="4" branch="false"/>
								<line number="556" hits="4" branch="false"/>
							</lines>
						</method>
					</methods>
					<lines>
						<line number="49" hits="1" branch="false"/>
						<line number="52" hits="4" branch="false"/>
						<line number="53" hits="4" branch="false"/>
						<line number="56" hits="4" branch="false"/>
						<line number="57" hits="4" branch="false"/>
						<line number="59" hits="4" branch="false"/>
						<line number="63" hits="4" branch="false"/>
						<line number="74" hits="4" branch="false"/>
						<line number="75" hits="4" branch="false"/>
						<line number="76" hits="4" branch="false"/>
						<line number="77" hits="4" branch="false"/>
						<line number="78" hits="4" branch="false"/>
						<line number="83" hits="4" branch="false"/>
						<line number="84" hits="4" branch="false"/>
						<line number="85" hits="4" branch="false"/>
						<line number="86" hits="4" branch="false"/>
						<line number="96" hits="4" branch="false"/>
						<line number="97" hits="4" branch="false"/>
						<line number="105" hits="4" branch="false"/>
						<line number="106" hits="4" branch="false"/>
						<line number="107" hits="4" branch="false"/>
						<line number="108" hits="4" branch="false"/>
						<line number="109" hits="4" branch="false"/>
						<line number="114" hits="4" branch="false"/>
						<line number="115" hits="4" branch="false"/>
						<line number="116" hits="4" branch="false"/>
						<line number="117" hits="4" branch="false"/>
						<line number="123" hits="4" branch="false"/>
						<line number="124" hits="4" branch="false"/>
						<line number="132" hits="4" branch="false"/>
						<line number="133" hits="4" branch="false"/>
						<line number="134" hits="4" branch="false"/>
						<line number="135" hits="4" branch="false"/>
						<line number="136" hits="4" branch="false"/>
						<line number="137" hits="4" branch="false"/>
						<line number="142" hits="4" branch="false"/>
						<line number="143" hits="4" branch="false"/>
						<line number="144" hits="4" branch="false"/>
						<line number="145" hits="4" branch="false"/>
						<line number="151" hits="4" branch="false"/>
						<line number="152" hits="4" branch="false"/>
						<line number="161" hits="4" branch="false"/>
						<line number="162" hits="4" branch="false"/>
						<line number="163" hits="4" branch="false"/>
						<line number="164" hits="4" branch="false"/>
						<line number="165" hits="4" branch="false"/>
						<line number="166" hits="4" branch="false"/>
						<line number="171" hits="4" branch="false"/>
						<line number="172" hits="4" branch="false"/>
						<line number="173" hits="4" branch="false"/>
						<line number="174" hits="4" branch="false"/>
						<line number="180" hits="4" branch="false"/>
						<line number="181" hits="4" branch="false"/>
						<line number="189" hits="4" branch="false"/>
						<line number="190" hits="4" branch="false"/>
						<line number="191" hits="4" branch="false"/>
						<line number="192" hits="4" branch="false"/>
						<line number="193" hits="4" branch="false"/>
						<line number="194" hits="4" branch="false"/>
						<line number="199" hits="4" branch="false"/>
						<line number="200" hits="4" branch="false"/>
						<line number="201" hits="4" branch="false"/>
						<line number="202" hits="4" branch="false"/>
						<line number="208" hits="4" branch="false"/>
						<line number="209" hits="4" branch="false"/>
						<line number="218" hits="4" branch="false"/>
						<line number="219" hits="4" branch="false"/>
						<line number="220" hits="4" branch="false"/>
						<line number="221" hits="4" branch="false"/>
						<line number="222" hits="4" branch="false"/>
						<line number="223" hits="4" branch="false"/>
						<line number="228" hits="4" branch="false"/>
						<line number="229" hits="4" branch="false"/>
						<line number="230" hits="4" branch="false"/>
						<line number="231" hits="4" branch="false"/>
						<line number="237" hits="4" branch="false"/>
						<line number="238" hits="4" branch="false"/>
						<line number="239" hits="4" branch="false"/>
						<line number="248" hits="4" branch="false"/>
						<line number="249" hits="4" branch="false"/>
						<line number="250" hits="4" branch="false"/>
						<line number="251" hits="4" branch="false"/>
						<line number="252" hits="4" branch="false"/>
						<line number="259" hits="4" branch="false"/>
						<line number="260" hits="4" branch="false"/>
						<line number="261" hits="4" branch="false"/>
						<line number="262" hits="4" branch="false"/>
						<line number="268" hits="4" branch="false"/>
						<line number="269" hits="4" branch="false"/>
						<line number="277" hits="4" branch="false"/>
						<line number="278" hits="4" branch="false"/>
						<line number="279" hits="4" branch="false"/>
						<line number="280" hits="4" branch="false"/>
						<line number="281" hits="4" branch="false"/>
						<line number="282" hits="4" branch="false"/>
						<line number="288" hits="4" branch="false"/>
						<line number="289" hits="4" branch="false"/>
						<line number="290" hits="4" branch="false"/>
						<line number="291" hits="4" branch="false"/>
						<line number="297" hits="4" branch="false"/>
						<line number="298" hits="4" branch="false"/>
						<line number="299" hits="4" branch="false"/>
						<line number="308" hits="4" branch="false"/>
						<line number="309" hits="4" branch="false"/>
						<line number="310" hits="4" branch="false"/>
						<line number="311" hits="4" branch="false"/>
						<line number="312" hits="4" branch="false"/>
						<line number="317" hits="4" branch="false"/>
						<line number="318" hits="4" branch="false"/>
						<line number="319" hits="4" branch="false"/>
						<line number="320" hits="4" branch="false"/>
						<line number="326" hits="4" branch="false"/>
						<line number="327" hits="4" branch="false"/>
						<line number="328" hits="4" branch="false"/>
						<line number="329" hits="4" branch="false"/>
						<line number="338" hits="4" branch="false"/>
						<line number="339" hits="4" branch="false"/>
						<line number="340" hits="4" branch="false"/>
						<line number="341" hits="4" branch="false"/>
						<line number="342" hits="4" branch="false"/>
						<line number="343" hits="4" branch="false"/>
						<line number="349" hits="4" branch="false"/>
						<line number="350" hits="4" branch="false"/>
						<line number="351" hits="4" branch="false"/>
						<line number="352" hits="4" branch="false"/>
						<line number="358" hits="4" branch="false"/>
						<line number="359" hits="4" branch="false"/>
						<line number="360" hits="4" branch="false"/>
						<line number="369" hits="4" branch="false"/>
						<line number="370" hits="4" branch="false"/>
						<line number="371" hits="4" branch="false"/>
						<line number="372" hits="4" branch="false"/>
						<line number="373" hits="4" branch="false"/>
						<line number="381" hits="4" branch="false"/>
						<line number="382" hits="4" branch="false"/>
						<line number="383" hits="4" branch="false"/>
						<line number="384" hits="4" branch="false"/>
						<line number="390" hits="4" branch="false"/>
						<line number="391" hits="4" branch="false"/>
						<line number="399" hits="4" branch="false"/>
						<line number="400" hits="4" branch="false"/>
						<line number="401" hits="4" branch="false"/>
						<line number="402" hits="4" branch="false"/>
						<line number="403" hits="4" branch="false"/>
						<line number="408" hits="4" branch="false"/>
						<line number="409" hits="4" branch="false"/>
						<line number="410" hits="4" branch="false"/>
						<line number="411" hits="4" branch="false"/>
						<line number="417" hits="4" branch="false"/>
						<line number="418" hits="4" branch="false"/>
						<line number="426" hits="4" branch="false"/>
						<line number="427" hits="4" branch="false"/>
						<line number="428" hits="4" branch="false"/>
						<line number="429" hits="4" branch="false"/>
						<line number="430" hits="4" branch="false"/>
						<line number="431" hits="4" branch="false"/>
						<line number="437" hits="4" branch="false"/>
						<line number="438" hits="4" branch="false"/>
						<line number="439" hits="4" branch="false"/>
						<line number="440" hits="4" branch="false"/>
						<line number="446" hits="4" branch="false"/>
						<line number="447" hits="4" branch="false"/>
						<line number="448" hits="4" branch="false"/>
						<line number="457" hits="4" branch="false"/>
						<line number="458" hits="4" branch="false"/>
						<line number="459" hits="4" branch="false"/>
						<line number="460" hits="4" branch="false"/>
						<line number="461" hits="4" branch="false"/>
						<line number="468" hits="4" branch="false"/>
						<line number="469" hits="4" branch="false"/>
						<line number="470" hits="4" branch="false"/>
						<line number="471" hits="4" branch="false"/>
						<line number="477" hits="4" branch="false"/>
						<line number="478" hits="4" branch="false"/>
						<line number="479" hits="4" branch="false"/>
						<line number="490" hits="4" branch="false"/>
						<line number="491" hits="4" branch="false"/>
						<line number="492" hits="4" branch="false"/>
						<line number="493" hits="4" branch="false"/>
						<line number="494" hits="4" branch="false"/>
						<line number="495" hits="4" branch="false"/>
						<line number="500" hits="4" branch="false"/>
						<line number="501" hits="4" branch="false"/>
						<line number="502" hits="4" branch="false"/>
						<line number="503" hits="4" branch="false"/>
						<line number="504" hits="4" branch="false"/>
						<line number="510" hits="4" branch="false"/>
						<line number="511" hits="4" branch="false"/>
						<line number="518" hits="4" branch="false"/>
						<line number="519" hits="4" branch="false"/>
						<line number="520" hits="4" branch="false"/>
						<line number="521" hits="4" branch="false"/>
						<line number="522" hits="4" branch="false"/>
						<line number="525" hits="4" branch="false"/>
						<line number="526" hits="4" branch="false"/>
						<line number="527" hits="4" branch="false"/>
						<line number="528" hits="4" branch="false"/>
						<line number="534" hits="4" branch="false"/>
						<line number="535" hits="8" branch="false"/>
						<line number="536" hits="4" branch="false"/>
						<line number="542" hits="4" branch="false"/>
						<line number="543" hits="4" branch="false"/>
						<line number="544" hits="4" branch="false"/>
						<line number="545" hits="4" branch="false"/>
						<line number="546" hits="4" branch="false"/>
						<line number="552" hits="4" branch="false"/>
						<line number="553" hits="4" branch="false"/>
						<line number="556" hits="4" branch="false"/>
					</lines>
				</class>
			</classes>
		</package>
		<package name="org.universAAL.ontology.activityhub" line-rate="0.3464566929133858" branch-rate="0.09815950920245399" complexity="1.6478260869565218">
			<classes>
				<class name="org.universAAL.ontology.activityhub.Activator" filename="org/universAAL/ontology/activityhub/Activator.java" line-rate="0.0" branch-rate="1.0" complexity="1.0">
					<methods>
						<method name="&lt;init&gt;" signature="()V" line-rate="0.0" branch-rate="1.0" complexity="0">
							<lines>
								<line number="34" hits="0" branch="false"/>
								<line number="36" hits="0" branch="false"/>
							</lines>
						</method>
						<method name="start" signature="(Lorg/universAAL/middleware/container/ModuleContext;)V" line-rate="0.0" branch-rate="1.0" complexity="0">
							<lines>
								<line number="39" hits="0" branch="false"/>
								<line number="40" hits="0" branch="false"/>
							</lines>
						</method>
						<method name="stop" signature="(Lorg/universAAL/middleware/container/ModuleContext;)V" line-rate="0.0" branch-rate="1.0" complexity="0">
							<lines>
								<line number="43" hits="0" branch="false"/>
								<line number="44" hits="0" branch="false"/>
							</lines>
						</method>
					</methods>
					<lines>
						<line number="34" hits="0" branch="false"/>
						<line number="36" hits="0" branch="false"/>
						<line number="39" hits="0" branch="false"/>
						<line number="40" hits="0" branch="false"/>
						<line number="43" hits="0" branch="false"/>
						<line number="44" hits="0" branch="false"/>
					</lines>
				</class>
				<class name="org.universAAL.ontology.activityhub.ActivityHub" filename="org/universAAL/ontology/activityhub/ActivityHub.java" line-rate="0.625" branch-rate="1.0" complexity="1.2">
					<methods>
						<method name="&lt;init&gt;" signature="()V" line-rate="0.0" branch-rate="1.0" complexity="0">
							<lines>
								<line number="44" hits="0" branch="false"/>
								<line number="45" hits="0" branch="false"/>
							</lines>
						</method>
						<method name="&lt;init&gt;" signature="(Ljava/lang/String;)V" line-rate="1.0" branch-rate="1.0" complexity="0">
							<lines>
								<line number="48" hits="8" branch="false"/>
								<line number="49" hits="8" branch="false"/>
							</lines>
						</method>
						<method name="getClassURI" signature="()Ljava/lang/String;" line-rate="1.0" branch-rate="1.0" complexity="0">
							<lines>
								<line number="52" hits="24" branch="false"/>
							</lines>
						</method>
						<method name="getPropSerializationType" signature="(Ljava/lang/String;)I" line-rate="1.0" branch-rate="1.0" complexity="0">
							<lines>
								<line number="63" hits="16" branch="true" condition-coverage="100% (2/2)">
									<conditions>
										<condition number="0" type="jump" coverage="100%"/>
									</conditions>
								</line>
								<line number="64" hits="12" branch="false"/>
							</lines>
						</method>
						<method name="isWellFormed" signature="()Z" line-rate="0.0" branch-rate="1.0" complexity="0">
							<lines>
								<line number="68" hits="0" branch="false"/>
							</lines>
						</method>
					</methods>
					<lines>
						<line number="44" hits="0" branch="false"/>
						<line number="45" hits="0" branch="false"/>
						<line number="48" hits="8" branch="false"/>
						<line number="49" hits="8" branch="false"/>
						<line number="52" hits="24" branch="false"/>
						<line number="63" hits="16" branch="true" condition-coverage="100% (2/2)">
							<conditions>
								<condition number="0" type="jump" coverage="100%"/>
							</conditions>
						</line>
						<line number="64" hits="12" branch="false"/>
						<line number="68" hits="0" branch="false"/>
					</lines>
				</class>
				<class name="org.universAAL.ontology.activityhub.ActivityHubSensor" filename="org/universAAL/ontology/activityhub/ActivityHubSensor.java" line-rate="0.2222222222222222" branch-rate="1.0" complexity="1.0">
					<methods>
						<method name="&lt;init&gt;" signature="()V" line-rate="0.0" branch-rate="1.0" complexity="0">
							<lines>
								<line number="87" hits="0" branch="false"/>
								<line number="88" hits="0" branch="false"/>
							</lines>
						</method>
						<method name="&lt;init&gt;" signature="(Ljava/lang/String;)V" line-rate="1.0" branch-rate="1.0" complexity="0">
							<lines>
								<line number="91" hits="112" branch="false"/>
								<line number="92" hits="112" branch="false"/>
							</lines>
						</method>
						<method name="getClassURI" signature="()Ljava/lang/String;" line-rate="0.0" branch-rate="1.0" complexity="0">
							<lines>
								<line number="50" hits="0" branch="false"/>
							</lines>
						</method>
						<method name="getPropSerializationType" signature="(Ljava/lang/String;)I" line-rate="0.0" branch-rate="1.0" complexity="0">
							<lines>
								<line number="65" hits="0" branch="false"/>
							</lines>
						</method>
						<method name="isWellFormed" signature="()Z" line-rate="0.0" branch-rate="1.0" complexity="0">
							<lines>
								<line number="83" hits="0" branch="false"/>
							</lines>
						</method>
						<method name="setMeasuredValue" signature="(Lorg/universAAL/ontology/activityhub/ActivityHubSensorEvent;)V" line-rate="0.0" branch-rate="1.0" complexity="0">
							<lines>
								<line number="77" hits="0" branch="false"/>
								<line number="78" hits="0" branch="false"/>
							</lines>
						</method>
					</methods>
					<lines>
						<line number="50" hits="0" branch="false"/>
						<line number="65" hits="0" branch="false"/>
						<line number="77" hits="0" branch="false"/>
						<line number="78" hits="0" branch="false"/>
						<line number="83" hits="0" branch="false"/>
						<line number="87" hits="0" branch="false"/>
						<line number="88" hits="0" branch="false"/>
						<line number="91" hits="112" branch="false"/>
						<line number="92" hits="112" branch="false"/>
					</lines>
				</class>
				<class name="org.universAAL.ontology.activityhub.ActivityHubSensorEvent" filename="org/universAAL/ontology/activityhub/ActivityHubSensorEvent.java" line-rate="0.2857142857142857" branch-rate="1.0" complexity="1.0">
					<methods>
						<method name="&lt;init&gt;" signature="()V" line-rate="0.0" branch-rate="1.0" complexity="0">
							<lines>
								<line number="37" hits="0" branch="false"/>
								<line number="38" hits="0" branch="false"/>
							</lines>
						</method>
						<method name="&lt;init&gt;" signature="(Ljava/lang/String;)V" line-rate="1.0" branch-rate="1.0" complexity="0">
							<lines>
								<line number="41" hits="36" branch="false"/>
								<line number="42" hits="36" branch="false"/>
							</lines>
						</method>
						<method name="getClassURI" signature="()Ljava/lang/String;" line-rate="0.0" branch-rate="1.0" complexity="0">
							<lines>
								<line number="46" hits="0" branch="false"/>
							</lines>
						</method>
						<method name="getPropSerializationType" signature="(Ljava/lang/String;)I" line-rate="0.0" branch-rate="1.0" complexity="0">
							<lines>
								<line number="61" hits="0" branch="false"/>
							</lines>
						</method>
						<method name="isWellFormed" signature="()Z" line-rate="0.0" branch-rate="1.0" complexity="0">
							<lines>
								<line number="67" hits="0" branch="false"/>
							</lines>
						</method>
					</methods>
					<lines>
						<line number="37" hits="0" branch="false"/>
						<line number="38" hits="0" branch="false"/>
						<line number="41" hits="36" branch="false"/>
						<line number="42" hits="36" branch="false"/>
						<line number="46" hits="0" branch="false"/>
						<line number="61" hits="0" branch="false"/>
						<line number="67" hits="0" branch="false"/>
					</lines>
				</class>
				<class name="org.universAAL.ontology.activityhub.CoSensor" filename="org/universAAL/ontology/activityhub/CoSensor.java" line-rate="0.3333333333333333" branch-rate="0.5" complexity="1.125">
					<methods>
						<method name="&lt;init&gt;" signature="()V" line-rate="0.0" branch-rate="1.0" complexity="0">
							<lines>
								<line number="53" hits="0" branch="false"/>
								<line number="55" hits="0" branch="false"/>
							</lines>
						</method>
						<method name="&lt;init&gt;" signature="(Ljava/lang/String;)V" line-rate="1.0" branch-rate="1.0" complexity="0">
							<lines>
								<line number="61" hits="8" branch="false"/>
								<line number="62" hits="8" branch="false"/>
							</lines>
						</method>
						<method name="getClassURI" signature="()Ljava/lang/String;" line-rate="1.0" branch-rate="1.0" complexity="0">
							<lines>
								<line number="85" hits="16" branch="false"/>
							</lines>
						</method>
						<method name="getMeasuredvalue" signature="()Lorg/universAAL/ontology/activityhub/EnvironmentalSensorEvent;" line-rate="0.0" branch-rate="1.0" complexity="0">
							<lines>
								<line number="77" hits="0" branch="false"/>
							</lines>
						</method>
						<method name="getPropSerializationType" signature="(Ljava/lang/String;)I" line-rate="0.5" branch-rate="0.5" complexity="0">
							<lines>
								<line number="89" hits="4" branch="true" condition-coverage="50% (1/2)">
									<conditions>
										<condition number="0" type="jump" coverage="50%"/>
									</conditions>
								</line>
								<line number="90" hits="0" branch="false"/>
							</lines>
						</method>
						<method name="getSensorType" signature="()I" line-rate="0.0" branch-rate="1.0" complexity="0">
							<lines>
								<line number="104" hits="0" branch="false"/>
							</lines>
						</method>
						<method name="isWellFormed" signature="()Z" line-rate="0.0" branch-rate="1.0" complexity="0">
							<lines>
								<line number="94" hits="0" branch="false"/>
							</lines>
						</method>
						<method name="setMeasuredValue" signature="(Lorg/universAAL/ontology/activityhub/EnvironmentalSensorEvent;)V" line-rate="0.0" branch-rate="1.0" complexity="0">
							<lines>
								<line number="73" hits="0" branch="false"/>
								<line number="74" hits="0" branch="false"/>
							</lines>
						</method>
					</methods>
					<lines>
						<line number="53" hits="0" branch="false"/>
						<line number="55" hits="0" branch="false"/>
						<line number="61" hits="8" branch="false"/>
						<line number="62" hits="8" branch="false"/>
						<line number="73" hits="0" branch="false"/>
						<line number="74" hits="0" branch="false"/>
						<line number="77" hits="0" branch="false"/>
						<line number="85" hits="16" branch="false"/>
						<line number="89" hits="4" branch="true" condition-coverage="50% (1/2)">
							<conditions>
								<condition number="0" type="jump" coverage="50%"/>
							</conditions>
						</line>
						<line number="90" hits="0" branch="false"/>
						<line number="94" hits="0" branch="false"/>
						<line number="104" hits="0" branch="false"/>
					</lines>
				</class>
				<class name="org.universAAL.ontology.activityhub.ContactClosureSensor" filename="org/universAAL/ontology/activityhub/ContactClosureSensor.java" line-rate="0.3333333333333333" branch-rate="0.5" complexity="1.125">
					<methods>
						<method name="&lt;init&gt;" signature="()V" line-rate="0.0" branch-rate="1.0" complexity="0">
							<lines>
								<line number="50" hits="0" branch="false"/>
								<line number="52" hits="0" branch="false"/>
							</lines>
						</method>
						<method name="&lt;init&gt;" signature="(Ljava/lang/String;)V" line-rate="1.0" branch-rate="1.0" complexity="0">
							<lines>
								<line number="58" hits="8" branch="false"/>
								<line number="59" hits="8" branch="false"/>
							</lines>
						</method>
						<method name="getClassURI" signature="()Ljava/lang/String;" line-rate="1.0" branch-rate="1.0" complexity="0">
							<lines>
								<line number="78" hits="16" branch="false"/>
							</lines>
						</method>
						<method name="getMeasuredvalue" signature="()Lorg/universAAL/ontology/activityhub/ContactClosureSensorEvent;" line-rate="0.0" branch-rate="1.0" complexity="0">
							<lines>
								<line number="74" hits="0" branch="false"/>
							</lines>
						</method>
						<method name="getPropSerializationType" signature="(Ljava/lang/String;)I" line-rate="0.5" branch-rate="0.5" complexity="0">
							<lines>
								<line number="82" hits="4" branch="true" condition-coverage="50% (1/2)">
									<conditions>
										<condition number="0" type="jump" coverage="50%"/>
									</conditions>
								</line>
								<line number="83" hits="0" branch="false"/>
							</lines>
						</method>
						<method name="getSensorType" signature="()I" line-rate="0.0" branch-rate="1.0" complexity="0">
							<lines>
								<line number="97" hits="0" branch="false"/>
							</lines>
						</method>
						<method name="isWellFormed" signature="()Z" line-rate="0.0" branch-rate="1.0" complexity="0">
							<lines>
								<line number="87" hits="0" branch="false"/>
							</lines>
						</method>
						<method name="setMeasuredValue" signature="(Lorg/universAAL/ontology/activityhub/ContactClosureSensorEvent;)V" line-rate="0.0" branch-rate="1.0" complexity="0">
							<lines>
								<line number="70" hits="0" branch="false"/>
								<line number="71" hits="0" branch="false"/>
							</lines>
						</method>
					</methods>
					<lines>
						<line number="50" hits="0" branch="false"/>
						<line number="52" hits="0" branch="false"/>
						<line number="58" hits="8" branch="false"/>
						<line number="59" hits="8" branch="false"/>
						<line number="70" hits="0" branch="false"/>
						<line number="71" hits="0" branch="false"/>
						<line number="74" hits="0" branch="false"/>
						<line number="78" hits="16" branch="false"/>
						<line number="82" hits="4" branch="true" condition-coverage="50% (1/2)">
							<conditions>
								<condition number="0" type="jump" coverage="50%"/>
							</conditions>
						</line>
						<line number="83" hits="0" branch="false"/>
						<line number="87" hits="0" branch="false"/>
						<line number="97" hits="0" branch="false"/>
					</lines>
				</class>
				<class name="org.universAAL.ontology.activityhub.ContactClosureSensorEvent" filename="org/universAAL/ontology/activityhub/ContactClosureSensorEvent.java" line-rate="0.35714285714285715" branch-rate="0.0" complexity="2.3333333333333335">
					<methods>
						<method name="&lt;clinit&gt;" signature="()V" line-rate="1.0" branch-rate="1.0" complexity="0">
							<lines>
								<line number="46" hits="1" branch="false"/>
								<line number="49" hits="1" branch="false"/>
								<line number="51" hits="1" branch="false"/>
								<line number="53" hits="1" branch="false"/>
							</lines>
						</method>
						<method name="&lt;init&gt;" signature="(I)V" line-rate="1.0" branch-rate="1.0" complexity="0">
							<lines>
								<line number="56" hits="3" branch="false"/>
								<line number="63" hits="3" branch="false"/>
								<line number="64" hits="3" branch="false"/>
								<line number="65" hits="3" branch="false"/>
							</lines>
						</method>
						<method name="&lt;init&gt;" signature="(Ljava/lang/String;)V" line-rate="0.0" branch-rate="1.0" complexity="0">
							<lines>
								<line number="59" hits="0" branch="false"/>
								<line number="60" hits="0" branch="false"/>
							</lines>
						</method>
						<method name="getClassURI" signature="()Ljava/lang/String;" line-rate="1.0" branch-rate="1.0" complexity="0">
							<lines>
								<line number="95" hits="15" branch="false"/>
							</lines>
						</method>
						<method name="getEventByOrder" signature="(I)Lorg/universAAL/ontology/activityhub/ContactClosureSensorEvent;" line-rate="0.0" branch-rate="0.0" complexity="0">
							<lines>
								<line number="68" hits="0" branch="true" condition-coverage="0% (0/4)">
									<conditions>
										<condition number="0" type="switch" coverage="0%"/>
									</conditions>
								</line>
								<line number="70" hits="0" branch="false"/>
								<line number="72" hits="0" branch="false"/>
								<line number="74" hits="0" branch="false"/>
								<line number="76" hits="0" branch="false"/>
							</lines>
						</method>
						<method name="getPropSerializationType" signature="(Ljava/lang/String;)I" line-rate="1.0" branch-rate="1.0" complexity="0">
							<lines>
								<line number="100" hits="3" branch="false"/>
							</lines>
						</method>
						<method name="isWellFormed" signature="()Z" line-rate="0.0" branch-rate="1.0" complexity="0">
							<lines>
								<line number="104" hits="0" branch="false"/>
							</lines>
						</method>
						<method name="name" signature="()Ljava/lang/String;" line-rate="0.0" branch-rate="1.0" complexity="0">
							<lines>
								<line number="108" hits="0" branch="false"/>
							</lines>
						</method>
						<method name="ord" signature="()I" line-rate="0.0" branch-rate="1.0" complexity="0">
							<lines>
								<line number="112" hits="0" branch="false"/>
							</lines>
						</method>
						<method name="valueOf" signature="(Ljava/lang/String;)Lorg/universAAL/ontology/activityhub/ContactClosureSensorEvent;" line-rate="0.0" branch-rate="0.0" complexity="0">
							<lines>
								<line number="81" hits="0" branch="true" condition-coverage="0% (0/2)">
									<conditions>
										<condition number="0" type="jump" coverage="0%"/>
									</conditions>
								</line>
								<line number="82" hits="0" branch="false"/>
								<line number="84" hits="0" branch="true" condition-coverage="0% (0/2)">
									<conditions>
										<condition number="0" type="jump" coverage="0%"/>
									</conditions>
								</line>
								<line number="85" hits="0" branch="false"/>
								<line number="87" hits="0" branch="true" condition-coverage="0% (0/2)">
									<conditions>
										<condition number="0" type="jump" coverage="0%"/>
									</conditions>
								</line>
								<line number="88" hits="0" branch="true" condition-coverage="0% (0/2)">
									<conditions>
										<condition number="0" type="jump" coverage="0%"/>
									</conditions>
								</line>
								<line number="89" hits="0" branch="false"/>
								<line number="91" hits="0" branch="false"/>
							</lines>
						</method>
					</methods>
					<lines>
						<line number="46" hits="1" branch="false"/>
						<line number="49" hits="1" branch="false"/>
						<line number="51" hits="1" branch="false"/>
						<line number="53" hits="1" branch="false"/>
						<line number="56" hits="3" branch="false"/>
						<line number="59" hits="0" branch="false"/>
						<line number="60" hits="0" branch="false"/>
						<line number="63" hits="3" branch="false"/>
						<line number="64" hits="3" branch="false"/>
						<line number="65" hits="3" branch="false"/>
						<line number="68" hits="0" branch="true" condition-coverage="0% (0/4)">
							<conditions>
								<condition number="0" type="switch" coverage="0%"/>
							</conditions>
						</line>
						<line number="70" hits="0" branch="false"/>
						<line number="72" hits="0" branch="false"/>
						<line number="74" hits="0" branch="false"/>
						<line number="76" hits="0" branch="false"/>
						<line number="81" hits="0" branch="true" condition-coverage="0% (0/2)">
							<conditions>
								<condition number="0" type="jump" coverage="0%"/>
							</conditions>
						</line>
						<line number="82" hits="0" branch="false"/>
						<line number="84" hits="0" branch="true" condition-coverage="0% (0/2)">
							<conditions>
								<condition number="0" type="jump" coverage="0%"/>
							</conditions>
						</line>
						<line number="85" hits="0" branch="false"/>
						<line number="87" hits="0" branch="true" condition-coverage="0% (0/2)">
							<conditions>
								<condition number="0" type="jump" coverage="0%"/>
							</conditions>
						</line>
						<line number="88" hits="0" branch="true" condition-coverage="0% (0/2)">
							<conditions>
								<condition number="0" type="jump" coverage="0%"/>
							</conditions>
						</line>
						<line number="89" hits="0" branch="false"/>
						<line number="91" hits="0" branch="false"/>
						<line number="95" hits="15" branch="false"/>
						<line number="100" hits="3" branch="false"/>
						<line number="104" hits="0" branch="false"/>
						<line number="108" hits="0" branch="false"/>
						<line number="112" hits="0" branch="false"/>
					</lines>
				</class>
				<class name="org.universAAL.ontology.activityhub.EnuresisSensor" filename="org/universAAL/ontology/activityhub/EnuresisSensor.java" line-rate="0.3333333333333333" branch-rate="0.5" complexity="1.125">
					<methods>
						<method name="&lt;init&gt;" signature="()V" line-rate="0.0" branch-rate="1.0" complexity="0">
							<lines>
								<line number="50" hits="0" branch="false"/>
								<line number="52" hits="0" branch="false"/>
							</lines>
						</method>
						<method name="&lt;init&gt;" signature="(Ljava/lang/String;)V" line-rate="1.0" branch-rate="1.0" complexity="0">
							<lines>
								<line number="58" hits="8" branch="false"/>
								<line number="59" hits="8" branch="false"/>
							</lines>
						</method>
						<method name="getClassURI" signature="()Ljava/lang/String;" line-rate="1.0" branch-rate="1.0" complexity="0">
							<lines>
								<line number="82" hits="16" branch="false"/>
							</lines>
						</method>
						<method name="getMeasuredvalue" signature="()Lorg/universAAL/ontology/activityhub/EnuresisSensorEvent;" line-rate="0.0" branch-rate="1.0" complexity="0">
							<lines>
								<line number="74" hits="0" branch="false"/>
							</lines>
						</method>
						<method name="getPropSerializationType" signature="(Ljava/lang/String;)I" line-rate="0.5" branch-rate="0.5" complexity="0">
							<lines>
								<line number="86" hits="4" branch="true" condition-coverage="50% (1/2)">
									<conditions>
										<condition number="0" type="jump" coverage="50%"/>
									</conditions>
								</line>
								<line number="87" hits="0" branch="false"/>
							</lines>
						</method>
						<method name="getSensorType" signature="()I" line-rate="0.0" branch-rate="1.0" complexity="0">
							<lines>
								<line number="101" hits="0" branch="false"/>
							</lines>
						</method>
						<method name="isWellFormed" signature="()Z" line-rate="0.0" branch-rate="1.0" complexity="0">
							<lines>
								<line number="91" hits="0" branch="false"/>
							</lines>
						</method>
						<method name="setMeasuredValue" signature="(Lorg/universAAL/ontology/activityhub/EnuresisSensorEvent;)V" line-rate="0.0" branch-rate="1.0" complexity="0">
							<lines>
								<line number="70" hits="0" branch="false"/>
								<line number="71" hits="0" branch="false"/>
							</lines>
						</method>
					</methods>
					<lines>
						<line number="50" hits="0" branch="false"/>
						<line number="52" hits="0" branch="false"/>
						<line number="58" hits="8" branch="false"/>
						<line number="59" hits="8" branch="false"/>
						<line number="70" hits="0" branch="false"/>
						<line number="71" hits="0" branch="false"/>
						<line number="74" hits="0" branch="false"/>
						<line number="82" hits="16" branch="false"/>
						<line number="86" hits="4" branch="true" condition-coverage="50% (1/2)">
							<conditions>
								<condition number="0" type="jump" coverage="50%"/>
							</conditions>
						</line>
						<line number="87" hits="0" branch="false"/>
						<line number="91" hits="0" branch="false"/>
						<line number="101" hits="0" branch="false"/>
					</lines>
				</class>
				<class name="org.universAAL.ontology.activityhub.EnuresisSensorEvent" filename="org/universAAL/ontology/activityhub/EnuresisSensorEvent.java" line-rate="0.34615384615384615" branch-rate="0.0" complexity="2.111111111111111">
					<methods>
						<method name="&lt;clinit&gt;" signature="()V" line-rate="1.0" branch-rate="1.0" complexity="0">
							<lines>
								<line number="45" hits="1" branch="false"/>
								<line number="48" hits="1" branch="false"/>
								<line number="50" hits="1" branch="false"/>
							</lines>
						</method>
						<method name="&lt;init&gt;" signature="(I)V" line-rate="1.0" branch-rate="1.0" complexity="0">
							<lines>
								<line number="53" hits="2" branch="false"/>
								<line number="60" hits="2" branch="false"/>
								<line number="61" hits="2" branch="false"/>
								<line number="62" hits="2" branch="false"/>
							</lines>
						</method>
						<method name="&lt;init&gt;" signature="(Ljava/lang/String;)V" line-rate="0.0" branch-rate="1.0" complexity="0">
							<lines>
								<line number="56" hits="0" branch="false"/>
								<line number="57" hits="0" branch="false"/>
							</lines>
						</method>
						<method name="getClassURI" signature="()Ljava/lang/String;" line-rate="1.0" branch-rate="1.0" complexity="0">
							<lines>
								<line number="90" hits="10" branch="false"/>
							</lines>
						</method>
						<method name="getEventByOrder" signature="(I)Lorg/universAAL/ontology/activityhub/EnuresisSensorEvent;" line-rate="0.0" branch-rate="0.0" complexity="0">
							<lines>
								<line number="65" hits="0" branch="true" condition-coverage="0% (0/3)">
									<conditions>
										<condition number="0" type="switch" coverage="0%"/>
									</conditions>
								</line>
								<line number="67" hits="0" branch="false"/>
								<line number="69" hits="0" branch="false"/>
								<line number="71" hits="0" branch="false"/>
							</lines>
						</method>
						<method name="getPropSerializationType" signature="(Ljava/lang/String;)I" line-rate="1.0" branch-rate="1.0" complexity="0">
							<lines>
								<line number="95" hits="2" branch="false"/>
							</lines>
						</method>
						<method name="isWellFormed" signature="()Z" line-rate="0.0" branch-rate="1.0" complexity="0">
							<lines>
								<line number="99" hits="0" branch="false"/>
							</lines>
						</method>
						<method name="name" signature="()Ljava/lang/String;" line-rate="0.0" branch-rate="1.0" complexity="0">
							<lines>
								<line number="103" hits="0" branch="false"/>
							</lines>
						</method>
						<method name="ord" signature="()I" line-rate="0.0" branch-rate="1.0" complexity="0">
							<lines>
								<line number="107" hits="0" branch="false"/>
							</lines>
						</method>
						<method name="valueOf" signature="(Ljava/lang/String;)Lorg/universAAL/ontology/activityhub/EnuresisSensorEvent;" line-rate="0.0" branch-rate="0.0" complexity="0">
							<lines>
								<line number="76" hits="0" branch="true" condition-coverage="0% (0/2)">
									<conditions>
										<condition number="0" type="jump" coverage="0%"/>
									</conditions>
								</line>
								<line number="77" hits="0" branch="false"/>
								<line number="79" hits="0" branch="true" condition-coverage="0% (0/2)">
									<conditions>
										<condition number="0" type="jump" coverage="0%"/>
									</conditions>
								</line>
								<line number="80" hits="0" branch="false"/>
								<line number="82" hits="0" branch="true" condition-coverage="0% (0/2)">
									<conditions>
										<condition number="0" type="jump" coverage="0%"/>
									</conditions>
								</line>
								<line number="83" hits="0" branch="true" condition-coverage="0% (0/2)">
									<conditions>
										<condition number="0" type="jump" coverage="0%"/>
									</conditions>
								</line>
								<line number="84" hits="0" branch="false"/>
								<line number="86" hits="0" branch="false"/>
							</lines>
						</method>
					</methods>
					<lines>
						<line number="45" hits="1" branch="false"/>
						<line number="48" hits="1" branch="false"/>
						<line number="50" hits="1" branch="false"/>
						<line number="53" hits="2" branch="false"/>
						<line number="56" hits="0" branch="false"/>
						<line number="57" hits="0" branch="false"/>
						<line number="60" hits="2" branch="false"/>
						<line number="61" hits="2" branch="false"/>
						<line number="62" hits="2" branch="false"/>
						<line number="65" hits="0" branch="true" condition-coverage="0% (0/3)">
							<conditions>
								<condition number="0" type="switch" coverage="0%"/>
							</conditions>
						</line>
						<line number="67" hits="0" branch="false"/>
						<line number="69" hits="0" branch="false"/>
						<line number="71" hits="0" branch="false"/>
						<line number="76" hits="0" branch="true" condition-coverage="0% (0/2)">
							<conditions>
								<condition number="0" type="jump" coverage="0%"/>
							</conditions>
						</line>
						<line number="77" hits="0" branch="false"/>
						<line number="79" hits="0" branch="true" condition-coverage="0% (0/2)">
							<conditions>
								<condition number="0" type="jump" coverage="0%"/>
							</conditions>
						</line>
						<line number="80" hits="0" branch="false"/>
						<line number="82" hits="0" branch="true" condition-coverage="0% (0/2)">
							<conditions>
								<condition number="0" type="jump" coverage="0%"/>
							</conditions>
						</line>
						<line number="83" hits="0" branch="true" condition-coverage="0% (0/2)">
							<conditions>
								<condition number="0" type="jump" coverage="0%"/>
							</conditions>
						</line>
						<line number="84" hits="0" branch="false"/>
						<line number="86" hits="0" branch="false"/>
						<line number="90" hits="10" branch="false"/>
						<line number="95" hits="2" branch="false"/>
						<line number="99" hits="0" branch="false"/>
						<line number="103" hits="0" branch="false"/>
						<line number="107" hits="0" branch="false"/>
					</lines>
				</class>
				<class name="org.universAAL.ontology.activityhub.EnvironmentalSensorEvent" filename="org/universAAL/ontology/activityhub/EnvironmentalSensorEvent.java" line-rate="0.34615384615384615" branch-rate="0.0" complexity="2.111111111111111">
					<methods>
						<method name="&lt;clinit&gt;" signature="()V" line-rate="1.0" branch-rate="1.0" complexity="0">
							<lines>
								<line number="48" hits="1" branch="false"/>
								<line number="51" hits="1" branch="false"/>
								<line number="53" hits="1" branch="false"/>
							</lines>
						</method>
						<method name="&lt;init&gt;" signature="(I)V" line-rate="1.0" branch-rate="1.0" complexity="0">
							<lines>
								<line number="56" hits="2" branch="false"/>
								<line number="63" hits="2" branch="false"/>
								<line number="64" hits="2" branch="false"/>
								<line number="65" hits="2" branch="false"/>
							</lines>
						</method>
						<method name="&lt;init&gt;" signature="(Ljava/lang/String;)V" line-rate="0.0" branch-rate="1.0" complexity="0">
							<lines>
								<line number="59" hits="0" branch="false"/>
								<line number="60" hits="0" branch="false"/>
							</lines>
						</method>
						<method name="getClassURI" signature="()Ljava/lang/String;" line-rate="1.0" branch-rate="1.0" complexity="0">
							<lines>
								<line number="93" hits="10" branch="false"/>
							</lines>
						</method>
						<method name="getEventByOrder" signature="(I)Lorg/universAAL/ontology/activityhub/EnvironmentalSensorEvent;" line-rate="0.0" branch-rate="0.0" complexity="0">
							<lines>
								<line number="68" hits="0" branch="true" condition-coverage="0% (0/3)">
									<conditions>
										<condition number="0" type="switch" coverage="0%"/>
									</conditions>
								</line>
								<line number="70" hits="0" branch="false"/>
								<line number="72" hits="0" branch="false"/>
								<line number="74" hits="0" branch="false"/>
							</lines>
						</method>
						<method name="getPropSerializationType" signature="(Ljava/lang/String;)I" line-rate="1.0" branch-rate="1.0" complexity="0">
							<lines>
								<line number="98" hits="2" branch="false"/>
							</lines>
						</method>
						<method name="isWellFormed" signature="()Z" line-rate="0.0" branch-rate="1.0" complexity="0">
							<lines>
								<line number="102" hits="0" branch="false"/>
							</lines>
						</method>
						<method name="name" signature="()Ljava/lang/String;" line-rate="0.0" branch-rate="1.0" complexity="0">
							<lines>
								<line number="106" hits="0" branch="false"/>
							</lines>
						</method>
						<method name="ord" signature="()I" line-rate="0.0" branch-rate="1.0" complexity="0">
							<lines>
								<line number="110" hits="0" branch="false"/>
							</lines>
						</method>
						<method name="valueOf" signature="(Ljava/lang/String;)Lorg/universAAL/ontology/activityhub/EnvironmentalSensorEvent;" line-rate="0.0" branch-rate="0.0" complexity="0">
							<lines>
								<line number="79" hits="0" branch="true" condition-coverage="0% (0/2)">
									<conditions>
										<condition number="0" type="jump" coverage="0%"/>
									</conditions>
								</line>
								<line number="80" hits="0" branch="false"/>
								<line number="82" hits="0" branch="true" condition-coverage="0% (0/2)">
									<conditions>
										<condition number="0" type="jump" coverage="0%"/>
									</conditions>
								</line>
								<line number="83" hits="0" branch="false"/>
								<line number="85" hits="0" branch="true" condition-coverage="0% (0/2)">
									<conditions>
										<condition number="0" type="jump" coverage="0%"/>
									</conditions>
								</line>
								<line number="86" hits="0" branch="true" condition-coverage="0% (0/2)">
									<conditions>
										<condition number="0" type="jump" coverage="0%"/>
									</conditions>
								</line>
								<line number="87" hits="0" branch="false"/>
								<line number="89" hits="0" branch="false"/>
							</lines>
						</method>
					</methods>
					<lines>
						<line number="48" hits="1" branch="false"/>
						<line number="51" hits="1" branch="false"/>
						<line number="53" hits="1" branch="false"/>
						<line number="56" hits="2" branch="false"/>
						<line number="59" hits="0" branch="false"/>
						<line number="60" hits="0" branch="false"/>
						<line number="63" hits="2" branch="false"/>
						<line number="64" hits="2" branch="false"/>
						<line number="65" hits="2" branch="false"/>
						<line number="68" hits="0" branch="true" condition-coverage="0% (0/3)">
							<conditions>
								<condition number="0" type="switch" coverage="0%"/>
							</conditions>
						</line>
						<line number="70" hits="0" branch="false"/>
						<line number="72" hits="0" branch="false"/>
						<line number="74" hits="0" branch="false"/>
						<line number="79" hits="0" branch="true" condition-coverage="0% (0/2)">
							<conditions>
								<condition number="0" type="jump" coverage="0%"/>
							</conditions>
						</line>
						<line number="80" hits="0" branch="false"/>
						<line number="82" hits="0" branch="true" condition-coverage="0% (0/2)">
							<conditions>
								<condition number="0" type="jump" coverage="0%"/>
							</conditions>
						</line>
						<line number="83" hits="0" branch="false"/>
						<line number="85" hits="0" branch="true" condition-coverage="0% (0/2)">
							<conditions>
								<condition number="0" type="jump" coverage="0%"/>
							</conditions>
						</line>
						<line number="86" hits="0" branch="true" condition-coverage="0% (0/2)">
							<conditions>
								<condition number="0" type="jump" coverage="0%"/>
							</conditions>
						</line>
						<line number="87" hits="0" branch="false"/>
						<line number="89" hits="0" branch="false"/>
						<line number="93" hits="10" branch="false"/>
						<line number="98" hits="2" branch="false"/>
						<line number="102" hits="0" branch="false"/>
						<line number="106" hits="0" branch="false"/>
						<line number="110" hits="0" branch="false"/>
					</lines>
				</class>
				<class name="org.universAAL.ontology.activityhub.FallSensor" filename="org/universAAL/ontology/activityhub/FallSensor.java" line-rate="0.3333333333333333" branch-rate="0.5" complexity="1.125">
					<methods>
						<method name="&lt;init&gt;" signature="()V" line-rate="0.0" branch-rate="1.0" complexity="0">
							<lines>
								<line number="49" hits="0" branch="false"/>
								<line number="51" hits="0" branch="false"/>
							</lines>
						</method>
						<method name="&lt;init&gt;" signature="(Ljava/lang/String;)V" line-rate="1.0" branch-rate="1.0" complexity="0">
							<lines>
								<line number="57" hits="8" branch="false"/>
								<line number="58" hits="8" branch="false"/>
							</lines>
						</method>
						<method name="getClassURI" signature="()Ljava/lang/String;" line-rate="1.0" branch-rate="1.0" complexity="0">
							<lines>
								<line number="81" hits="16" branch="false"/>
							</lines>
						</method>
						<method name="getMeasuredvalue" signature="()Lorg/universAAL/ontology/activityhub/FallSensorEvent;" line-rate="0.0" branch-rate="1.0" complexity="0">
							<lines>
								<line number="73" hits="0" branch="false"/>
							</lines>
						</method>
						<method name="getPropSerializationType" signature="(Ljava/lang/String;)I" line-rate="0.5" branch-rate="0.5" complexity="0">
							<lines>
								<line number="85" hits="4" branch="true" condition-coverage="50% (1/2)">
									<conditions>
										<condition number="0" type="jump" coverage="50%"/>
									</conditions>
								</line>
								<line number="86" hits="0" branch="false"/>
							</lines>
						</method>
						<method name="getSensorType" signature="()I" line-rate="0.0" branch-rate="1.0" complexity="0">
							<lines>
								<line number="100" hits="0" branch="false"/>
							</lines>
						</method>
						<method name="isWellFormed" signature="()Z" line-rate="0.0" branch-rate="1.0" complexity="0">
							<lines>
								<line number="90" hits="0" branch="false"/>
							</lines>
						</method>
						<method name="setMeasuredValue" signature="(Lorg/universAAL/ontology/activityhub/FallSensorEvent;)V" line-rate="0.0" branch-rate="1.0" complexity="0">
							<lines>
								<line number="69" hits="0" branch="false"/>
								<line number="70" hits="0" branch="false"/>
							</lines>
						</method>
					</methods>
					<lines>
						<line number="49" hits="0" branch="false"/>
						<line number="51" hits="0" branch="false"/>
						<line number="57" hits="8" branch="false"/>
						<line number="58" hits="8" branch="false"/>
						<line number="69" hits="0" branch="false"/>
						<line number="70" hits="0" branch="false"/>
						<line number="73" hits="0" branch="false"/>
						<line number="81" hits="16" branch="false"/>
						<line number="85" hits="4" branch="true" condition-coverage="50% (1/2)">
							<conditions>
								<condition number="0" type="jump" coverage="50%"/>
							</conditions>
						</line>
						<line number="86" hits="0" branch="false"/>
						<line number="90" hits="0" branch="false"/>
						<line number="100" hits="0" branch="false"/>
					</lines>
				</class>
				<class name="org.universAAL.ontology.activityhub.FallSensorEvent" filename="org/universAAL/ontology/activityhub/FallSensorEvent.java" line-rate="0.34615384615384615" branch-rate="0.0" complexity="2.111111111111111">
					<methods>
						<method name="&lt;clinit&gt;" signature="()V" line-rate="1.0" branch-rate="1.0" complexity="0">
							<lines>
								<line number="44" hits="1" branch="false"/>
								<line number="47" hits="1" branch="false"/>
								<line number="49" hits="1" branch="false"/>
							</lines>
						</method>
						<method name="&lt;init&gt;" signature="(I)V" line-rate="1.0" branch-rate="1.0" complexity="0">
							<lines>
								<line number="52" hits="2" branch="false"/>
								<line number="59" hits="2" branch="false"/>
								<line number="60" hits="2" branch="false"/>
								<line number="61" hits="2" branch="false"/>
							</lines>
						</method>
						<method name="&lt;init&gt;" signature="(Ljava/lang/String;)V" line-rate="0.0" branch-rate="1.0" complexity="0">
							<lines>
								<line number="55" hits="0" branch="false"/>
								<line number="56" hits="0" branch="false"/>
							</lines>
						</method>
						<method name="getClassURI" signature="()Ljava/lang/String;" line-rate="1.0" branch-rate="1.0" complexity="0">
							<lines>
								<line number="89" hits="10" branch="false"/>
							</lines>
						</method>
						<method name="getEventByOrder" signature="(I)Lorg/universAAL/ontology/activityhub/FallSensorEvent;" line-rate="0.0" branch-rate="0.0" complexity="0">
							<lines>
								<line number="64" hits="0" branch="true" condition-coverage="0% (0/3)">
									<conditions>
										<condition number="0" type="switch" coverage="0%"/>
									</conditions>
								</line>
								<line number="66" hits="0" branch="false"/>
								<line number="68" hits="0" branch="false"/>
								<line number="70" hits="0" branch="false"/>
							</lines>
						</method>
						<method name="getPropSerializationType" signature="(Ljava/lang/String;)I" line-rate="1.0" branch-rate="1.0" complexity="0">
							<lines>
								<line number="94" hits="2" branch="false"/>
							</lines>
						</method>
						<method name="isWellFormed" signature="()Z" line-rate="0.0" branch-rate="1.0" complexity="0">
							<lines>
								<line number="98" hits="0" branch="false"/>
							</lines>
						</method>
						<method name="name" signature="()Ljava/lang/String;" line-rate="0.0" branch-rate="1.0" complexity="0">
							<lines>
								<line number="102" hits="0" branch="false"/>
							</lines>
						</method>
						<method name="ord" signature="()I" line-rate="0.0" branch-rate="1.0" complexity="0">
							<lines>
								<line number="106" hits="0" branch="false"/>
							</lines>
						</method>
						<method name="valueOf" signature="(Ljava/lang/String;)Lorg/universAAL/ontology/activityhub/FallSensorEvent;" line-rate="0.0" branch-rate="0.0" complexity="0">
							<lines>
								<line number="75" hits="0" branch="true" condition-coverage="0% (0/2)">
									<conditions>
										<condition number="0" type="jump" coverage="0%"/>
									</conditions>
								</line>
								<line number="76" hits="0" branch="false"/>
								<line number="78" hits="0" branch="true" condition-coverage="0% (0/2)">
									<conditions>
										<condition number="0" type="jump" coverage="0%"/>
									</conditions>
								</line>
								<line number="79" hits="0" branch="false"/>
								<line number="81" hits="0" branch="true" condition-coverage="0% (0/2)">
									<conditions>
										<condition number="0" type="jump" coverage="0%"/>
									</conditions>
								</line>
								<line number="82" hits="0" branch="true" condition-coverage="0% (0/2)">
									<conditions>
										<condition number="0" type="jump" coverage="0%"/>
									</conditions>
								</line>
								<line number="83" hits="0" branch="false"/>
								<line number="85" hits="0" branch="false"/>
							</lines>
						</method>
					</methods>
					<lines>
						<line number="44" hits="1" branch="false"/>
						<line number="47" hits="1" branch="false"/>
						<line number="49" hits="1" branch="false"/>
						<line number="52" hits="2" branch="false"/>
						<line number="55" hits="0" branch="false"/>
						<line number="56" hits="0" branch="false"/>
						<line number="59" hits="2" branch="false"/>
						<line number="60" hits="2" branch="false"/>
						<line number="61" hits="2" branch="false"/>
						<line number="64" hits="0" branch="true" condition-coverage="0% (0/3)">
							<conditions>
								<condition number="0" type="switch" coverage="0%"/>
							</conditions>
						</line>
						<line number="66" hits="0" branch="false"/>
						<line number="68" hits="0" branch="false"/>
						<line number="70" hits="0" branch="false"/>
						<line number="75" hits="0" branch="true" condition-coverage="0% (0/2)">
							<conditions>
								<condition number="0" type="jump" coverage="0%"/>
							</conditions>
						</line>
						<line number="76" hits="0" branch="false"/>
						<line number="78" hits="0" branch="true" condition-coverage="0% (0/2)">
							<conditions>
								<condition number="0" type="jump" coverage="0%"/>
							</conditions>
						</line>
						<line number="79" hits="0" branch="false"/>
						<line number="81" hits="0" branch="true" condition-coverage="0% (0/2)">
							<conditions>
								<condition number="0" type="jump" coverage="0%"/>
							</conditions>
						</line>
						<line number="82" hits="0" branch="true" condition-coverage="0% (0/2)">
							<conditions>
								<condition number="0" type="jump" coverage="0%"/>
							</conditions>
						</line>
						<line number="83" hits="0" branch="false"/>
						<line number="85" hits="0" branch="false"/>
						<line number="89" hits="10" branch="false"/>
						<line number="94" hits="2" branch="false"/>
						<line number="98" hits="0" branch="false"/>
						<line number="102" hits="0" branch="false"/>
						<line number="106" hits="0" branch="false"/>
					</lines>
				</class>
				<class name="org.universAAL.ontology.activityhub.GasSensor" filename="org/universAAL/ontology/activityhub/GasSensor.java" line-rate="0.3333333333333333" branch-rate="0.5" complexity="1.125">
					<methods>
						<method name="&lt;init&gt;" signature="()V" line-rate="0.0" branch-rate="1.0" complexity="0">
							<lines>
								<line number="52" hits="0" branch="false"/>
								<line number="54" hits="0" branch="false"/>
							</lines>
						</method>
						<method name="&lt;init&gt;" signature="(Ljava/lang/String;)V" line-rate="1.0" branch-rate="1.0" complexity="0">
							<lines>
								<line number="60" hits="8" branch="false"/>
								<line number="61" hits="8" branch="false"/>
							</lines>
						</method>
						<method name="getClassURI" signature="()Ljava/lang/String;" line-rate="1.0" branch-rate="1.0" complexity="0">
							<lines>
								<line number="84" hits="16" branch="false"/>
							</lines>
						</method>
						<method name="getMeasuredvalue" signature="()Lorg/universAAL/ontology/activityhub/EnvironmentalSensorEvent;" line-rate="0.0" branch-rate="1.0" complexity="0">
							<lines>
								<line number="76" hits="0" branch="false"/>
							</lines>
						</method>
						<method name="getPropSerializationType" signature="(Ljava/lang/String;)I" line-rate="0.5" branch-rate="0.5" complexity="0">
							<lines>
								<line number="88" hits="4" branch="true" condition-coverage="50% (1/2)">
									<conditions>
										<condition number="0" type="jump" coverage="50%"/>
									</conditions>
								</line>
								<line number="89" hits="0" branch="false"/>
							</lines>
						</method>
						<method name="getSensorType" signature="()I" line-rate="0.0" branch-rate="1.0" complexity="0">
							<lines>
								<line number="103" hits="0" branch="false"/>
							</lines>
						</method>
						<method name="isWellFormed" signature="()Z" line-rate="0.0" branch-rate="1.0" complexity="0">
							<lines>
								<line number="93" hits="0" branch="false"/>
							</lines>
						</method>
						<method name="setMeasuredValue" signature="(Lorg/universAAL/ontology/activityhub/EnvironmentalSensorEvent;)V" line-rate="0.0" branch-rate="1.0" complexity="0">
							<lines>
								<line number="72" hits="0" branch="false"/>
								<line number="73" hits="0" branch="false"/>
							</lines>
						</method>
					</methods>
					<lines>
						<line number="52" hits="0" branch="false"/>
						<line number="54" hits="0" branch="false"/>
						<line number="60" hits="8" branch="false"/>
						<line number="61" hits="8" branch="false"/>
						<line number="72" hits="0" branch="false"/>
						<line number="73" hits="0" branch="false"/>
						<line number="76" hits="0" branch="false"/>
						<line number="84" hits="16" branch="false"/>
						<line number="88" hits="4" branch="true" condition-coverage="50% (1/2)">
							<conditions>
								<condition number="0" type="jump" coverage="50%"/>
							</conditions>
						</line>
						<line number="89" hits="0" branch="false"/>
						<line number="93" hits="0" branch="false"/>
						<line number="103" hits="0" branch="false"/>
					</lines>
				</class>
				<class name="org.universAAL.ontology.activityhub.MedicationDosageSensor" filename="org/universAAL/ontology/activityhub/MedicationDosageSensor.java" line-rate="0.3333333333333333" branch-rate="0.5" complexity="1.125">
					<methods>
						<method name="&lt;init&gt;" signature="()V" line-rate="0.0" branch-rate="1.0" complexity="0">
							<lines>
								<line number="50" hits="0" branch="false"/>
								<line number="52" hits="0" branch="false"/>
							</lines>
						</method>
						<method name="&lt;init&gt;" signature="(Ljava/lang/String;)V" line-rate="1.0" branch-rate="1.0" complexity="0">
							<lines>
								<line number="58" hits="8" branch="false"/>
								<line number="59" hits="8" branch="false"/>
							</lines>
						</method>
						<method name="getClassURI" signature="()Ljava/lang/String;" line-rate="1.0" branch-rate="1.0" complexity="0">
							<lines>
								<line number="82" hits="16" branch="false"/>
							</lines>
						</method>
						<method name="getMeasuredvalue" signature="()Lorg/universAAL/ontology/activityhub/MedicationDosageSensorEvent;" line-rate="0.0" branch-rate="1.0" complexity="0">
							<lines>
								<line number="74" hits="0" branch="false"/>
							</lines>
						</method>
						<method name="getPropSerializationType" signature="(Ljava/lang/String;)I" line-rate="0.5" branch-rate="0.5" complexity="0">
							<lines>
								<line number="86" hits="4" branch="true" condition-coverage="50% (1/2)">
									<conditions>
										<condition number="0" type="jump" coverage="50%"/>
									</conditions>
								</line>
								<line number="87" hits="0" branch="false"/>
							</lines>
						</method>
						<method name="getSensorType" signature="()I" line-rate="0.0" branch-rate="1.0" complexity="0">
							<lines>
								<line number="101" hits="0" branch="false"/>
							</lines>
						</method>
						<method name="isWellFormed" signature="()Z" line-rate="0.0" branch-rate="1.0" complexity="0">
							<lines>
								<line number="91" hits="0" branch="false"/>
							</lines>
						</method>
						<method name="setMeasuredValue" signature="(Lorg/universAAL/ontology/activityhub/MedicationDosageSensorEvent;)V" line-rate="0.0" branch-rate="1.0" complexity="0">
							<lines>
								<line number="70" hits="0" branch="false"/>
								<line number="71" hits="0" branch="false"/>
							</lines>
						</method>
					</methods>
					<lines>
						<line number="50" hits="0" branch="false"/>
						<line number="52" hits="0" branch="false"/>
						<line number="58" hits="8" branch="false"/>
						<line number="59" hits="8" branch="false"/>
						<line number="70" hits="0" branch="false"/>
						<line number="71" hits="0" branch="false"/>
						<line number="74" hits="0" branch="false"/>
						<line number="82" hits="16" branch="false"/>
						<line number="86" hits="4" branch="true" condition-coverage="50% (1/2)">
							<conditions>
								<condition number="0" type="jump" coverage="50%"/>
							</conditions>
						</line>
						<line number="87" hits="0" branch="false"/>
						<line number="91" hits="0" branch="false"/>
						<line number="101" hits="0" branch="false"/>
					</lines>
				</class>
				<class name="org.universAAL.ontology.activityhub.MedicationDosageSensorEvent" filename="org/universAAL/ontology/activityhub/MedicationDosageSensorEvent.java" line-rate="0.35714285714285715" branch-rate="0.0" complexity="2.3333333333333335">
					<methods>
						<method name="&lt;clinit&gt;" signature="()V" line-rate="1.0" branch-rate="1.0" complexity="0">
							<lines>
								<line number="46" hits="1" branch="false"/>
								<line number="49" hits="1" branch="false"/>
								<line number="51" hits="1" branch="false"/>
								<line number="53" hits="1" branch="false"/>
							</lines>
						</method>
						<method name="&lt;init&gt;" signature="(I)V" line-rate="1.0" branch-rate="1.0" complexity="0">
							<lines>
								<line number="56" hits="3" branch="false"/>
								<line number="63" hits="3" branch="false"/>
								<line number="64" hits="3" branch="false"/>
								<line number="65" hits="3" branch="false"/>
							</lines>
						</method>
						<method name="&lt;init&gt;" signature="(Ljava/lang/String;)V" line-rate="0.0" branch-rate="1.0" complexity="0">
							<lines>
								<line number="59" hits="0" branch="false"/>
								<line number="60" hits="0" branch="false"/>
							</lines>
						</method>
						<method name="getClassURI" signature="()Ljava/lang/String;" line-rate="1.0" branch-rate="1.0" complexity="0">
							<lines>
								<line number="95" hits="15" branch="false"/>
							</lines>
						</method>
						<method name="getEventByOrder" signature="(I)Lorg/universAAL/ontology/activityhub/MedicationDosageSensorEvent;" line-rate="0.0" branch-rate="0.0" complexity="0">
							<lines>
								<line number="68" hits="0" branch="true" condition-coverage="0% (0/4)">
									<conditions>
										<condition number="0" type="switch" coverage="0%"/>
									</conditions>
								</line>
								<line number="70" hits="0" branch="false"/>
								<line number="72" hits="0" branch="false"/>
								<line number="74" hits="0" branch="false"/>
								<line number="76" hits="0" branch="false"/>
							</lines>
						</method>
						<method name="getPropSerializationType" signature="(Ljava/lang/String;)I" line-rate="1.0" branch-rate="1.0" complexity="0">
							<lines>
								<line number="100" hits="3" branch="false"/>
							</lines>
						</method>
						<method name="isWellFormed" signature="()Z" line-rate="0.0" branch-rate="1.0" complexity="0">
							<lines>
								<line number="104" hits="0" branch="false"/>
							</lines>
						</method>
						<method name="name" signature="()Ljava/lang/String;" line-rate="0.0" branch-rate="1.0" complexity="0">
							<lines>
								<line number="108" hits="0" branch="false"/>
							</lines>
						</method>
						<method name="ord" signature="()I" line-rate="0.0" branch-rate="1.0" complexity="0">
							<lines>
								<line number="112" hits="0" branch="false"/>
							</lines>
						</method>
						<method name="valueOf" signature="(Ljava/lang/String;)Lorg/universAAL/ontology/activityhub/MedicationDosageSensorEvent;" line-rate="0.0" branch-rate="0.0" complexity="0">
							<lines>
								<line number="81" hits="0" branch="true" condition-coverage="0% (0/2)">
									<conditions>
										<condition number="0" type="jump" coverage="0%"/>
									</conditions>
								</line>
								<line number="82" hits="0" branch="false"/>
								<line number="84" hits="0" branch="true" condition-coverage="0% (0/2)">
									<conditions>
										<condition number="0" type="jump" coverage="0%"/>
									</conditions>
								</line>
								<line number="85" hits="0" branch="false"/>
								<line number="87" hits="0" branch="true" condition-coverage="0% (0/2)">
									<conditions>
										<condition number="0" type="jump" coverage="0%"/>
									</conditions>
								</line>
								<line number="88" hits="0" branch="true" condition-coverage="0% (0/2)">
									<conditions>
										<condition number="0" type="jump" coverage="0%"/>
									</conditions>
								</line>
								<line number="89" hits="0" branch="false"/>
								<line number="91" hits="0" branch="false"/>
							</lines>
						</method>
					</methods>
					<lines>
						<line number="46" hits="1" branch="false"/>
						<line number="49" hits="1" branch="false"/>
						<line number="51" hits="1" branch="false"/>
						<line number="53" hits="1" branch="false"/>
						<line number="56" hits="3" branch="false"/>
						<line number="59" hits="0" branch="false"/>
						<line number="60" hits="0" branch="false"/>
						<line number="63" hits="3" branch="false"/>
						<line number="64" hits="3" branch="false"/>
						<line number="65" hits="3" branch="false"/>
						<line number="68" hits="0" branch="true" condition-coverage="0% (0/4)">
							<conditions>
								<condition number="0" type="switch" coverage="0%"/>
							</conditions>
						</line>
						<line number="70" hits="0" branch="false"/>
						<line number="72" hits="0" branch="false"/>
						<line number="74" hits="0" branch="false"/>
						<line number="76" hits="0" branch="false"/>
						<line number="81" hits="0" branch="true" condition-coverage="0% (0/2)">
							<conditions>
								<condition number="0" type="jump" coverage="0%"/>
							</conditions>
						</line>
						<line number="82" hits="0" branch="false"/>
						<line number="84" hits="0" branch="true" condition-coverage="0% (0/2)">
							<conditions>
								<condition number="0" type="jump" coverage="0%"/>
							</conditions>
						</line>
						<line number="85" hits="0" branch="false"/>
						<line number="87" hits="0" branch="true" condition-coverage="0% (0/2)">
							<conditions>
								<condition number="0" type="jump" coverage="0%"/>
							</conditions>
						</line>
[...]
						<line number="93" hits="0" branch="false"/>
						<line number="95" hits="0" branch="false"/>
						<line number="100" hits="0" branch="true" condition-coverage="0% (0/2)">
							<conditions>
								<condition number="0" type="jump" coverage="0%"/>
							</conditions>
						</line>
						<line number="101" hits="0" branch="false"/>
						<line number="103" hits="0" branch="true" condition-coverage="0% (0/2)">
							<conditions>
								<condition number="0" type="jump" coverage="0%"/>
							</conditions>
						</line>
						<line number="104" hits="0" branch="false"/>
						<line number="106" hits="0" branch="true" condition-coverage="0% (0/2)">
							<conditions>
								<condition number="0" type="jump" coverage="0%"/>
							</conditions>
						</line>
						<line number="107" hits="0" branch="true" condition-coverage="0% (0/2)">
							<conditions>
								<condition number="0" type="jump" coverage="0%"/>
							</conditions>
						</line>
						<line number="108" hits="0" branch="false"/>
						<line number="110" hits="0" branch="false"/>
						<line number="114" hits="30" branch="false"/>
						<line number="119" hits="6" branch="false"/>
						<line number="123" hits="0" branch="false"/>
						<line number="127" hits="0" branch="false"/>
						<line number="131" hits="0" branch="false"/>
					</lines>
				</class>
				<class name="org.universAAL.ontology.activityhub.WaterSensor" filename="org/universAAL/ontology/activityhub/WaterSensor.java" line-rate="0.3333333333333333" branch-rate="0.5" complexity="1.125">
					<methods>
						<method name="&lt;init&gt;" signature="()V" line-rate="0.0" branch-rate="1.0" complexity="0">
							<lines>
								<line number="52" hits="0" branch="false"/>
								<line number="54" hits="0" branch="false"/>
							</lines>
						</method>
						<method name="&lt;init&gt;" signature="(Ljava/lang/String;)V" line-rate="1.0" branch-rate="1.0" complexity="0">
							<lines>
								<line number="60" hits="8" branch="false"/>
								<line number="61" hits="8" branch="false"/>
							</lines>
						</method>
						<method name="getClassURI" signature="()Ljava/lang/String;" line-rate="1.0" branch-rate="1.0" complexity="0">
							<lines>
								<line number="84" hits="16" branch="false"/>
							</lines>
						</method>
						<method name="getMeasuredvalue" signature="()Lorg/universAAL/ontology/activityhub/EnvironmentalSensorEvent;" line-rate="0.0" branch-rate="1.0" complexity="0">
							<lines>
								<line number="76" hits="0" branch="false"/>
							</lines>
						</method>
						<method name="getPropSerializationType" signature="(Ljava/lang/String;)I" line-rate="0.5" branch-rate="0.5" complexity="0">
							<lines>
								<line number="88" hits="4" branch="true" condition-coverage="50% (1/2)">
									<conditions>
										<condition number="0" type="jump" coverage="50%"/>
									</conditions>
								</line>
								<line number="89" hits="0" branch="false"/>
							</lines>
						</method>
						<method name="getSensorType" signature="()I" line-rate="0.0" branch-rate="1.0" complexity="0">
							<lines>
								<line number="103" hits="0" branch="false"/>
							</lines>
						</method>
						<method name="isWellFormed" signature="()Z" line-rate="0.0" branch-rate="1.0" complexity="0">
							<lines>
								<line number="93" hits="0" branch="false"/>
							</lines>
						</method>
						<method name="setMeasuredValue" signature="(Lorg/universAAL/ontology/activityhub/EnvironmentalSensorEvent;)V" line-rate="0.0" branch-rate="1.0" complexity="0">
							<lines>
								<line number="72" hits="0" branch="false"/>
								<line number="73" hits="0" branch="false"/>
							</lines>
						</method>
					</methods>
					<lines>
						<line number="52" hits="0" branch="false"/>
						<line number="54" hits="0" branch="false"/>
						<line number="60" hits="8" branch="false"/>
						<line number="61" hits="8" branch="false"/>
						<line number="72" hits="0" branch="false"/>
						<line number="73" hits="0" branch="false"/>
						<line number="76" hits="0" branch="false"/>
						<line number="84" hits="16" branch="false"/>
						<line number="88" hits="4" branch="true" condition-coverage="50% (1/2)">
							<conditions>
								<condition number="0" type="jump" coverage="50%"/>
							</conditions>
						</line>
						<line number="89" hits="0" branch="false"/>
						<line number="93" hits="0" branch="false"/>
						<line number="103" hits="0" branch="false"/>
					</lines>
				</class>
			</classes>
		</package>
		<package name="org.universAAL.ontology.activityhub.ext" line-rate="0.3611111111111111" branch-rate="0.0" complexity="1.625">
			<classes>
				<class name="org.universAAL.ontology.activityhub.ext.AdaptorPlugActuator" filename="org/universAAL/ontology/activityhub/ext/AdaptorPlugActuator.java" line-rate="0.4" branch-rate="1.0" complexity="1.0">
					<methods>
						<method name="&lt;init&gt;" signature="()V" line-rate="0.0" branch-rate="1.0" complexity="0">
							<lines>
								<line number="44" hits="0" branch="false"/>
								<line number="45" hits="0" branch="false"/>
							</lines>
						</method>
						<method name="&lt;init&gt;" signature="(Ljava/lang/String;)V" line-rate="1.0" branch-rate="1.0" complexity="0">
							<lines>
								<line number="48" hits="8" branch="false"/>
								<line number="49" hits="8" branch="false"/>
							</lines>
						</method>
						<method name="getClassURI" signature="()Ljava/lang/String;" line-rate="1.0" branch-rate="1.0" complexity="0">
							<lines>
								<line number="72" hits="16" branch="false"/>
							</lines>
						</method>
						<method name="getPropSerializationType" signature="(Ljava/lang/String;)I" line-rate="1.0" branch-rate="1.0" complexity="0">
							<lines>
								<line number="77" hits="4" branch="false"/>
							</lines>
						</method>
						<method name="getStatus" signature="()Lorg/universAAL/ontology/activityhub/ext/AdaptorPlugActuatorEvent;" line-rate="0.0" branch-rate="1.0" complexity="0">
							<lines>
								<line number="64" hits="0" branch="false"/>
							</lines>
						</method>
						<method name="isWellFormed" signature="()Z" line-rate="0.0" branch-rate="1.0" complexity="0">
							<lines>
								<line number="81" hits="0" branch="false"/>
							</lines>
						</method>
						<method name="setStatus" signature="(Lorg/universAAL/ontology/activityhub/ext/AdaptorPlugActuatorEvent;)V" line-rate="0.0" branch-rate="1.0" complexity="0">
							<lines>
								<line number="60" hits="0" branch="false"/>
								<line number="61" hits="0" branch="false"/>
							</lines>
						</method>
					</methods>
					<lines>
						<line number="44" hits="0" branch="false"/>
						<line number="45" hits="0" branch="false"/>
						<line number="48" hits="8" branch="false"/>
						<line number="49" hits="8" branch="false"/>
						<line number="60" hits="0" branch="false"/>
						<line number="61" hits="0" branch="false"/>
						<line number="64" hits="0" branch="false"/>
						<line number="72" hits="16" branch="false"/>
						<line number="77" hits="4" branch="false"/>
						<line number="81" hits="0" branch="false"/>
					</lines>
				</class>
				<class name="org.universAAL.ontology.activityhub.ext.AdaptorPlugActuatorEvent" filename="org/universAAL/ontology/activityhub/ext/AdaptorPlugActuatorEvent.java" line-rate="0.34615384615384615" branch-rate="0.0" complexity="2.111111111111111">
					<methods>
						<method name="&lt;clinit&gt;" signature="()V" line-rate="1.0" branch-rate="1.0" complexity="0">
							<lines>
								<line number="46" hits="1" branch="false"/>
								<line number="48" hits="1" branch="false"/>
								<line number="50" hits="1" branch="false"/>
							</lines>
						</method>
						<method name="&lt;init&gt;" signature="(I)V" line-rate="1.0" branch-rate="1.0" complexity="0">
							<lines>
								<line number="53" hits="2" branch="false"/>
								<line number="60" hits="2" branch="false"/>
								<line number="61" hits="2" branch="false"/>
								<line number="62" hits="2" branch="false"/>
							</lines>
						</method>
						<method name="&lt;init&gt;" signature="(Ljava/lang/String;)V" line-rate="0.0" branch-rate="1.0" complexity="0">
							<lines>
								<line number="56" hits="0" branch="false"/>
								<line number="57" hits="0" branch="false"/>
							</lines>
						</method>
						<method name="getClassURI" signature="()Ljava/lang/String;" line-rate="1.0" branch-rate="1.0" complexity="0">
							<lines>
								<line number="90" hits="10" branch="false"/>
							</lines>
						</method>
						<method name="getEventByOrder" signature="(I)Lorg/universAAL/ontology/activityhub/ext/AdaptorPlugActuatorEvent;" line-rate="0.0" branch-rate="0.0" complexity="0">
							<lines>
								<line number="65" hits="0" branch="true" condition-coverage="0% (0/3)">
									<conditions>
										<condition number="0" type="switch" coverage="0%"/>
									</conditions>
								</line>
								<line number="67" hits="0" branch="false"/>
								<line number="69" hits="0" branch="false"/>
								<line number="71" hits="0" branch="false"/>
							</lines>
						</method>
						<method name="getPropSerializationType" signature="(Ljava/lang/String;)I" line-rate="1.0" branch-rate="1.0" complexity="0">
							<lines>
								<line number="95" hits="2" branch="false"/>
							</lines>
						</method>
						<method name="isWellFormed" signature="()Z" line-rate="0.0" branch-rate="1.0" complexity="0">
							<lines>
								<line number="99" hits="0" branch="false"/>
							</lines>
						</method>
						<method name="name" signature="()Ljava/lang/String;" line-rate="0.0" branch-rate="1.0" complexity="0">
							<lines>
								<line number="103" hits="0" branch="false"/>
							</lines>
						</method>
						<method name="ord" signature="()I" line-rate="0.0" branch-rate="1.0" complexity="0">
							<lines>
								<line number="107" hits="0" branch="false"/>
							</lines>
						</method>
						<method name="valueOf" signature="(Ljava/lang/String;)Lorg/universAAL/ontology/activityhub/ext/AdaptorPlugActuatorEvent;" line-rate="0.0" branch-rate="0.0" complexity="0">
							<lines>
								<line number="76" hits="0" branch="true" condition-coverage="0% (0/2)">
									<conditions>
										<condition number="0" type="jump" coverage="0%"/>
									</conditions>
								</line>
								<line number="77" hits="0" branch="false"/>
								<line number="79" hits="0" branch="true" condition-coverage="0% (0/2)">
									<conditions>
										<condition number="0" type="jump" coverage="0%"/>
									</conditions>
								</line>
								<line number="80" hits="0" branch="false"/>
								<line number="82" hits="0" branch="true" condition-coverage="0% (0/2)">
									<conditions>
										<condition number="0" type="jump" coverage="0%"/>
									</conditions>
								</line>
								<line number="83" hits="0" branch="true" condition-coverage="0% (0/2)">
									<conditions>
										<condition number="0" type="jump" coverage="0%"/>
									</conditions>
								</line>
								<line number="84" hits="0" branch="false"/>
								<line number="86" hits="0" branch="false"/>
							</lines>
						</method>
					</methods>
					<lines>
						<line number="46" hits="1" branch="false"/>
						<line number="48" hits="1" branch="false"/>
						<line number="50" hits="1" branch="false"/>
						<line number="53" hits="2" branch="false"/>
						<line number="56" hits="0" branch="false"/>
						<line number="57" hits="0" branch="false"/>
						<line number="60" hits="2" branch="false"/>
						<line number="61" hits="2" branch="false"/>
						<line number="62" hits="2" branch="false"/>
						<line number="65" hits="0" branch="true" condition-coverage="0% (0/3)">
							<conditions>
								<condition number="0" type="switch" coverage="0%"/>
							</conditions>
						</line>
						<line number="67" hits="0" branch="false"/>
						<line number="69" hits="0" branch="false"/>
						<line number="71" hits="0" branch="false"/>
						<line number="76" hits="0" branch="true" condition-coverage="0% (0/2)">
							<conditions>
								<condition number="0" type="jump" coverage="0%"/>
							</conditions>
						</line>
						<line number="77" hits="0" branch="false"/>
						<line number="79" hits="0" branch="true" condition-coverage="0% (0/2)">
							<conditions>
								<condition number="0" type="jump" coverage="0%"/>
							</conditions>
						</line>
						<line number="80" hits="0" branch="false"/>
						<line number="82" hits="0" branch="true" condition-coverage="0% (0/2)">
							<conditions>
								<condition number="0" type="jump" coverage="0%"/>
							</conditions>
						</line>
						<line number="83" hits="0" branch="true" condition-coverage="0% (0/2)">
							<conditions>
								<condition number="0" type="jump" coverage="0%"/>
							</conditions>
						</line>
						<line number="84" hits="0" branch="false"/>
						<line number="86" hits="0" branch="false"/>
						<line number="90" hits="10" branch="false"/>
						<line number="95" hits="2" branch="false"/>
						<line number="99" hits="0" branch="false"/>
						<line number="103" hits="0" branch="false"/>
						<line number="107" hits="0" branch="false"/>
					</lines>
				</class>
			</classes>
		</package>
		<package name="org.universAAL.ontology.activityhub.factory" line-rate="0.4864864864864865" branch-rate="0.48484848484848486" complexity="32.0">
			<classes>
				<class name="org.universAAL.ontology.activityhub.factory.ActivityHubEventFactory" filename="org/universAAL/ontology/activityhub/factory/ActivityHubEventFactory.java" line-rate="0.0" branch-rate="0.0" complexity="31.0">
					<methods>
						<method name="&lt;init&gt;" signature="()V" line-rate="0.0" branch-rate="1.0" complexity="0">
							<lines>
								<line number="33" hits="0" branch="false"/>
							</lines>
						</method>
						<method name="createInstance" signature="(II)Lorg/universAAL/ontology/activityhub/ActivityHubSensorEvent;" line-rate="0.0" branch-rate="0.0" complexity="0">
							<lines>
								<line number="39" hits="0" branch="true" condition-coverage="0% (0/16)">
									<conditions>
										<condition number="0" type="switch" coverage="0%"/>
									</conditions>
								</line>
								<line number="45" hits="0" branch="false"/>
								<line number="47" hits="0" branch="false"/>
								<line number="49" hits="0" branch="false"/>
								<line number="51" hits="0" branch="false"/>
								<line number="53" hits="0" branch="false"/>
								<line number="55" hits="0" branch="false"/>
								<line number="57" hits="0" branch="false"/>
								<line number="59" hits="0" branch="false"/>
								<line number="61" hits="0" branch="false"/>
								<line number="63" hits="0" branch="false"/>
								<line number="65" hits="0" branch="false"/>
								<line number="67" hits="0" branch="false"/>
								<line number="69" hits="0" branch="false"/>
								<line number="71" hits="0" branch="false"/>
								<line number="74" hits="0" branch="false"/>
								<line number="78" hits="0" branch="false"/>
							</lines>
						</method>
					</methods>
					<lines>
						<line number="33" hits="0" branch="false"/>
						<line number="39" hits="0" branch="true" condition-coverage="0% (0/16)">
							<conditions>
								<condition number="0" type="switch" coverage="0%"/>
							</conditions>
						</line>
						<line number="45" hits="0" branch="false"/>
						<line number="47" hits="0" branch="false"/>
						<line number="49" hits="0" branch="false"/>
						<line number="51" hits="0" branch="false"/>
						<line number="53" hits="0" branch="false"/>
						<line number="55" hits="0" branch="false"/>
						<line number="57" hits="0" branch="false"/>
						<line number="59" hits="0" branch="false"/>
						<line number="61" hits="0" branch="false"/>
						<line number="63" hits="0" branch="false"/>
						<line number="65" hits="0" branch="false"/>
						<line number="67" hits="0" branch="false"/>
						<line number="69" hits="0" branch="false"/>
						<line number="71" hits="0" branch="false"/>
						<line number="74" hits="0" branch="false"/>
						<line number="78" hits="0" branch="false"/>
					</lines>
				</class>
				<class name="org.universAAL.ontology.activityhub.factory.ActivityHubFactory" filename="org/universAAL/ontology/activityhub/factory/ActivityHubFactory.java" line-rate="0.9473684210526315" branch-rate="0.9411764705882353" complexity="33.0">
					<methods>
						<method name="&lt;init&gt;" signature="()V" line-rate="1.0" branch-rate="1.0" complexity="0">
							<lines>
								<line number="35" hits="1" branch="false"/>
							</lines>
						</method>
						<method name="createInstance" signature="(Ljava/lang/String;Ljava/lang/String;I)Lorg/universAAL/middleware/rdf/Resource;" line-rate="0.9444444444444444" branch-rate="0.9411764705882353" complexity="0">
							<lines>
								<line number="44" hits="128" branch="true" condition-coverage="94% (16/17)">
									<conditions>
										<condition number="0" type="switch" coverage="94%"/>
									</conditions>
								</line>
								<line number="46" hits="8" branch="false"/>
								<line number="52" hits="8" branch="false"/>
								<line number="54" hits="8" branch="false"/>
								<line number="56" hits="8" branch="false"/>
								<line number="58" hits="8" branch="false"/>
								<line number="60" hits="8" branch="false"/>
								<line number="62" hits="8" branch="false"/>
								<line number="64" hits="8" branch="false"/>
								<line number="66" hits="8" branch="false"/>
								<line number="68" hits="8" branch="false"/>
								<line number="70" hits="8" branch="false"/>
								<line number="72" hits="8" branch="false"/>
								<line number="74" hits="8" branch="false"/>
								<line number="76" hits="8" branch="false"/>
								<line number="78" hits="8" branch="false"/>
								<line number="80" hits="8" branch="false"/>
								<line number="83" hits="0" branch="false"/>
							</lines>
						</method>
					</methods>
					<lines>
						<line number="35" hits="1" branch="false"/>
						<line number="44" hits="128" branch="true" condition-coverage="94% (16/17)">
							<conditions>
								<condition number="0" type="switch" coverage="94%"/>
							</conditions>
						</line>
						<line number="46" hits="8" branch="false"/>
						<line number="52" hits="8" branch="false"/>
						<line number="54" hits="8" branch="false"/>
						<line number="56" hits="8" branch="false"/>
						<line number="58" hits="8" branch="false"/>
						<line number="60" hits="8" branch="false"/>
						<line number="62" hits="8" branch="false"/>
						<line number="64" hits="8" branch="false"/>
						<line number="66" hits="8" branch="false"/>
						<line number="68" hits="8" branch="false"/>
						<line number="70" hits="8" branch="false"/>
						<line number="72" hits="8" branch="false"/>
						<line number="74" hits="8" branch="false"/>
						<line number="76" hits="8" branch="false"/>
						<line number="78" hits="8" branch="false"/>
						<line number="80" hits="8" branch="false"/>
						<line number="83" hits="0" branch="false"/>
					</lines>
				</class>
			</classes>
		</package>
		<package name="org.universAAL.ontology.activityhub.util" line-rate="0.0" branch-rate="1.0" complexity="0.0">
			<classes>
				<class name="org.universAAL.ontology.activityhub.util.ActivityHubSensorType" filename="org/universAAL/ontology/activityhub/util/ActivityHubSensorType.java" line-rate="0.0" branch-rate="1.0" complexity="0.0">
					<methods>
						<method name="&lt;init&gt;" signature="()V" line-rate="0.0" branch-rate="1.0" complexity="0">
							<lines>
								<line number="29" hits="0" branch="false"/>
							</lines>
						</method>
					</methods>
					<lines>
						<line number="29" hits="0" branch="false"/>
					</lines>
				</class>
			</classes>
		</package>
	</packages>
</coverage>
