<?xml version="1.0"?>
<!DOCTYPE coverage SYSTEM "http://cobertura.sourceforge.net/xml/coverage-04.dtd">

<coverage line-rate="0.42359767891682787" branch-rate="0.25252525252525254" lines-covered="438" lines-valid="1034" branches-covered="75" branches-valid="297" complexity="1.7010309278350515" version="2.1.1" timestamp="1498177277187">
	<sources>
		<source>/home/travis/build/universAAL/ontology/ont.profile.health/src/main/java</source>
		<source>--source</source>
	</sources>
	<packages>
		<package name="org.universAAL.ontology.health" line-rate="0.7272727272727273" branch-rate="0.88" complexity="17.666666666666668">
			<classes>
				<class name="org.universAAL.ontology.health.HealthActivator" filename="org/universAAL/ontology/health/HealthActivator.java" line-rate="0.0" branch-rate="1.0" complexity="1.0">
					<methods>
						<method name="&lt;init&gt;" signature="()V" line-rate="0.0" branch-rate="1.0" complexity="0">
							<lines>
								<line number="23" hits="0" branch="false"/>
								<line number="25" hits="0" branch="false"/>
							</lines>
						</method>
						<method name="start" signature="(Lorg/universAAL/middleware/container/ModuleContext;)V" line-rate="0.0" branch-rate="1.0" complexity="0">
							<lines>
								<line number="28" hits="0" branch="false"/>
								<line number="29" hits="0" branch="false"/>
							</lines>
						</method>
						<method name="stop" signature="(Lorg/universAAL/middleware/container/ModuleContext;)V" line-rate="0.0" branch-rate="1.0" complexity="0">
							<lines>
								<line number="32" hits="0" branch="false"/>
								<line number="33" hits="0" branch="false"/>
							</lines>
						</method>
					</methods>
					<lines>
						<line number="23" hits="0" branch="false"/>
						<line number="25" hits="0" branch="false"/>
						<line number="28" hits="0" branch="false"/>
						<line number="29" hits="0" branch="false"/>
						<line number="32" hits="0" branch="false"/>
						<line number="33" hits="0" branch="false"/>
					</lines>
				</class>
				<class name="org.universAAL.ontology.health.HealthOntologyFactory" filename="org/universAAL/ontology/health/HealthOntologyFactory.java" line-rate="0.8888888888888888" branch-rate="0.88" complexity="51.0">
					<methods>
						<method name="&lt;init&gt;" signature="()V" line-rate="1.0" branch-rate="1.0" complexity="0">
							<lines>
								<line number="45" hits="1" branch="false"/>
							</lines>
						</method>
						<method name="createInstance" signature="(Ljava/lang/String;Ljava/lang/String;I)Lorg/universAAL/middleware/rdf/Resource;" line-rate="0.8846153846153846" branch-rate="0.88" complexity="0">
							<lines>
								<line number="49" hits="45" branch="true" condition-coverage="88% (22/25)">
									<conditions>
										<condition number="0" type="switch" coverage="88%"/>
									</conditions>
								</line>
								<line number="51" hits="2" branch="false"/>
								<line number="53" hits="2" branch="false"/>
								<line number="55" hits="2" branch="false"/>
								<line number="57" hits="2" branch="false"/>
								<line number="59" hits="2" branch="false"/>
								<line number="61" hits="2" branch="false"/>
								<line number="63" hits="2" branch="false"/>
								<line number="67" hits="2" branch="false"/>
								<line number="69" hits="3" branch="false"/>
								<line number="71" hits="2" branch="false"/>
								<line number="77" hits="2" branch="false"/>
								<line number="79" hits="2" branch="false"/>
								<line number="81" hits="0" branch="false"/>
								<line number="83" hits="2" branch="false"/>
								<line number="85" hits="2" branch="false"/>
								<line number="87" hits="2" branch="false"/>
								<line number="89" hits="2" branch="false"/>
								<line number="91" hits="2" branch="false"/>
								<line number="93" hits="2" branch="false"/>
								<line number="95" hits="2" branch="false"/>
								<line number="97" hits="0" branch="false"/>
								<line number="99" hits="2" branch="false"/>
								<line number="101" hits="2" branch="false"/>
								<line number="103" hits="2" branch="false"/>
								<line number="105" hits="0" branch="false"/>
							</lines>
						</method>
					</methods>
					<lines>
						<line number="45" hits="1" branch="false"/>
						<line number="49" hits="45" branch="true" condition-coverage="88% (22/25)">
							<conditions>
								<condition number="0" type="switch" coverage="88%"/>
							</conditions>
						</line>
						<line number="51" hits="2" branch="false"/>
						<line number="53" hits="2" branch="false"/>
						<line number="55" hits="2" branch="false"/>
						<line number="57" hits="2" branch="false"/>
						<line number="59" hits="2" branch="false"/>
						<line number="61" hits="2" branch="false"/>
						<line number="63" hits="2" branch="false"/>
						<line number="67" hits="2" branch="false"/>
						<line number="69" hits="3" branch="false"/>
						<line number="71" hits="2" branch="false"/>
						<line number="77" hits="2" branch="false"/>
						<line number="79" hits="2" branch="false"/>
						<line number="81" hits="0" branch="false"/>
						<line number="83" hits="2" branch="false"/>
						<line number="85" hits="2" branch="false"/>
						<line number="87" hits="2" branch="false"/>
						<line number="89" hits="2" branch="false"/>
						<line number="91" hits="2" branch="false"/>
						<line number="93" hits="2" branch="false"/>
						<line number="95" hits="2" branch="false"/>
						<line number="97" hits="0" branch="false"/>
						<line number="99" hits="2" branch="false"/>
						<line number="101" hits="2" branch="false"/>
						<line number="103" hits="2" branch="false"/>
						<line number="105" hits="0" branch="false"/>
					</lines>
				</class>
			</classes>
		</package>
		<package name="org.universAAL.ontology.health.owl" line-rate="0.4048625792811839" branch-rate="0.12295081967213115" complexity="1.5232558139534884">
			<classes>
				<class name="org.universAAL.ontology.health.owl.ActivityHeartRateRequirement" filename="org/universAAL/ontology/health/owl/ActivityHeartRateRequirement.java" line-rate="0.5714285714285714" branch-rate="1.0" complexity="1.0">
					<methods>
						<method name="&lt;init&gt;" signature="()V" line-rate="0.0" branch-rate="1.0" complexity="0">
							<lines>
								<line number="23" hits="0" branch="false"/>
								<line number="24" hits="0" branch="false"/>
							</lines>
						</method>
						<method name="&lt;init&gt;" signature="(Ljava/lang/String;)V" line-rate="1.0" branch-rate="1.0" complexity="0">
							<lines>
								<line number="27" hits="2" branch="false"/>
								<line number="28" hits="2" branch="false"/>
							</lines>
						</method>
						<method name="getClassURI" signature="()Ljava/lang/String;" line-rate="1.0" branch-rate="1.0" complexity="0">
							<lines>
								<line number="31" hits="4" branch="false"/>
							</lines>
						</method>
						<method name="getPropSerializationType" signature="(Ljava/lang/String;)I" line-rate="1.0" branch-rate="1.0" complexity="0">
							<lines>
								<line number="35" hits="2" branch="false"/>
							</lines>
						</method>
						<method name="isWellFormed" signature="()Z" line-rate="0.0" branch-rate="1.0" complexity="0">
							<lines>
								<line number="39" hits="0" branch="false"/>
							</lines>
						</method>
					</methods>
					<lines>
						<line number="23" hits="0" branch="false"/>
						<line number="24" hits="0" branch="false"/>
						<line number="27" hits="2" branch="false"/>
						<line number="28" hits="2" branch="false"/>
						<line number="31" hits="4" branch="false"/>
						<line number="35" hits="2" branch="false"/>
						<line number="39" hits="0" branch="false"/>
					</lines>
				</class>
				<class name="org.universAAL.ontology.health.owl.BloodPressureMeasurementTreatment" filename="org/universAAL/ontology/health/owl/BloodPressureMeasurementTreatment.java" line-rate="0.13636363636363635" branch-rate="1.0" complexity="1.0">
					<methods>
						<method name="&lt;init&gt;" signature="()V" line-rate="0.0" branch-rate="1.0" complexity="0">
							<lines>
								<line number="28" hits="0" branch="false"/>
								<line number="29" hits="0" branch="false"/>
							</lines>
						</method>
						<method name="&lt;init&gt;" signature="(Ljava/lang/String;)V" line-rate="1.0" branch-rate="1.0" complexity="0">
							<lines>
								<line number="32" hits="2" branch="false"/>
								<line number="33" hits="2" branch="false"/>
							</lines>
						</method>
						<method name="&lt;init&gt;" signature="(Ljava/lang/String;Ljava/lang/String;Ljava/lang/String;Lorg/universAAL/ontology/health/owl/BloodPressureRequirement;)V" line-rate="0.0" branch-rate="1.0" complexity="0">
							<lines>
								<line number="49" hits="0" branch="false"/>
								<line number="50" hits="0" branch="false"/>
								<line number="51" hits="0" branch="false"/>
							</lines>
						</method>
						<method name="&lt;init&gt;" signature="(Ljava/lang/String;Ljava/lang/String;Ljavax/xml/datatype/XMLGregorianCalendar;Ljava/lang/String;Lorg/universAAL/ontology/health/owl/BloodPressureRequirement;)V" line-rate="0.0" branch-rate="1.0" complexity="0">
							<lines>
								<line number="55" hits="0" branch="false"/>
								<line number="56" hits="0" branch="false"/>
								<line number="57" hits="0" branch="false"/>
							</lines>
						</method>
						<method name="&lt;init&gt;" signature="(Ljava/lang/String;Ljava/lang/String;Lorg/universAAL/ontology/health/owl/TreatmentPlanning;Ljava/lang/String;Lorg/universAAL/ontology/health/owl/BloodPressureRequirement;)V" line-rate="0.0" branch-rate="1.0" complexity="0">
							<lines>
								<line number="61" hits="0" branch="false"/>
								<line number="62" hits="0" branch="false"/>
								<line number="63" hits="0" branch="false"/>
							</lines>
						</method>
						<method name="&lt;init&gt;" signature="(Lorg/universAAL/ontology/profile/AssistedPersonProfile;Lorg/universAAL/ontology/profile/Caregiver;Ljava/lang/String;Ljava/lang/String;Ljavax/xml/datatype/XMLGregorianCalendar;Ljava/lang/String;Lorg/universAAL/ontology/health/owl/BloodPressureRequirement;)V" line-rate="0.0" branch-rate="1.0" complexity="0">
							<lines>
								<line number="37" hits="0" branch="false"/>
								<line number="38" hits="0" branch="false"/>
								<line number="39" hits="0" branch="false"/>
							</lines>
						</method>
						<method name="&lt;init&gt;" signature="(Lorg/universAAL/ontology/profile/AssistedPersonProfile;Lorg/universAAL/ontology/profile/Caregiver;Ljava/lang/String;Lorg/universAAL/ontology/health/owl/TreatmentPlanning;Ljava/lang/String;Ljava/lang/String;Lorg/universAAL/ontology/health/owl/BloodPressureRequirement;)V" line-rate="0.0" branch-rate="1.0" complexity="0">
							<lines>
								<line number="43" hits="0" branch="false"/>
								<line number="44" hits="0" branch="false"/>
								<line number="45" hits="0" branch="false"/>
							</lines>
						</method>
						<method name="getClassURI" signature="()Ljava/lang/String;" line-rate="1.0" branch-rate="1.0" complexity="0">
							<lines>
								<line number="66" hits="4" branch="false"/>
							</lines>
						</method>
						<method name="getPropSerializationType" signature="(Ljava/lang/String;)I" line-rate="0.0" branch-rate="1.0" complexity="0">
							<lines>
								<line number="70" hits="0" branch="false"/>
							</lines>
						</method>
						<method name="isWellFormed" signature="()Z" line-rate="0.0" branch-rate="1.0" complexity="0">
							<lines>
								<line number="74" hits="0" branch="false"/>
							</lines>
						</method>
					</methods>
					<lines>
						<line number="28" hits="0" branch="false"/>
						<line number="29" hits="0" branch="false"/>
						<line number="32" hits="2" branch="false"/>
						<line number="33" hits="2" branch="false"/>
						<line number="37" hits="0" branch="false"/>
						<line number="38" hits="0" branch="false"/>
						<line number="39" hits="0" branch="false"/>
						<line number="43" hits="0" branch="false"/>
						<line number="44" hits="0" branch="false"/>
						<line number="45" hits="0" branch="false"/>
						<line number="49" hits="0" branch="false"/>
						<line number="50" hits="0" branch="false"/>
						<line number="51" hits="0" branch="false"/>
						<line number="55" hits="0" branch="false"/>
						<line number="56" hits="0" branch="false"/>
						<line number="57" hits="0" branch="false"/>
						<line number="61" hits="0" branch="false"/>
						<line number="62" hits="0" branch="false"/>
						<line number="63" hits="0" branch="false"/>
						<line number="66" hits="4" branch="false"/>
						<line number="70" hits="0" branch="false"/>
						<line number="74" hits="0" branch="false"/>
					</lines>
				</class>
				<class name="org.universAAL.ontology.health.owl.BloodPressureRequirement" filename="org/universAAL/ontology/health/owl/BloodPressureRequirement.java" line-rate="0.5714285714285714" branch-rate="1.0" complexity="1.0">
					<methods>
						<method name="&lt;init&gt;" signature="()V" line-rate="0.0" branch-rate="1.0" complexity="0">
							<lines>
								<line number="22" hits="0" branch="false"/>
								<line number="23" hits="0" branch="false"/>
							</lines>
						</method>
						<method name="&lt;init&gt;" signature="(Ljava/lang/String;)V" line-rate="1.0" branch-rate="1.0" complexity="0">
							<lines>
								<line number="26" hits="2" branch="false"/>
								<line number="27" hits="2" branch="false"/>
							</lines>
						</method>
						<method name="getClassURI" signature="()Ljava/lang/String;" line-rate="1.0" branch-rate="1.0" complexity="0">
							<lines>
								<line number="30" hits="4" branch="false"/>
							</lines>
						</method>
						<method name="getPropSerializationType" signature="(Ljava/lang/String;)I" line-rate="1.0" branch-rate="1.0" complexity="0">
							<lines>
								<line number="34" hits="2" branch="false"/>
							</lines>
						</method>
						<method name="isWellFormed" signature="()Z" line-rate="0.0" branch-rate="1.0" complexity="0">
							<lines>
								<line number="38" hits="0" branch="false"/>
							</lines>
						</method>
					</methods>
					<lines>
						<line number="22" hits="0" branch="false"/>
						<line number="23" hits="0" branch="false"/>
						<line number="26" hits="2" branch="false"/>
						<line number="27" hits="2" branch="false"/>
						<line number="30" hits="4" branch="false"/>
						<line number="34" hits="2" branch="false"/>
						<line number="38" hits="0" branch="false"/>
					</lines>
				</class>
				<class name="org.universAAL.ontology.health.owl.Diet" filename="org/universAAL/ontology/health/owl/Diet.java" line-rate="0.17647058823529413" branch-rate="1.0" complexity="1.0">
					<methods>
						<method name="&lt;init&gt;" signature="()V" line-rate="0.0" branch-rate="1.0" complexity="0">
							<lines>
								<line number="28" hits="0" branch="false"/>
								<line number="29" hits="0" branch="false"/>
							</lines>
						</method>
						<method name="&lt;init&gt;" signature="(Ljava/lang/String;)V" line-rate="1.0" branch-rate="1.0" complexity="0">
							<lines>
								<line number="32" hits="2" branch="false"/>
								<line number="33" hits="2" branch="false"/>
							</lines>
						</method>
						<method name="&lt;init&gt;" signature="(Ljava/lang/String;Ljava/lang/String;Ljava/lang/String;)V" line-rate="0.0" branch-rate="1.0" complexity="0">
							<lines>
								<line number="54" hits="0" branch="false"/>
								<line number="55" hits="0" branch="false"/>
							</lines>
						</method>
						<method name="&lt;init&gt;" signature="(Ljava/lang/String;Ljava/lang/String;Ljavax/xml/datatype/XMLGregorianCalendar;Ljava/lang/String;)V" line-rate="0.0" branch-rate="1.0" complexity="0">
							<lines>
								<line number="46" hits="0" branch="false"/>
								<line number="47" hits="0" branch="false"/>
							</lines>
						</method>
						<method name="&lt;init&gt;" signature="(Ljava/lang/String;Ljava/lang/String;Lorg/universAAL/ontology/health/owl/TreatmentPlanning;Ljava/lang/String;)V" line-rate="0.0" branch-rate="1.0" complexity="0">
							<lines>
								<line number="50" hits="0" branch="false"/>
								<line number="51" hits="0" branch="false"/>
							</lines>
						</method>
						<method name="&lt;init&gt;" signature="(Lorg/universAAL/ontology/profile/AssistedPersonProfile;Lorg/universAAL/ontology/profile/Caregiver;Ljava/lang/String;Ljava/lang/String;Ljavax/xml/datatype/XMLGregorianCalendar;Ljava/lang/String;)V" line-rate="0.0" branch-rate="1.0" complexity="0">
							<lines>
								<line number="37" hits="0" branch="false"/>
								<line number="38" hits="0" branch="false"/>
							</lines>
						</method>
						<method name="&lt;init&gt;" signature="(Lorg/universAAL/ontology/profile/AssistedPersonProfile;Lorg/universAAL/ontology/profile/Caregiver;Ljava/lang/String;Lorg/universAAL/ontology/health/owl/TreatmentPlanning;Ljava/lang/String;Ljava/lang/String;)V" line-rate="0.0" branch-rate="1.0" complexity="0">
							<lines>
								<line number="42" hits="0" branch="false"/>
								<line number="43" hits="0" branch="false"/>
							</lines>
						</method>
						<method name="getClassURI" signature="()Ljava/lang/String;" line-rate="1.0" branch-rate="1.0" complexity="0">
							<lines>
								<line number="58" hits="4" branch="false"/>
							</lines>
						</method>
						<method name="getPropSerializationType" signature="(Ljava/lang/String;)I" line-rate="0.0" branch-rate="1.0" complexity="0">
							<lines>
								<line number="62" hits="0" branch="false"/>
							</lines>
						</method>
						<method name="isWellFormed" signature="()Z" line-rate="0.0" branch-rate="1.0" complexity="0">
							<lines>
								<line number="66" hits="0" branch="false"/>
							</lines>
						</method>
					</methods>
					<lines>
						<line number="28" hits="0" branch="false"/>
						<line number="29" hits="0" branch="false"/>
						<line number="32" hits="2" branch="false"/>
						<line number="33" hits="2" branch="false"/>
						<line number="37" hits="0" branch="false"/>
						<line number="38" hits="0" branch="false"/>
						<line number="42" hits="0" branch="false"/>
						<line number="43" hits="0" branch="false"/>
						<line number="46" hits="0" branch="false"/>
						<line number="47" hits="0" branch="false"/>
						<line number="50" hits="0" branch="false"/>
						<line number="51" hits="0" branch="false"/>
						<line number="54" hits="0" branch="false"/>
						<line number="55" hits="0" branch="false"/>
						<line number="58" hits="4" branch="false"/>
						<line number="62" hits="0" branch="false"/>
						<line number="66" hits="0" branch="false"/>
					</lines>
				</class>
				<class name="org.universAAL.ontology.health.owl.HealthProfile" filename="org/universAAL/ontology/health/owl/HealthProfile.java" line-rate="0.08602150537634409" branch-rate="0.1111111111111111" complexity="2.0952380952380953">
					<methods>
						<method name="&lt;init&gt;" signature="()V" line-rate="0.0" branch-rate="1.0" complexity="0">
							<lines>
								<line number="46" hits="0" branch="false"/>
								<line number="47" hits="0" branch="false"/>
							</lines>
						</method>
						<method name="&lt;init&gt;" signature="(Ljava/lang/String;)V" line-rate="1.0" branch-rate="1.0" complexity="0">
							<lines>
								<line number="50" hits="4" branch="false"/>
								<line number="51" hits="4" branch="false"/>
							</lines>
						</method>
						<method name="&lt;init&gt;" signature="(Lorg/universAAL/ontology/health/owl/Treatment;)V" line-rate="0.0" branch-rate="1.0" complexity="0">
							<lines>
								<line number="53" hits="0" branch="false"/>
								<line number="54" hits="0" branch="false"/>
								<line number="55" hits="0" branch="false"/>
							</lines>
						</method>
						<method name="&lt;init&gt;" signature="([Lorg/universAAL/ontology/health/owl/Treatment;)V" line-rate="0.0" branch-rate="1.0" complexity="0">
							<lines>
								<line number="57" hits="0" branch="false"/>
								<line number="58" hits="0" branch="false"/>
								<line number="59" hits="0" branch="false"/>
							</lines>
						</method>
						<method name="addTreatment" signature="(Lorg/universAAL/ontology/health/owl/Treatment;)V" line-rate="0.0" branch-rate="0.0" complexity="0">
							<lines>
								<line number="128" hits="0" branch="false"/>
								<line number="129" hits="0" branch="true" condition-coverage="0% (0/2)">
									<conditions>
										<condition number="0" type="jump" coverage="0%"/>
									</conditions>
								</line>
								<line number="130" hits="0" branch="false"/>
								<line number="131" hits="0" branch="false"/>
								<line number="132" hits="0" branch="false"/>
								<line number="133" hits="0" branch="true" condition-coverage="0% (0/2)">
									<conditions>
										<condition number="0" type="jump" coverage="0%"/>
									</conditions>
								</line>
								<line number="134" hits="0" branch="false"/>
								<line number="136" hits="0" branch="false"/>
								<line number="137" hits="0" branch="false"/>
								<line number="138" hits="0" branch="false"/>
								<line number="139" hits="0" branch="false"/>
								<line number="141" hits="0" branch="false"/>
							</lines>
						</method>
						<method name="assignHealthProfileToAP" signature="(Lorg/universAAL/ontology/profile/AssistedPerson;)V" line-rate="0.0" branch-rate="1.0" complexity="0">
							<lines>
								<line number="239" hits="0" branch="false"/>
								<line number="243" hits="0" branch="false"/>
							</lines>
						</method>
						<method name="deleteTreatment" signature="(Ljava/lang/String;)Z" line-rate="0.0" branch-rate="0.0" complexity="0">
							<lines>
								<line number="153" hits="0" branch="false"/>
								<line number="154" hits="0" branch="false"/>
								<line number="155" hits="0" branch="false"/>
								<line number="156" hits="0" branch="true" condition-coverage="0% (0/2)">
									<conditions>
										<condition number="0" type="jump" coverage="0%"/>
									</conditions>
								</line>
								<line number="157" hits="0" branch="true" condition-coverage="0% (0/2)">
									<conditions>
										<condition number="0" type="jump" coverage="0%"/>
									</conditions>
								</line>
								<line number="158" hits="0" branch="false"/>
								<line number="160" hits="0" branch="false"/>
								<line number="163" hits="0" branch="false"/>
								<line number="164" hits="0" branch="false"/>
							</lines>
						</method>
						<method name="editTreatment" signature="(Lorg/universAAL/ontology/health/owl/Treatment;)Z" line-rate="0.0" branch-rate="0.0" complexity="0">
							<lines>
								<line number="178" hits="0" branch="false"/>
								<line number="179" hits="0" branch="false"/>
								<line number="180" hits="0" branch="false"/>
								<line number="181" hits="0" branch="true" condition-coverage="0% (0/2)">
									<conditions>
										<condition number="0" type="jump" coverage="0%"/>
									</conditions>
								</line>
								<line number="182" hits="0" branch="true" condition-coverage="0% (0/2)">
									<conditions>
										<condition number="0" type="jump" coverage="0%"/>
									</conditions>
								</line>
								<line number="183" hits="0" branch="false"/>
								<line number="184" hits="0" branch="false"/>
								<line number="186" hits="0" branch="false"/>
								<line number="189" hits="0" branch="false"/>
								<line number="190" hits="0" branch="false"/>
							</lines>
						</method>
						<method name="getAssignedAssistedPerson" signature="()Lorg/universAAL/ontology/profile/AssistedPerson;" line-rate="0.0" branch-rate="1.0" complexity="0">
							<lines>
								<line number="98" hits="0" branch="false"/>
							</lines>
						</method>
						<method name="getBirthdate" signature="()Ljavax/xml/datatype/XMLGregorianCalendar;" line-rate="0.0" branch-rate="1.0" complexity="0">
							<lines>
								<line number="254" hits="0" branch="false"/>
							</lines>
						</method>
						<method name="getClassURI" signature="()Ljava/lang/String;" line-rate="1.0" branch-rate="1.0" complexity="0">
							<lines>
								<line number="70" hits="7" branch="false"/>
							</lines>
						</method>
						<method name="getGender" signature="()Lorg/universAAL/ontology/profile/Gender;" line-rate="0.0" branch-rate="1.0" complexity="0">
							<lines>
								<line number="246" hits="0" branch="false"/>
							</lines>
						</method>
						<method name="getLastMeasurement" signature="(Ljava/lang/String;)Lorg/universAAL/ontology/healthmeasurement/owl/HealthMeasurement;" line-rate="0.0" branch-rate="0.0" complexity="0">
							<lines>
								<line number="224" hits="0" branch="false"/>
								<line number="225" hits="0" branch="true" condition-coverage="0% (0/2)">
									<conditions>
										<condition number="0" type="jump" coverage="0%"/>
									</conditions>
								</line>
								<line number="226" hits="0" branch="false"/>
								<line number="228" hits="0" branch="true" condition-coverage="0% (0/2)">
									<conditions>
										<condition number="0" type="jump" coverage="0%"/>
									</conditions>
								</line>
								<line number="229" hits="0" branch="false"/>
								<line number="230" hits="0" branch="true" condition-coverage="0% (0/2)">
									<conditions>
										<condition number="0" type="jump" coverage="0%"/>
									</conditions>
								</line>
								<line number="231" hits="0" branch="false"/>
								<line number="233" hits="0" branch="false"/>
								<line number="234" hits="0" branch="false"/>
							</lines>
						</method>
						<method name="getPropSerializationType" signature="(Ljava/lang/String;)I" line-rate="1.0" branch-rate="1.0" complexity="0">
							<lines>
								<line number="75" hits="7" branch="true" condition-coverage="100% (2/2)">
									<conditions>
										<condition number="0" type="jump" coverage="100%"/>
									</conditions>
								</line>
								<line number="76" hits="1" branch="false"/>
								<line number="78" hits="6" branch="true" condition-coverage="100% (2/2)">
									<conditions>
										<condition number="0" type="jump" coverage="100%"/>
									</conditions>
								</line>
								<line number="79" hits="5" branch="false"/>
								<line number="81" hits="1" branch="false"/>
							</lines>
						</method>
						<method name="getTreatments" signature="()[Lorg/universAAL/ontology/health/owl/Treatment;" line-rate="0.0" branch-rate="0.0" complexity="0">
							<lines>
								<line number="108" hits="0" branch="false"/>
								<line number="109" hits="0" branch="true" condition-coverage="0% (0/2)">
									<conditions>
										<condition number="0" type="jump" coverage="0%"/>
									</conditions>
								</line>
								<line number="110" hits="0" branch="false"/>
								<line number="112" hits="0" branch="false"/>
								<line number="113" hits="0" branch="true" condition-coverage="0% (0/2)">
									<conditions>
										<condition number="0" type="jump" coverage="0%"/>
									</conditions>
								</line>
								<line number="114" hits="0" branch="false"/>
								<line number="115" hits="0" branch="false"/>
							</lines>
						</method>
						<method name="isWellFormed" signature="()Z" line-rate="0.0" branch-rate="1.0" complexity="0">
							<lines>
								<line number="86" hits="0" branch="false"/>
							</lines>
						</method>
						<method name="setAssignedAssistedPerson" signature="(Lorg/universAAL/ontology/profile/AssistedPerson;)V" line-rate="0.0" branch-rate="0.0" complexity="0">
							<lines>
								<line number="102" hits="0" branch="true" condition-coverage="0% (0/2)">
									<conditions>
										<condition number="0" type="jump" coverage="0%"/>
									</conditions>
								</line>
								<line number="103" hits="0" branch="false"/>
								<line number="104" hits="0" branch="false"/>
							</lines>
						</method>
						<method name="setBirthdate" signature="(Ljavax/xml/datatype/XMLGregorianCalendar;)V" line-rate="0.0" branch-rate="1.0" complexity="0">
							<lines>
								<line number="258" hits="0" branch="false"/>
								<line number="259" hits="0" branch="false"/>
							</lines>
						</method>
						<method name="setGender" signature="(Lorg/universAAL/ontology/profile/Gender;)V" line-rate="0.0" branch-rate="1.0" complexity="0">
							<lines>
								<line number="250" hits="0" branch="false"/>
								<line number="251" hits="0" branch="false"/>
							</lines>
						</method>
						<method name="setTreatments" signature="([Lorg/universAAL/ontology/health/owl/Treatment;)V" line-rate="0.0" branch-rate="0.0" complexity="0">
							<lines>
								<line number="120" hits="0" branch="false"/>
								<line number="121" hits="0" branch="true" condition-coverage="0% (0/2)">
									<conditions>
										<condition number="0" type="jump" coverage="0%"/>
									</conditions>
								</line>
								<line number="122" hits="0" branch="false"/>
								<line number="124" hits="0" branch="false"/>
								<line number="125" hits="0" branch="false"/>
							</lines>
						</method>
						<method name="updateHealthMeasurement" signature="(Lorg/universAAL/ontology/healthmeasurement/owl/HealthMeasurement;)V" line-rate="0.0" branch-rate="0.0" complexity="0">
							<lines>
								<line number="200" hits="0" branch="false"/>
								<line number="201" hits="0" branch="true" condition-coverage="0% (0/2)">
									<conditions>
										<condition number="0" type="jump" coverage="0%"/>
									</conditions>
								</line>
								<line number="202" hits="0" branch="false"/>
								<line number="204" hits="0" branch="false"/>
								<line number="205" hits="0" branch="true" condition-coverage="0% (0/2)">
									<conditions>
										<condition number="0" type="jump" coverage="0%"/>
									</conditions>
								</line>
								<line number="206" hits="0" branch="false"/>
								<line number="207" hits="0" branch="true" condition-coverage="0% (0/2)">
									<conditions>
										<condition number="0" type="jump" coverage="0%"/>
									</conditions>
								</line>
								<line number="208" hits="0" branch="false"/>
								<line number="210" hits="0" branch="false"/>
								<line number="212" hits="0" branch="false"/>
								<line number="213" hits="0" branch="false"/>
								<line number="214" hits="0" branch="false"/>
							</lines>
						</method>
					</methods>
					<lines>
						<line number="46" hits="0" branch="false"/>
						<line number="47" hits="0" branch="false"/>
						<line number="50" hits="4" branch="false"/>
						<line number="51" hits="4" branch="false"/>
						<line number="53" hits="0" branch="false"/>
						<line number="54" hits="0" branch="false"/>
						<line number="55" hits="0" branch="false"/>
						<line number="57" hits="0" branch="false"/>
						<line number="58" hits="0" branch="false"/>
						<line number="59" hits="0" branch="false"/>
						<line number="70" hits="7" branch="false"/>
						<line number="75" hits="7" branch="true" condition-coverage="100% (2/2)">
							<conditions>
								<condition number="0" type="jump" coverage="100%"/>
							</conditions>
						</line>
						<line number="76" hits="1" branch="false"/>
						<line number="78" hits="6" branch="true" condition-coverage="100% (2/2)">
							<conditions>
								<condition number="0" type="jump" coverage="100%"/>
							</conditions>
						</line>
						<line number="79" hits="5" branch="false"/>
						<line number="81" hits="1" branch="false"/>
						<line number="86" hits="0" branch="false"/>
						<line number="98" hits="0" branch="false"/>
						<line number="102" hits="0" branch="true" condition-coverage="0% (0/2)">
							<conditions>
								<condition number="0" type="jump" coverage="0%"/>
							</conditions>
						</line>
						<line number="103" hits="0" branch="false"/>
						<line number="104" hits="0" branch="false"/>
						<line number="108" hits="0" branch="false"/>
						<line number="109" hits="0" branch="true" condition-coverage="0% (0/2)">
							<conditions>
								<condition number="0" type="jump" coverage="0%"/>
							</conditions>
						</line>
						<line number="110" hits="0" branch="false"/>
						<line number="112" hits="0" branch="false"/>
						<line number="113" hits="0" branch="true" condition-coverage="0% (0/2)">
							<conditions>
								<condition number="0" type="jump" coverage="0%"/>
							</conditions>
						</line>
						<line number="114" hits="0" branch="false"/>
						<line number="115" hits="0" branch="false"/>
						<line number="120" hits="0" branch="false"/>
						<line number="121" hits="0" branch="true" condition-coverage="0% (0/2)">
							<conditions>
								<condition number="0" type="jump" coverage="0%"/>
							</conditions>
						</line>
						<line number="122" hits="0" branch="false"/>
						<line number="124" hits="0" branch="false"/>
						<line number="125" hits="0" branch="false"/>
						<line number="128" hits="0" branch="false"/>
						<line number="129" hits="0" branch="true" condition-coverage="0% (0/2)">
							<conditions>
								<condition number="0" type="jump" coverage="0%"/>
							</conditions>
						</line>
						<line number="130" hits="0" branch="false"/>
						<line number="131" hits="0" branch="false"/>
						<line number="132" hits="0" branch="false"/>
						<line number="133" hits="0" branch="true" condition-coverage="0% (0/2)">
							<conditions>
								<condition number="0" type="jump" coverage="0%"/>
							</conditions>
						</line>
						<line number="134" hits="0" branch="false"/>
						<line number="136" hits="0" branch="false"/>
						<line number="137" hits="0" branch="false"/>
						<line number="138" hits="0" branch="false"/>
						<line number="139" hits="0" branch="false"/>
						<line number="141" hits="0" branch="false"/>
						<line number="153" hits="0" branch="false"/>
						<line number="154" hits="0" branch="false"/>
						<line number="155" hits="0" branch="false"/>
						<line number="156" hits="0" branch="true" condition-coverage="0% (0/2)">
							<conditions>
								<condition number="0" type="jump" coverage="0%"/>
							</conditions>
						</line>
						<line number="157" hits="0" branch="true" condition-coverage="0% (0/2)">
							<conditions>
								<condition number="0" type="jump" coverage="0%"/>
							</conditions>
						</line>
						<line number="158" hits="0" branch="false"/>
						<line number="160" hits="0" branch="false"/>
						<line number="163" hits="0" branch="false"/>
						<line number="164" hits="0" branch="false"/>
						<line number="178" hits="0" branch="false"/>
						<line number="179" hits="0" branch="false"/>
						<line number="180" hits="0" branch="false"/>
						<line number="181" hits="0" branch="true" condition-coverage="0% (0/2)">
							<conditions>
								<condition number="0" type="jump" coverage="0%"/>
							</conditions>
						</line>
						<line number="182" hits="0" branch="true" condition-coverage="0% (0/2)">
							<conditions>
								<condition number="0" type="jump" coverage="0%"/>
							</conditions>
						</line>
						<line number="183" hits="0" branch="false"/>
						<line number="184" hits="0" branch="false"/>
						<line number="186" hits="0" branch="false"/>
						<line number="189" hits="0" branch="false"/>
						<line number="190" hits="0" branch="false"/>
						<line number="200" hits="0" branch="false"/>
						<line number="201" hits="0" branch="true" condition-coverage="0% (0/2)">
							<conditions>
								<condition number="0" type="jump" coverage="0%"/>
							</conditions>
						</line>
						<line number="202" hits="0" branch="false"/>
						<line number="204" hits="0" branch="false"/>
						<line number="205" hits="0" branch="true" condition-coverage="0% (0/2)">
							<conditions>
								<condition number="0" type="jump" coverage="0%"/>
							</conditions>
						</line>
						<line number="206" hits="0" branch="false"/>
						<line number="207" hits="0" branch="true" condition-coverage="0% (0/2)">
							<conditions>
								<condition number="0" type="jump" coverage="0%"/>
							</conditions>
						</line>
						<line number="208" hits="0" branch="false"/>
						<line number="210" hits="0" branch="false"/>
						<line number="212" hits="0" branch="false"/>
						<line number="213" hits="0" branch="false"/>
						<line number="214" hits="0" branch="false"/>
						<line number="224" hits="0" branch="false"/>
						<line number="225" hits="0" branch="true" condition-coverage="0% (0/2)">
							<conditions>
								<condition number="0" type="jump" coverage="0%"/>
							</conditions>
						</line>
						<line number="226" hits="0" branch="false"/>
						<line number="228" hits="0" branch="true" condition-coverage="0% (0/2)">
							<conditions>
								<condition number="0" type="jump" coverage="0%"/>
							</conditions>
						</line>
						<line number="229" hits="0" branch="false"/>
						<line number="230" hits="0" branch="true" condition-coverage="0% (0/2)">
							<conditions>
								<condition number="0" type="jump" coverage="0%"/>
							</conditions>
						</line>
						<line number="231" hits="0" branch="false"/>
						<line number="233" hits="0" branch="false"/>
						<line number="234" hits="0" branch="false"/>
						<line number="239" hits="0" branch="false"/>
						<line number="243" hits="0" branch="false"/>
						<line number="246" hits="0" branch="false"/>
						<line number="250" hits="0" branch="false"/>
						<line number="251" hits="0" branch="false"/>
						<line number="254" hits="0" branch="false"/>
						<line number="258" hits="0" branch="false"/>
						<line number="259" hits="0" branch="false"/>
					</lines>
				</class>
				<class name="org.universAAL.ontology.health.owl.HealthProfileOntology" filename="org/universAAL/ontology/health/owl/HealthProfileOntology.java" line-rate="0.9471947194719472" branch-rate="0.5" complexity="1.0">
					<methods>
						<method name="&lt;clinit&gt;" signature="()V" line-rate="1.0" branch-rate="1.0" complexity="0">
							<lines>
								<line number="61" hits="1" branch="false"/>
							</lines>
						</method>
						<method name="&lt;init&gt;" signature="()V" line-rate="1.0" branch-rate="1.0" complexity="0">
							<lines>
								<line number="70" hits="2" branch="false"/>
								<line number="71" hits="2" branch="false"/>
							</lines>
						</method>
						<method name="class$" signature="(Ljava/lang/String;)Ljava/lang/Class;" line-rate="1.0" branch-rate="1.0" complexity="0">
							<lines>
								<line number="119" hits="7" branch="false"/>
							</lines>
						</method>
						<method name="create" signature="()V" line-rate="0.9464882943143813" branch-rate="0.5" complexity="0">
							<lines>
								<line number="74" hits="1" branch="false"/>
								<line number="75" hits="1" branch="false"/>
								<line number="76" hits="1" branch="false"/>
								<line number="77" hits="1" branch="false"/>
								<line number="78" hits="1" branch="false"/>
								<line number="79" hits="1" branch="false"/>
								<line number="80" hits="1" branch="false"/>
								<line number="81" hits="1" branch="false"/>
								<line number="82" hits="1" branch="false"/>
								<line number="91" hits="1" branch="false"/>
								<line number="92" hits="1" branch="false"/>
								<line number="94" hits="1" branch="false"/>
								<line number="95" hits="1" branch="false"/>
								<line number="99" hits="1" branch="false"/>
								<line number="100" hits="1" branch="false"/>
								<line number="102" hits="1" branch="false"/>
								<line number="103" hits="1" branch="false"/>
								<line number="110" hits="1" branch="false"/>
								<line number="111" hits="1" branch="false"/>
								<line number="113" hits="1" branch="false"/>
								<line number="114" hits="1" branch="false"/>
								<line number="115" hits="1" branch="false"/>
								<line number="117" hits="1" branch="false"/>
								<line number="118" hits="2" branch="true" condition-coverage="50% (1/2)">
									<conditions>
										<condition number="0" type="jump" coverage="50%"/>
									</conditions>
								</line>
								<line number="121" hits="1" branch="false"/>
								<line number="122" hits="2" branch="true" condition-coverage="50% (1/2)">
									<conditions>
										<condition number="0" type="jump" coverage="50%"/>
									</conditions>
								</line>
								<line number="123" hits="0" branch="false"/>
								<line number="125" hits="1" branch="false"/>
								<line number="128" hits="2" branch="true" condition-coverage="50% (1/2)">
									<conditions>
										<condition number="0" type="jump" coverage="50%"/>
									</conditions>
								</line>
								<line number="129" hits="1" branch="false"/>
								<line number="131" hits="1" branch="false"/>
								<line number="132" hits="2" branch="true" condition-coverage="50% (1/2)">
									<conditions>
										<condition number="0" type="jump" coverage="50%"/>
									</conditions>
								</line>
								<line number="133" hits="1" branch="false"/>
								<line number="135" hits="1" branch="false"/>
								<line number="138" hits="1" branch="false"/>
								<line number="139" hits="1" branch="false"/>
								<line number="140" hits="1" branch="false"/>
								<line number="141" hits="1" branch="false"/>
								<line number="142" hits="1" branch="false"/>
								<line number="145" hits="1" branch="false"/>
								<line number="146" hits="1" branch="false"/>
								<line number="156" hits="1" branch="false"/>
								<line number="157" hits="2" branch="true" condition-coverage="50% (1/2)">
									<conditions>
										<condition number="0" type="jump" coverage="50%"/>
									</conditions>
								</line>
								<line number="158" hits="0" branch="false"/>
								<line number="160" hits="1" branch="false"/>
								<line number="163" hits="2" branch="true" condition-coverage="50% (1/2)">
									<conditions>
										<condition number="0" type="jump" coverage="50%"/>
									</conditions>
								</line>
								<line number="164" hits="0" branch="false"/>
								<line number="166" hits="1" branch="false"/>
								<line number="167" hits="2" branch="true" condition-coverage="50% (1/2)">
									<conditions>
										<condition number="0" type="jump" coverage="50%"/>
									</conditions>
								</line>
								<line number="168" hits="1" branch="false"/>
								<line number="171" hits="1" branch="false"/>
								<line number="172" hits="1" branch="false"/>
								<line number="173" hits="1" branch="false"/>
								<line number="174" hits="1" branch="false"/>
								<line number="175" hits="1" branch="false"/>
								<line number="177" hits="1" branch="false"/>
								<line number="178" hits="2" branch="true" condition-coverage="50% (1/2)">
									<conditions>
										<condition number="0" type="jump" coverage="50%"/>
									</conditions>
								</line>
								<line number="179" hits="0" branch="false"/>
								<line number="181" hits="1" branch="false"/>
								<line number="182" hits="2" branch="true" condition-coverage="50% (1/2)">
									<conditions>
										<condition number="0" type="jump" coverage="50%"/>
									</conditions>
								</line>
								<line number="183" hits="0" branch="false"/>
								<line number="185" hits="1" branch="false"/>
								<line number="186" hits="2" branch="true" condition-coverage="50% (1/2)">
									<conditions>
										<condition number="0" type="jump" coverage="50%"/>
									</conditions>
								</line>
								<line number="187" hits="0" branch="false"/>
								<line number="189" hits="1" branch="false"/>
								<line number="190" hits="1" branch="false"/>
								<line number="193" hits="1" branch="false"/>
								<line number="194" hits="2" branch="true" condition-coverage="50% (1/2)">
									<conditions>
										<condition number="0" type="jump" coverage="50%"/>
									</conditions>
								</line>
								<line number="195" hits="0" branch="false"/>
								<line number="198" hits="1" branch="false"/>
								<line number="199" hits="1" branch="false"/>
								<line number="200" hits="1" branch="false"/>
								<line number="201" hits="1" branch="false"/>
								<line number="202" hits="1" branch="false"/>
								<line number="205" hits="1" branch="false"/>
								<line number="206" hits="1" branch="false"/>
								<line number="207" hits="1" branch="false"/>
								<line number="208" hits="1" branch="false"/>
								<line number="210" hits="1" branch="false"/>
								<line number="212" hits="1" branch="false"/>
								<line number="213" hits="1" branch="false"/>
								<line number="225" hits="1" branch="false"/>
								<line number="226" hits="1" branch="false"/>
								<line number="227" hits="1" branch="false"/>
								<line number="228" hits="1" branch="false"/>
								<line number="229" hits="1" branch="false"/>
								<line number="231" hits="1" branch="false"/>
								<line number="232" hits="1" branch="false"/>
								<line number="235" hits="1" branch="false"/>
								<line number="236" hits="1" branch="false"/>
								<line number="240" hits="1" branch="false"/>
								<line number="241" hits="1" branch="false"/>
								<line number="242" hits="1" branch="false"/>
								<line number="243" hits="1" branch="false"/>
								<line number="245" hits="1" branch="false"/>
								<line number="246" hits="1" branch="false"/>
								<line number="247" hits="1" branch="false"/>
								<line number="250" hits="1" branch="false"/>
								<line number="251" hits="1" branch="false"/>
								<line number="252" hits="1" branch="false"/>
								<line number="256" hits="1" branch="false"/>
								<line number="257" hits="1" branch="false"/>
								<line number="258" hits="1" branch="false"/>
								<line number="259" hits="1" branch="false"/>
								<line number="261" hits="1" branch="false"/>
								<line number="262" hits="1" branch="false"/>
								<line number="263" hits="1" branch="false"/>
								<line number="266" hits="1" branch="false"/>
								<line number="267" hits="1" branch="false"/>
								<line number="268" hits="1" branch="false"/>
								<line number="272" hits="1" branch="false"/>
								<line number="273" hits="1" branch="false"/>
								<line number="274" hits="1" branch="false"/>
								<line number="275" hits="1" branch="false"/>
								<line number="278" hits="1" branch="false"/>
								<line number="279" hits="1" branch="false"/>
								<line number="280" hits="1" branch="false"/>
								<line number="281" hits="1" branch="false"/>
								<line number="283" hits="1" branch="false"/>
								<line number="284" hits="1" branch="false"/>
								<line number="285" hits="1" branch="false"/>
								<line number="288" hits="1" branch="false"/>
								<line number="289" hits="1" branch="false"/>
								<line number="290" hits="1" branch="false"/>
								<line number="294" hits="1" branch="false"/>
								<line number="295" hits="1" branch="false"/>
								<line number="296" hits="1" branch="false"/>
								<line number="297" hits="1" branch="false"/>
								<line number="299" hits="1" branch="false"/>
								<line number="300" hits="1" branch="false"/>
								<line number="301" hits="1" branch="false"/>
								<line number="304" hits="1" branch="false"/>
								<line number="305" hits="1" branch="false"/>
								<line number="306" hits="1" branch="false"/>
								<line number="310" hits="1" branch="false"/>
								<line number="311" hits="1" branch="false"/>
								<line number="313" hits="1" branch="false"/>
								<line number="314" hits="1" branch="false"/>
								<line number="315" hits="1" branch="false"/>
								<line number="317" hits="1" branch="false"/>
								<line number="318" hits="2" branch="true" condition-coverage="50% (1/2)">
									<conditions>
										<condition number="0" type="jump" coverage="50%"/>
									</conditions>
								</line>
								<line number="319" hits="0" branch="false"/>
								<line number="321" hits="1" branch="false"/>
								<line number="322" hits="2" branch="true" condition-coverage="50% (1/2)">
									<conditions>
										<condition number="0" type="jump" coverage="50%"/>
									</conditions>
								</line>
								<line number="323" hits="1" branch="false"/>
								<line number="325" hits="1" branch="false"/>
								<line number="326" hits="1" branch="false"/>
								<line number="331" hits="1" branch="false"/>
								<line number="332" hits="2" branch="true" condition-coverage="50% (1/2)">
									<conditions>
										<condition number="0" type="jump" coverage="50%"/>
									</conditions>
								</line>
								<line number="333" hits="0" branch="false"/>
								<line number="335" hits="1" branch="false"/>
								<line number="336" hits="1" branch="false"/>
								<line number="339" hits="1" branch="false"/>
								<line number="340" hits="1" branch="false"/>
								<line number="343" hits="1" branch="false"/>
								<line number="344" hits="1" branch="false"/>
								<line number="352" hits="1" branch="false"/>
								<line number="353" hits="2" branch="true" condition-coverage="50% (1/2)">
									<conditions>
										<condition number="0" type="jump" coverage="50%"/>
									</conditions>
								</line>
								<line number="354" hits="0" branch="false"/>
								<line number="356" hits="1" branch="false"/>
								<line number="357" hits="1" branch="false"/>
								<line number="361" hits="1" branch="false"/>
								<line number="362" hits="1" branch="false"/>
								<line number="363" hits="1" branch="false"/>
								<line number="364" hits="1" branch="false"/>
								<line number="367" hits="1" branch="false"/>
								<line number="368" hits="1" branch="false"/>
								<line number="369" hits="1" branch="false"/>
								<line number="370" hits="1" branch="false"/>
								<line number="375" hits="1" branch="false"/>
								<line number="376" hits="1" branch="false"/>
								<line number="377" hits="1" branch="false"/>
								<line number="378" hits="1" branch="false"/>
								<line number="379" hits="1" branch="false"/>
								<line number="380" hits="1" branch="false"/>
								<line number="382" hits="1" branch="false"/>
								<line number="386" hits="1" branch="false"/>
								<line number="387" hits="1" branch="false"/>
								<line number="388" hits="1" branch="false"/>
								<line number="389" hits="1" branch="false"/>
								<line number="390" hits="1" branch="false"/>
								<line number="391" hits="1" branch="false"/>
								<line number="395" hits="1" branch="false"/>
								<line number="396" hits="1" branch="false"/>
								<line number="397" hits="2" branch="true" condition-coverage="50% (1/2)">
									<conditions>
										<condition number="0" type="jump" coverage="50%"/>
									</conditions>
								</line>
								<line number="398" hits="0" branch="false"/>
								<line number="399" hits="1" branch="false"/>
								<line number="400" hits="2" branch="true" condition-coverage="50% (1/2)">
									<conditions>
										<condition number="0" type="jump" coverage="50%"/>
									</conditions>
								</line>
								<line number="401" hits="0" branch="false"/>
								<line number="404" hits="1" branch="false"/>
								<line number="405" hits="1" branch="false"/>
								<line number="406" hits="1" branch="false"/>
								<line number="407" hits="1" branch="false"/>
								<line number="409" hits="1" branch="false"/>
								<line number="412" hits="2" branch="false"/>
								<line number="413" hits="1" branch="false"/>
								<line number="415" hits="1" branch="false"/>
								<line number="416" hits="1" branch="false"/>
								<line number="419" hits="1" branch="false"/>
								<line number="420" hits="1" branch="false"/>
								<line number="423" hits="1" branch="false"/>
								<line number="424" hits="2" branch="true" condition-coverage="50% (1/2)">
									<conditions>
										<condition number="0" type="jump" coverage="50%"/>
									</conditions>
								</line>
								<line number="425" hits="0" branch="false"/>
								<line number="427" hits="1" branch="false"/>
								<line number="428" hits="1" branch="false"/>
								<line number="431" hits="1" branch="false"/>
								<line number="432" hits="2" branch="false"/>
								<line number="433" hits="1" branch="false"/>
								<line number="444" hits="1" branch="false"/>
								<line number="445" hits="1" branch="false"/>
								<line number="446" hits="1" branch="false"/>
								<line number="447" hits="1" branch="false"/>
								<line number="450" hits="1" branch="false"/>
								<line number="451" hits="1" branch="false"/>
								<line number="452" hits="1" branch="false"/>
								<line number="453" hits="1" branch="false"/>
								<line number="455" hits="1" branch="false"/>
								<line number="459" hits="1" branch="false"/>
								<line number="460" hits="1" branch="false"/>
								<line number="463" hits="1" branch="false"/>
								<line number="466" hits="1" branch="false"/>
								<line number="467" hits="1" branch="false"/>
								<line number="468" hits="1" branch="false"/>
								<line number="469" hits="1" branch="false"/>
								<line number="471" hits="1" branch="false"/>
								<line number="475" hits="1" branch="false"/>
								<line number="476" hits="1" branch="false"/>
								<line number="479" hits="1" branch="false"/>
								<line number="482" hits="1" branch="false"/>
								<line number="483" hits="1" branch="false"/>
								<line number="484" hits="1" branch="false"/>
								<line number="485" hits="1" branch="false"/>
								<line number="487" hits="1" branch="false"/>
								<line number="493" hits="1" branch="false"/>
								<line number="494" hits="1" branch="false"/>
								<line number="497" hits="1" branch="false"/>
								<line number="501" hits="1" branch="false"/>
								<line number="502" hits="1" branch="false"/>
								<line number="503" hits="1" branch="false"/>
								<line number="507" hits="1" branch="false"/>
								<line number="508" hits="1" branch="false"/>
								<line number="509" hits="1" branch="false"/>
								<line number="516" hits="1" branch="false"/>
								<line number="517" hits="1" branch="false"/>
								<line number="518" hits="1" branch="false"/>
								<line number="519" hits="1" branch="false"/>
								<line number="521" hits="1" branch="false"/>
								<line number="522" hits="1" branch="false"/>
								<line number="525" hits="1" branch="false"/>
								<line number="526" hits="1" branch="false"/>
								<line number="530" hits="1" branch="false"/>
								<line number="531" hits="1" branch="false"/>
								<line number="532" hits="1" branch="false"/>
								<line number="533" hits="1" branch="false"/>
								<line number="535" hits="1" branch="false"/>
								<line number="536" hits="1" branch="false"/>
								<line number="539" hits="1" branch="false"/>
								<line number="540" hits="2" branch="true" condition-coverage="50% (1/2)">
									<conditions>
										<condition number="0" type="jump" coverage="50%"/>
									</conditions>
								</line>
								<line number="541" hits="1" branch="false"/>
								<line number="544" hits="1" branch="false"/>
								<line number="545" hits="2" branch="true" condition-coverage="50% (1/2)">
									<conditions>
										<condition number="0" type="jump" coverage="50%"/>
									</conditions>
								</line>
								<line number="546" hits="0" branch="false"/>
								<line number="551" hits="1" branch="false"/>
								<line number="552" hits="1" branch="false"/>
								<line number="553" hits="1" branch="false"/>
								<line number="554" hits="1" branch="false"/>
								<line number="556" hits="1" branch="false"/>
								<line number="557" hits="2" branch="false"/>
								<line number="558" hits="1" branch="false"/>
								<line number="560" hits="1" branch="false"/>
								<line number="561" hits="2" branch="false"/>
								<line number="562" hits="1" branch="false"/>
								<line number="570" hits="1" branch="false"/>
								<line number="571" hits="1" branch="false"/>
								<line number="572" hits="1" branch="false"/>
								<line number="573" hits="1" branch="false"/>
								<line number="575" hits="1" branch="false"/>
								<line number="576" hits="1" branch="false"/>
								<line number="579" hits="1" branch="false"/>
								<line number="580" hits="1" branch="false"/>
								<line number="583" hits="1" branch="false"/>
								<line number="584" hits="2" branch="true" condition-coverage="50% (1/2)">
									<conditions>
										<condition number="0" type="jump" coverage="50%"/>
									</conditions>
								</line>
								<line number="585" hits="0" branch="false"/>
								<line number="588" hits="1" branch="false"/>
								<line number="589" hits="2" branch="true" condition-coverage="50% (1/2)">
									<conditions>
										<condition number="0" type="jump" coverage="50%"/>
									</conditions>
								</line>
								<line number="590" hits="0" branch="false"/>
								<line number="594" hits="1" branch="false"/>
								<line number="595" hits="1" branch="false"/>
								<line number="596" hits="1" branch="false"/>
								<line number="597" hits="1" branch="false"/>
								<line number="600" hits="1" branch="false"/>
								<line number="601" hits="1" branch="false"/>
								<line number="602" hits="1" branch="false"/>
								<line number="603" hits="1" branch="false"/>
								<line number="605" hits="1" branch="false"/>
								<line number="606" hits="1" branch="false"/>
								<line number="609" hits="1" branch="false"/>
								<line number="610" hits="1" branch="false"/>
								<line number="613" hits="1" branch="false"/>
							</lines>
						</method>
					</methods>
					<lines>
						<line number="61" hits="1" branch="false"/>
						<line number="70" hits="2" branch="false"/>
						<line number="71" hits="2" branch="false"/>
						<line number="74" hits="1" branch="false"/>
						<line number="75" hits="1" branch="false"/>
						<line number="76" hits="1" branch="false"/>
						<line number="77" hits="1" branch="false"/>
						<line number="78" hits="1" branch="false"/>
						<line number="79" hits="1" branch="false"/>
						<line number="80" hits="1" branch="false"/>
						<line number="81" hits="1" branch="false"/>
						<line number="82" hits="1" branch="false"/>
						<line number="91" hits="1" branch="false"/>
						<line number="92" hits="1" branch="false"/>
						<line number="94" hits="1" branch="false"/>
						<line number="95" hits="1" branch="false"/>
						<line number="99" hits="1" branch="false"/>
						<line number="100" hits="1" branch="false"/>
						<line number="102" hits="1" branch="false"/>
						<line number="103" hits="1" branch="false"/>
						<line number="110" hits="1" branch="false"/>
						<line number="111" hits="1" branch="false"/>
						<line number="113" hits="1" branch="false"/>
						<line number="114" hits="1" branch="false"/>
						<line number="115" hits="1" branch="false"/>
						<line number="117" hits="1" branch="false"/>
						<line number="118" hits="2" branch="true" condition-coverage="50% (1/2)">
							<conditions>
								<condition number="0" type="jump" coverage="50%"/>
							</conditions>
						</line>
						<line number="119" hits="7" branch="false"/>
						<line number="121" hits="1" branch="false"/>
						<line number="122" hits="2" branch="true" condition-coverage="50% (1/2)">
							<conditions>
								<condition number="0" type="jump" coverage="50%"/>
							</conditions>
						</line>
						<line number="123" hits="0" branch="false"/>
						<line number="125" hits="1" branch="false"/>
						<line number="128" hits="2" branch="true" condition-coverage="50% (1/2)">
							<conditions>
								<condition number="0" type="jump" coverage="50%"/>
							</conditions>
						</line>
						<line number="129" hits="1" branch="false"/>
						<line number="131" hits="1" branch="false"/>
						<line number="132" hits="2" branch="true" condition-coverage="50% (1/2)">
							<conditions>
								<condition number="0" type="jump" coverage="50%"/>
							</conditions>
						</line>
						<line number="133" hits="1" branch="false"/>
						<line number="135" hits="1" branch="false"/>
						<line number="138" hits="1" branch="false"/>
						<line number="139" hits="1" branch="false"/>
						<line number="140" hits="1" branch="false"/>
						<line number="141" hits="1" branch="false"/>
						<line number="142" hits="1" branch="false"/>
						<line number="145" hits="1" branch="false"/>
						<line number="146" hits="1" branch="false"/>
						<line number="156" hits="1" branch="false"/>
						<line number="157" hits="2" branch="true" condition-coverage="50% (1/2)">
							<conditions>
								<condition number="0" type="jump" coverage="50%"/>
							</conditions>
						</line>
						<line number="158" hits="0" branch="false"/>
						<line number="160" hits="1" branch="false"/>
						<line number="163" hits="2" branch="true" condition-coverage="50% (1/2)">
							<conditions>
								<condition number="0" type="jump" coverage="50%"/>
							</conditions>
						</line>
						<line number="164" hits="0" branch="false"/>
						<line number="166" hits="1" branch="false"/>
						<line number="167" hits="2" branch="true" condition-coverage="50% (1/2)">
							<conditions>
								<condition number="0" type="jump" coverage="50%"/>
							</conditions>
						</line>
						<line number="168" hits="1" branch="false"/>
						<line number="171" hits="1" branch="false"/>
						<line number="172" hits="1" branch="false"/>
						<line number="173" hits="1" branch="false"/>
						<line number="174" hits="1" branch="false"/>
						<line number="175" hits="1" branch="false"/>
						<line number="177" hits="1" branch="false"/>
						<line number="178" hits="2" branch="true" condition-coverage="50% (1/2)">
							<conditions>
								<condition number="0" type="jump" coverage="50%"/>
							</conditions>
						</line>
						<line number="179" hits="0" branch="false"/>
						<line number="181" hits="1" branch="false"/>
						<line number="182" hits="2" branch="true" condition-coverage="50% (1/2)">
							<conditions>
								<condition number="0" type="jump" coverage="50%"/>
							</conditions>
						</line>
						<line number="183" hits="0" branch="false"/>
						<line number="185" hits="1" branch="false"/>
						<line number="186" hits="2" branch="true" condition-coverage="50% (1/2)">
							<conditions>
								<condition number="0" type="jump" coverage="50%"/>
							</conditions>
						</line>
						<line number="187" hits="0" branch="false"/>
						<line number="189" hits="1" branch="false"/>
						<line number="190" hits="1" branch="false"/>
						<line number="193" hits="1" branch="false"/>
						<line number="194" hits="2" branch="true" condition-coverage="50% (1/2)">
							<conditions>
								<condition number="0" type="jump" coverage="50%"/>
							</conditions>
						</line>
						<line number="195" hits="0" branch="false"/>
						<line number="198" hits="1" branch="false"/>
						<line number="199" hits="1" branch="false"/>
						<line number="200" hits="1" branch="false"/>
						<line number="201" hits="1" branch="false"/>
						<line number="202" hits="1" branch="false"/>
						<line number="205" hits="1" branch="false"/>
						<line number="206" hits="1" branch="false"/>
						<line number="207" hits="1" branch="false"/>
						<line number="208" hits="1" branch="false"/>
						<line number="210" hits="1" branch="false"/>
						<line number="212" hits="1" branch="false"/>
						<line number="213" hits="1" branch="false"/>
						<line number="225" hits="1" branch="false"/>
						<line number="226" hits="1" branch="false"/>
						<line number="227" hits="1" branch="false"/>
						<line number="228" hits="1" branch="false"/>
						<line number="229" hits="1" branch="false"/>
						<line number="231" hits="1" branch="false"/>
						<line number="232" hits="1" branch="false"/>
						<line number="235" hits="1" branch="false"/>
						<line number="236" hits="1" branch="false"/>
						<line number="240" hits="1" branch="false"/>
						<line number="241" hits="1" branch="false"/>
						<line number="242" hits="1" branch="false"/>
						<line number="243" hits="1" branch="false"/>
						<line number="245" hits="1" branch="false"/>
						<line number="246" hits="1" branch="false"/>
						<line number="247" hits="1" branch="false"/>
						<line number="250" hits="1" branch="false"/>
						<line number="251" hits="1" branch="false"/>
						<line number="252" hits="1" branch="false"/>
						<line number="256" hits="1" branch="false"/>
						<line number="257" hits="1" branch="false"/>
						<line number="258" hits="1" branch="false"/>
						<line number="259" hits="1" branch="false"/>
						<line number="261" hits="1" branch="false"/>
						<line number="262" hits="1" branch="false"/>
						<line number="263" hits="1" branch="false"/>
						<line number="266" hits="1" branch="false"/>
						<line number="267" hits="1" branch="false"/>
						<line number="268" hits="1" branch="false"/>
						<line number="272" hits="1" branch="false"/>
						<line number="273" hits="1" branch="false"/>
						<line number="274" hits="1" branch="false"/>
						<line number="275" hits="1" branch="false"/>
						<line number="278" hits="1" branch="false"/>
						<line number="279" hits="1" branch="false"/>
						<line number="280" hits="1" branch="false"/>
						<line number="281" hits="1" branch="false"/>
						<line number="283" hits="1" branch="false"/>
						<line number="284" hits="1" branch="false"/>
						<line number="285" hits="1" branch="false"/>
						<line number="288" hits="1" branch="false"/>
						<line number="289" hits="1" branch="false"/>
						<line number="290" hits="1" branch="false"/>
						<line number="294" hits="1" branch="false"/>
						<line number="295" hits="1" branch="false"/>
						<line number="296" hits="1" branch="false"/>
						<line number="297" hits="1" branch="false"/>
						<line number="299" hits="1" branch="false"/>
						<line number="300" hits="1" branch="false"/>
						<line number="301" hits="1" branch="false"/>
						<line number="304" hits="1" branch="false"/>
						<line number="305" hits="1" branch="false"/>
						<line number="306" hits="1" branch="false"/>
						<line number="310" hits="1" branch="false"/>
						<line number="311" hits="1" branch="false"/>
						<line number="313" hits="1" branch="false"/>
						<line number="314" hits="1" branch="false"/>
						<line number="315" hits="1" branch="false"/>
						<line number="317" hits="1" branch="false"/>
						<line number="318" hits="2" branch="true" condition-coverage="50% (1/2)">
							<conditions>
								<condition number="0" type="jump" coverage="50%"/>
							</conditions>
						</line>
						<line number="319" hits="0" branch="false"/>
						<line number="321" hits="1" branch="false"/>
						<line number="322" hits="2" branch="true" condition-coverage="50% (1/2)">
							<conditions>
								<condition number="0" type="jump" coverage="50%"/>
							</conditions>
						</line>
						<line number="323" hits="1" branch="false"/>
						<line number="325" hits="1" branch="false"/>
						<line number="326" hits="1" branch="false"/>
						<line number="331" hits="1" branch="false"/>
						<line number="332" hits="2" branch="true" condition-coverage="50% (1/2)">
							<conditions>
								<condition number="0" type="jump" coverage="50%"/>
							</conditions>
						</line>
						<line number="333" hits="0" branch="false"/>
						<line number="335" hits="1" branch="false"/>
						<line number="336" hits="1" branch="false"/>
						<line number="339" hits="1" branch="false"/>
						<line number="340" hits="1" branch="false"/>
						<line number="343" hits="1" branch="false"/>
						<line number="344" hits="1" branch="false"/>
						<line number="352" hits="1" branch="false"/>
						<line number="353" hits="2" branch="true" condition-coverage="50% (1/2)">
							<conditions>
								<condition number="0" type="jump" coverage="50%"/>
							</conditions>
						</line>
						<line number="354" hits="0" branch="false"/>
						<line number="356" hits="1" branch="false"/>
						<line number="357" hits="1" branch="false"/>
						<line number="361" hits="1" branch="false"/>
						<line number="362" hits="1" branch="false"/>
						<line number="363" hits="1" branch="false"/>
						<line number="364" hits="1" branch="false"/>
						<line number="367" hits="1" branch="false"/>
						<line number="368" hits="1" branch="false"/>
						<line number="369" hits="1" branch="false"/>
						<line number="370" hits="1" branch="false"/>
						<line number="375" hits="1" branch="false"/>
						<line number="376" hits="1" branch="false"/>
						<line number="377" hits="1" branch="false"/>
						<line number="378" hits="1" branch="false"/>
						<line number="379" hits="1" branch="false"/>
						<line number="380" hits="1" branch="false"/>
						<line number="382" hits="1" branch="false"/>
						<line number="386" hits="1" branch="false"/>
						<line number="387" hits="1" branch="false"/>
						<line number="388" hits="1" branch="false"/>
						<line number="389" hits="1" branch="false"/>
						<line number="390" hits="1" branch="false"/>
						<line number="391" hits="1" branch="false"/>
						<line number="395" hits="1" branch="false"/>
						<line number="396" hits="1" branch="false"/>
						<line number="397" hits="2" branch="true" condition-coverage="50% (1/2)">
							<conditions>
								<condition number="0" type="jump" coverage="50%"/>
							</conditions>
						</line>
						<line number="398" hits="0" branch="false"/>
						<line number="399" hits="1" branch="false"/>
						<line number="400" hits="2" branch="true" condition-coverage="50% (1/2)">
							<conditions>
								<condition number="0" type="jump" coverage="50%"/>
							</conditions>
						</line>
						<line number="401" hits="0" branch="false"/>
						<line number="404" hits="1" branch="false"/>
						<line number="405" hits="1" branch="false"/>
						<line number="406" hits="1" branch="false"/>
						<line number="407" hits="1" branch="false"/>
						<line number="409" hits="1" branch="false"/>
						<line number="412" hits="2" branch="false"/>
						<line number="413" hits="1" branch="false"/>
						<line number="415" hits="1" branch="false"/>
						<line number="416" hits="1" branch="false"/>
						<line number="419" hits="1" branch="false"/>
						<line number="420" hits="1" branch="false"/>
						<line number="423" hits="1" branch="false"/>
						<line number="424" hits="2" branch="true" condition-coverage="50% (1/2)">
							<conditions>
								<condition number="0" type="jump" coverage="50%"/>
							</conditions>
						</line>
						<line number="425" hits="0" branch="false"/>
						<line number="427" hits="1" branch="false"/>
						<line number="428" hits="1" branch="false"/>
						<line number="431" hits="1" branch="false"/>
						<line number="432" hits="2" branch="false"/>
						<line number="433" hits="1" branch="false"/>
						<line number="444" hits="1" branch="false"/>
						<line number="445" hits="1" branch="false"/>
						<line number="446" hits="1" branch="false"/>
						<line number="447" hits="1" branch="false"/>
						<line number="450" hits="1" branch="false"/>
						<line number="451" hits="1" branch="false"/>
						<line number="452" hits="1" branch="false"/>
						<line number="453" hits="1" branch="false"/>
						<line number="455" hits="1" branch="false"/>
						<line number="459" hits="1" branch="false"/>
						<line number="460" hits="1" branch="false"/>
						<line number="463" hits="1" branch="false"/>
						<line number="466" hits="1" branch="false"/>
						<line number="467" hits="1" branch="false"/>
						<line number="468" hits="1" branch="false"/>
						<line number="469" hits="1" branch="false"/>
						<line number="471" hits="1" branch="false"/>
						<line number="475" hits="1" branch="false"/>
						<line number="476" hits="1" branch="false"/>
						<line number="479" hits="1" branch="false"/>
						<line number="482" hits="1" branch="false"/>
						<line number="483" hits="1" branch="false"/>
						<line number="484" hits="1" branch="false"/>
						<line number="485" hits="1" branch="false"/>
						<line number="487" hits="1" branch="false"/>
						<line number="493" hits="1" branch="false"/>
						<line number="494" hits="1" branch="false"/>
						<line number="497" hits="1" branch="false"/>
						<line number="501" hits="1" branch="false"/>
						<line number="502" hits="1" branch="false"/>
						<line number="503" hits="1" branch="false"/>
						<line number="507" hits="1" branch="false"/>
						<line number="508" hits="1" branch="false"/>
						<line number="509" hits="1" branch="false"/>
						<line number="516" hits="1" branch="false"/>
						<line number="517" hits="1" branch="false"/>
						<line number="518" hits="1" branch="false"/>
						<line number="519" hits="1" branch="false"/>
						<line number="521" hits="1" branch="false"/>
						<line number="522" hits="1" branch="false"/>
						<line number="525" hits="1" branch="false"/>
						<line number="526" hits="1" branch="false"/>
						<line number="530" hits="1" branch="false"/>
						<line number="531" hits="1" branch="false"/>
						<line number="532" hits="1" branch="false"/>
						<line number="533" hits="1" branch="false"/>
						<line number="535" hits="1" branch="false"/>
						<line number="536" hits="1" branch="false"/>
						<line number="539" hits="1" branch="false"/>
						<line number="540" hits="2" branch="true" condition-coverage="50% (1/2)">
							<conditions>
								<condition number="0" type="jump" coverage="50%"/>
							</conditions>
						</line>
						<line number="541" hits="1" branch="false"/>
						<line number="544" hits="1" branch="false"/>
						<line number="545" hits="2" branch="true" condition-coverage="50% (1/2)">
							<conditions>
								<condition number="0" type="jump" coverage="50%"/>
							</conditions>
						</line>
						<line number="546" hits="0" branch="false"/>
						<line number="551" hits="1" branch="false"/>
						<line number="552" hits="1" branch="false"/>
						<line number="553" hits="1" branch="false"/>
						<line number="554" hits="1" branch="false"/>
						<line number="556" hits="1" branch="false"/>
						<line number="557" hits="2" branch="false"/>
						<line number="558" hits="1" branch="false"/>
						<line number="560" hits="1" branch="false"/>
						<line number="561" hits="2" branch="false"/>
						<line number="562" hits="1" branch="false"/>
						<line number="570" hits="1" branch="false"/>
						<line number="571" hits="1" branch="false"/>
						<line number="572" hits="1" branch="false"/>
						<line number="573" hits="1" branch="false"/>
						<line number="575" hits="1" branch="false"/>
						<line number="576" hits="1" branch="false"/>
						<line number="579" hits="1" branch="false"/>
						<line number="580" hits="1" branch="false"/>
						<line number="583" hits="1" branch="false"/>
						<line number="584" hits="2" branch="true" condition-coverage="50% (1/2)">
							<conditions>
								<condition number="0" type="jump" coverage="50%"/>
							</conditions>
						</line>
						<line number="585" hits="0" branch="false"/>
						<line number="588" hits="1" branch="false"/>
						<line number="589" hits="2" branch="true" condition-coverage="50% (1/2)">
							<conditions>
								<condition number="0" type="jump" coverage="50%"/>
							</conditions>
						</line>
						<line number="590" hits="0" branch="false"/>
						<line number="594" hits="1" branch="false"/>
						<line number="595" hits="1" branch="false"/>
						<line number="596" hits="1" branch="false"/>
						<line number="597" hits="1" branch="false"/>
						<line number="600" hits="1" branch="false"/>
						<line number="601" hits="1" branch="false"/>
						<line number="602" hits="1" branch="false"/>
						<line number="603" hits="1" branch="false"/>
						<line number="605" hits="1" branch="false"/>
						<line number="606" hits="1" branch="false"/>
						<line number="609" hits="1" branch="false"/>
						<line number="610" hits="1" branch="false"/>
						<line number="613" hits="1" branch="false"/>
					</lines>
				</class>
				<class name="org.universAAL.ontology.health.owl.HealthyHabitsAdoption" filename="org/universAAL/ontology/health/owl/HealthyHabitsAdoption.java" line-rate="0.11764705882352941" branch-rate="1.0" complexity="1.0">
					<methods>
						<method name="&lt;init&gt;" signature="()V" line-rate="0.0" branch-rate="1.0" complexity="0">
							<lines>
								<line number="27" hits="0" branch="false"/>
								<line number="28" hits="0" branch="false"/>
							</lines>
						</method>
						<method name="&lt;init&gt;" signature="(Ljava/lang/String;)V" line-rate="1.0" branch-rate="1.0" complexity="0">
							<lines>
								<line number="31" hits="4" branch="false"/>
								<line number="32" hits="4" branch="false"/>
							</lines>
						</method>
						<method name="&lt;init&gt;" signature="(Ljava/lang/String;Ljava/lang/String;Ljava/lang/String;)V" line-rate="0.0" branch-rate="1.0" complexity="0">
							<lines>
								<line number="45" hits="0" branch="false"/>
								<line number="46" hits="0" branch="false"/>
							</lines>
						</method>
						<method name="&lt;init&gt;" signature="(Ljava/lang/String;Ljava/lang/String;Ljavax/xml/datatype/XMLGregorianCalendar;Ljava/lang/String;)V" line-rate="0.0" branch-rate="1.0" complexity="0">
							<lines>
								<line number="49" hits="0" branch="false"/>
								<line number="50" hits="0" branch="false"/>
							</lines>
						</method>
						<method name="&lt;init&gt;" signature="(Ljava/lang/String;Ljava/lang/String;Lorg/universAAL/ontology/health/owl/TreatmentPlanning;Ljava/lang/String;)V" line-rate="0.0" branch-rate="1.0" complexity="0">
							<lines>
								<line number="53" hits="0" branch="false"/>
								<line number="54" hits="0" branch="false"/>
							</lines>
						</method>
						<method name="&lt;init&gt;" signature="(Lorg/universAAL/ontology/profile/AssistedPersonProfile;Lorg/universAAL/ontology/profile/Caregiver;Ljava/lang/String;Ljava/lang/String;Ljavax/xml/datatype/XMLGregorianCalendar;Ljava/lang/String;)V" line-rate="0.0" branch-rate="1.0" complexity="0">
							<lines>
								<line number="36" hits="0" branch="false"/>
								<line number="37" hits="0" branch="false"/>
							</lines>
						</method>
						<method name="&lt;init&gt;" signature="(Lorg/universAAL/ontology/profile/AssistedPersonProfile;Lorg/universAAL/ontology/profile/Caregiver;Ljava/lang/String;Lorg/universAAL/ontology/health/owl/TreatmentPlanning;Ljava/lang/String;Ljava/lang/String;)V" line-rate="0.0" branch-rate="1.0" complexity="0">
							<lines>
								<line number="41" hits="0" branch="false"/>
								<line number="42" hits="0" branch="false"/>
							</lines>
						</method>
						<method name="getClassURI" signature="()Ljava/lang/String;" line-rate="0.0" branch-rate="1.0" complexity="0">
							<lines>
								<line number="57" hits="0" branch="false"/>
							</lines>
						</method>
						<method name="getPropSerializationType" signature="(Ljava/lang/String;)I" line-rate="0.0" branch-rate="1.0" complexity="0">
							<lines>
								<line number="61" hits="0" branch="false"/>
							</lines>
						</method>
						<method name="isWellFormed" signature="()Z" line-rate="0.0" branch-rate="1.0" complexity="0">
							<lines>
[...]
							<lines>
								<line number="37" hits="0" branch="false"/>
								<line number="38" hits="0" branch="false"/>
								<line number="39" hits="0" branch="false"/>
							</lines>
						</method>
						<method name="&lt;init&gt;" signature="(Lorg/universAAL/ontology/profile/AssistedPersonProfile;Lorg/universAAL/ontology/profile/Caregiver;Ljava/lang/String;Lorg/universAAL/ontology/health/owl/TreatmentPlanning;Ljava/lang/String;Ljava/lang/String;Lorg/universAAL/ontology/health/owl/WeightRequirement;)V" line-rate="0.0" branch-rate="1.0" complexity="0">
							<lines>
								<line number="43" hits="0" branch="false"/>
								<line number="44" hits="0" branch="false"/>
								<line number="45" hits="0" branch="false"/>
							</lines>
						</method>
						<method name="getClassURI" signature="()Ljava/lang/String;" line-rate="1.0" branch-rate="1.0" complexity="0">
							<lines>
								<line number="65" hits="4" branch="false"/>
							</lines>
						</method>
						<method name="getPropSerializationType" signature="(Ljava/lang/String;)I" line-rate="0.0" branch-rate="1.0" complexity="0">
							<lines>
								<line number="69" hits="0" branch="false"/>
							</lines>
						</method>
						<method name="isWellFormed" signature="()Z" line-rate="0.0" branch-rate="1.0" complexity="0">
							<lines>
								<line number="73" hits="0" branch="false"/>
							</lines>
						</method>
					</methods>
					<lines>
						<line number="28" hits="0" branch="false"/>
						<line number="29" hits="0" branch="false"/>
						<line number="32" hits="2" branch="false"/>
						<line number="33" hits="2" branch="false"/>
						<line number="37" hits="0" branch="false"/>
						<line number="38" hits="0" branch="false"/>
						<line number="39" hits="0" branch="false"/>
						<line number="43" hits="0" branch="false"/>
						<line number="44" hits="0" branch="false"/>
						<line number="45" hits="0" branch="false"/>
						<line number="48" hits="0" branch="false"/>
						<line number="49" hits="0" branch="false"/>
						<line number="50" hits="0" branch="false"/>
						<line number="54" hits="0" branch="false"/>
						<line number="55" hits="0" branch="false"/>
						<line number="56" hits="0" branch="false"/>
						<line number="60" hits="0" branch="false"/>
						<line number="61" hits="0" branch="false"/>
						<line number="62" hits="0" branch="false"/>
						<line number="65" hits="4" branch="false"/>
						<line number="69" hits="0" branch="false"/>
						<line number="73" hits="0" branch="false"/>
					</lines>
				</class>
				<class name="org.universAAL.ontology.health.owl.WeightRequirement" filename="org/universAAL/ontology/health/owl/WeightRequirement.java" line-rate="0.5714285714285714" branch-rate="1.0" complexity="1.0">
					<methods>
						<method name="&lt;init&gt;" signature="()V" line-rate="0.0" branch-rate="1.0" complexity="0">
							<lines>
								<line number="22" hits="0" branch="false"/>
								<line number="23" hits="0" branch="false"/>
							</lines>
						</method>
						<method name="&lt;init&gt;" signature="(Ljava/lang/String;)V" line-rate="1.0" branch-rate="1.0" complexity="0">
							<lines>
								<line number="26" hits="2" branch="false"/>
								<line number="27" hits="2" branch="false"/>
							</lines>
						</method>
						<method name="getClassURI" signature="()Ljava/lang/String;" line-rate="1.0" branch-rate="1.0" complexity="0">
							<lines>
								<line number="30" hits="4" branch="false"/>
							</lines>
						</method>
						<method name="getPropSerializationType" signature="(Ljava/lang/String;)I" line-rate="1.0" branch-rate="1.0" complexity="0">
							<lines>
								<line number="34" hits="2" branch="false"/>
							</lines>
						</method>
						<method name="isWellFormed" signature="()Z" line-rate="0.0" branch-rate="1.0" complexity="0">
							<lines>
								<line number="38" hits="0" branch="false"/>
							</lines>
						</method>
					</methods>
					<lines>
						<line number="22" hits="0" branch="false"/>
						<line number="23" hits="0" branch="false"/>
						<line number="26" hits="2" branch="false"/>
						<line number="27" hits="2" branch="false"/>
						<line number="30" hits="4" branch="false"/>
						<line number="34" hits="2" branch="false"/>
						<line number="38" hits="0" branch="false"/>
					</lines>
				</class>
			</classes>
		</package>
		<package name="org.universAAL.ontology.health.owl.services" line-rate="0.5636363636363636" branch-rate="0.8214285714285714" complexity="1.6333333333333333">
			<classes>
				<class name="org.universAAL.ontology.health.owl.services.DisplayTreatmentService" filename="org/universAAL/ontology/health/owl/services/DisplayTreatmentService.java" line-rate="0.6666666666666666" branch-rate="1.0" complexity="1.6">
					<methods>
						<method name="&lt;init&gt;" signature="()V" line-rate="0.0" branch-rate="1.0" complexity="0">
							<lines>
								<line number="59" hits="0" branch="false"/>
								<line number="60" hits="0" branch="false"/>
							</lines>
						</method>
						<method name="&lt;init&gt;" signature="(Ljava/lang/String;)V" line-rate="1.0" branch-rate="1.0" complexity="0">
							<lines>
								<line number="63" hits="2" branch="false"/>
								<line number="64" hits="2" branch="false"/>
							</lines>
						</method>
						<method name="getClassURI" signature="()Ljava/lang/String;" line-rate="1.0" branch-rate="1.0" complexity="0">
							<lines>
								<line number="68" hits="6" branch="false"/>
							</lines>
						</method>
						<method name="getPropSerializationType" signature="(Ljava/lang/String;)I" line-rate="1.0" branch-rate="1.0" complexity="0">
							<lines>
								<line number="73" hits="5" branch="true" condition-coverage="100% (4/4)">
									<conditions>
										<condition number="0" type="jump" coverage="100%"/>
										<condition number="1" type="jump" coverage="100%"/>
									</conditions>
								</line>
								<line number="74" hits="2" branch="false"/>
								<line number="75" hits="3" branch="false"/>
							</lines>
						</method>
						<method name="isWellFormed" signature="()Z" line-rate="0.0" branch-rate="1.0" complexity="0">
							<lines>
								<line number="80" hits="0" branch="false"/>
							</lines>
						</method>
					</methods>
					<lines>
						<line number="59" hits="0" branch="false"/>
						<line number="60" hits="0" branch="false"/>
						<line number="63" hits="2" branch="false"/>
						<line number="64" hits="2" branch="false"/>
						<line number="68" hits="6" branch="false"/>
						<line number="73" hits="5" branch="true" condition-coverage="100% (4/4)">
							<conditions>
								<condition number="0" type="jump" coverage="100%"/>
								<condition number="1" type="jump" coverage="100%"/>
							</conditions>
						</line>
						<line number="74" hits="2" branch="false"/>
						<line number="75" hits="3" branch="false"/>
						<line number="80" hits="0" branch="false"/>
					</lines>
				</class>
				<class name="org.universAAL.ontology.health.owl.services.HealthService" filename="org/universAAL/ontology/health/owl/services/HealthService.java" line-rate="0.6666666666666666" branch-rate="1.0" complexity="1.6">
					<methods>
						<method name="&lt;init&gt;" signature="()V" line-rate="0.0" branch-rate="1.0" complexity="0">
							<lines>
								<line number="43" hits="0" branch="false"/>
								<line number="44" hits="0" branch="false"/>
							</lines>
						</method>
						<method name="&lt;init&gt;" signature="(Ljava/lang/String;)V" line-rate="1.0" branch-rate="1.0" complexity="0">
							<lines>
								<line number="47" hits="8" branch="false"/>
								<line number="48" hits="8" branch="false"/>
							</lines>
						</method>
						<method name="getClassURI" signature="()Ljava/lang/String;" line-rate="1.0" branch-rate="1.0" complexity="0">
							<lines>
								<line number="52" hits="6" branch="false"/>
							</lines>
						</method>
						<method name="getPropSerializationType" signature="(Ljava/lang/String;)I" line-rate="1.0" branch-rate="1.0" complexity="0">
							<lines>
								<line number="61" hits="14" branch="true" condition-coverage="100% (4/4)">
									<conditions>
										<condition number="0" type="jump" coverage="100%"/>
										<condition number="1" type="jump" coverage="100%"/>
									</conditions>
								</line>
								<line number="62" hits="2" branch="false"/>
								<line number="63" hits="12" branch="false"/>
							</lines>
						</method>
						<method name="isWellFormed" signature="()Z" line-rate="0.0" branch-rate="1.0" complexity="0">
							<lines>
								<line number="57" hits="0" branch="false"/>
							</lines>
						</method>
					</methods>
					<lines>
						<line number="43" hits="0" branch="false"/>
						<line number="44" hits="0" branch="false"/>
						<line number="47" hits="8" branch="false"/>
						<line number="48" hits="8" branch="false"/>
						<line number="52" hits="6" branch="false"/>
						<line number="57" hits="0" branch="false"/>
						<line number="61" hits="14" branch="true" condition-coverage="100% (4/4)">
							<conditions>
								<condition number="0" type="jump" coverage="100%"/>
								<condition number="1" type="jump" coverage="100%"/>
							</conditions>
						</line>
						<line number="62" hits="2" branch="false"/>
						<line number="63" hits="12" branch="false"/>
					</lines>
				</class>
				<class name="org.universAAL.ontology.health.owl.services.PerformedSessionManagementService" filename="org/universAAL/ontology/health/owl/services/PerformedSessionManagementService.java" line-rate="0.7" branch-rate="1.0" complexity="2.0">
					<methods>
						<method name="&lt;init&gt;" signature="()V" line-rate="0.0" branch-rate="1.0" complexity="0">
							<lines>
								<line number="48" hits="0" branch="false"/>
								<line number="49" hits="0" branch="false"/>
							</lines>
						</method>
						<method name="&lt;init&gt;" signature="(Ljava/lang/String;)V" line-rate="1.0" branch-rate="1.0" complexity="0">
							<lines>
								<line number="52" hits="2" branch="false"/>
								<line number="53" hits="2" branch="false"/>
							</lines>
						</method>
						<method name="getClassURI" signature="()Ljava/lang/String;" line-rate="1.0" branch-rate="1.0" complexity="0">
							<lines>
								<line number="56" hits="6" branch="false"/>
							</lines>
						</method>
						<method name="getPropSerializationType" signature="(Ljava/lang/String;)I" line-rate="1.0" branch-rate="1.0" complexity="0">
							<lines>
								<line number="67" hits="7" branch="true" condition-coverage="100% (4/4)">
									<conditions>
										<condition number="0" type="jump" coverage="100%"/>
										<condition number="1" type="jump" coverage="100%"/>
									</conditions>
								</line>
								<line number="68" hits="5" branch="true" condition-coverage="100% (4/4)">
									<conditions>
										<condition number="0" type="jump" coverage="100%"/>
										<condition number="1" type="jump" coverage="100%"/>
									</conditions>
								</line>
								<line number="69" hits="4" branch="false"/>
								<line number="70" hits="3" branch="false"/>
							</lines>
						</method>
						<method name="isWellFormed" signature="()Z" line-rate="0.0" branch-rate="1.0" complexity="0">
							<lines>
								<line number="74" hits="0" branch="false"/>
							</lines>
						</method>
					</methods>
					<lines>
						<line number="48" hits="0" branch="false"/>
						<line number="49" hits="0" branch="false"/>
						<line number="52" hits="2" branch="false"/>
						<line number="53" hits="2" branch="false"/>
						<line number="56" hits="6" branch="false"/>
						<line number="67" hits="7" branch="true" condition-coverage="100% (4/4)">
							<conditions>
								<condition number="0" type="jump" coverage="100%"/>
								<condition number="1" type="jump" coverage="100%"/>
							</conditions>
						</line>
						<line number="68" hits="5" branch="true" condition-coverage="100% (4/4)">
							<conditions>
								<condition number="0" type="jump" coverage="100%"/>
								<condition number="1" type="jump" coverage="100%"/>
							</conditions>
						</line>
						<line number="69" hits="4" branch="false"/>
						<line number="70" hits="3" branch="false"/>
						<line number="74" hits="0" branch="false"/>
					</lines>
				</class>
				<class name="org.universAAL.ontology.health.owl.services.PlannedSessionManagementService" filename="org/universAAL/ontology/health/owl/services/PlannedSessionManagementService.java" line-rate="0.0" branch-rate="0.0" complexity="1.6">
					<methods>
						<method name="&lt;init&gt;" signature="()V" line-rate="0.0" branch-rate="1.0" complexity="0">
							<lines>
								<line number="42" hits="0" branch="false"/>
								<line number="43" hits="0" branch="false"/>
							</lines>
						</method>
						<method name="&lt;init&gt;" signature="(Ljava/lang/String;)V" line-rate="0.0" branch-rate="1.0" complexity="0">
							<lines>
								<line number="46" hits="0" branch="false"/>
								<line number="47" hits="0" branch="false"/>
							</lines>
						</method>
						<method name="getClassURI" signature="()Ljava/lang/String;" line-rate="0.0" branch-rate="1.0" complexity="0">
							<lines>
								<line number="51" hits="0" branch="false"/>
							</lines>
						</method>
						<method name="getPropSerializationType" signature="(Ljava/lang/String;)I" line-rate="0.0" branch-rate="0.0" complexity="0">
							<lines>
								<line number="56" hits="0" branch="true" condition-coverage="0% (0/4)">
									<conditions>
										<condition number="0" type="jump" coverage="0%"/>
										<condition number="1" type="jump" coverage="0%"/>
									</conditions>
								</line>
								<line number="57" hits="0" branch="false"/>
								<line number="58" hits="0" branch="false"/>
							</lines>
						</method>
						<method name="isWellFormed" signature="()Z" line-rate="0.0" branch-rate="1.0" complexity="0">
							<lines>
								<line number="63" hits="0" branch="false"/>
							</lines>
						</method>
					</methods>
					<lines>
						<line number="42" hits="0" branch="false"/>
						<line number="43" hits="0" branch="false"/>
						<line number="46" hits="0" branch="false"/>
						<line number="47" hits="0" branch="false"/>
						<line number="51" hits="0" branch="false"/>
						<line number="56" hits="0" branch="true" condition-coverage="0% (0/4)">
							<conditions>
								<condition number="0" type="jump" coverage="0%"/>
								<condition number="1" type="jump" coverage="0%"/>
							</conditions>
						</line>
						<line number="57" hits="0" branch="false"/>
						<line number="58" hits="0" branch="false"/>
						<line number="63" hits="0" branch="false"/>
					</lines>
				</class>
				<class name="org.universAAL.ontology.health.owl.services.ProfileManagementService" filename="org/universAAL/ontology/health/owl/services/ProfileManagementService.java" line-rate="0.625" branch-rate="0.5" complexity="1.2">
					<methods>
						<method name="&lt;init&gt;" signature="()V" line-rate="0.0" branch-rate="1.0" complexity="0">
							<lines>
								<line number="34" hits="0" branch="false"/>
								<line number="35" hits="0" branch="false"/>
							</lines>
						</method>
						<method name="&lt;init&gt;" signature="(Ljava/lang/String;)V" line-rate="1.0" branch-rate="1.0" complexity="0">
							<lines>
								<line number="38" hits="2" branch="false"/>
								<line number="39" hits="2" branch="false"/>
							</lines>
						</method>
						<method name="getClassURI" signature="()Ljava/lang/String;" line-rate="1.0" branch-rate="1.0" complexity="0">
							<lines>
								<line number="43" hits="6" branch="false"/>
							</lines>
						</method>
						<method name="getPropSerializationType" signature="(Ljava/lang/String;)I" line-rate="1.0" branch-rate="0.5" complexity="0">
							<lines>
								<line number="48" hits="3" branch="true" condition-coverage="50% (1/2)">
									<conditions>
										<condition number="0" type="jump" coverage="50%"/>
									</conditions>
								</line>
								<line number="49" hits="3" branch="false"/>
							</lines>
						</method>
						<method name="isWellFormed" signature="()Z" line-rate="0.0" branch-rate="1.0" complexity="0">
							<lines>
								<line number="54" hits="0" branch="false"/>
							</lines>
						</method>
					</methods>
					<lines>
						<line number="34" hits="0" branch="false"/>
						<line number="35" hits="0" branch="false"/>
						<line number="38" hits="2" branch="false"/>
						<line number="39" hits="2" branch="false"/>
						<line number="43" hits="6" branch="false"/>
						<line number="48" hits="3" branch="true" condition-coverage="50% (1/2)">
							<conditions>
								<condition number="0" type="jump" coverage="50%"/>
							</conditions>
						</line>
						<line number="49" hits="3" branch="false"/>
						<line number="54" hits="0" branch="false"/>
					</lines>
				</class>
				<class name="org.universAAL.ontology.health.owl.services.TreatmentManagementService" filename="org/universAAL/ontology/health/owl/services/TreatmentManagementService.java" line-rate="0.7" branch-rate="1.0" complexity="1.8">
					<methods>
						<method name="&lt;init&gt;" signature="()V" line-rate="0.0" branch-rate="1.0" complexity="0">
							<lines>
								<line number="48" hits="0" branch="false"/>
								<line number="49" hits="0" branch="false"/>
							</lines>
						</method>
						<method name="&lt;init&gt;" signature="(Ljava/lang/String;)V" line-rate="1.0" branch-rate="1.0" complexity="0">
							<lines>
								<line number="52" hits="2" branch="false"/>
								<line number="53" hits="2" branch="false"/>
							</lines>
						</method>
						<method name="getClassURI" signature="()Ljava/lang/String;" line-rate="1.0" branch-rate="1.0" complexity="0">
							<lines>
								<line number="57" hits="6" branch="false"/>
							</lines>
						</method>
						<method name="getPropSerializationType" signature="(Ljava/lang/String;)I" line-rate="1.0" branch-rate="1.0" complexity="0">
							<lines>
								<line number="62" hits="6" branch="true" condition-coverage="100% (4/4)">
									<conditions>
										<condition number="0" type="jump" coverage="100%"/>
										<condition number="1" type="jump" coverage="100%"/>
									</conditions>
								</line>
								<line number="63" hits="4" branch="true" condition-coverage="100% (2/2)">
									<conditions>
										<condition number="0" type="jump" coverage="100%"/>
									</conditions>
								</line>
								<line number="64" hits="3" branch="false"/>
								<line number="65" hits="3" branch="false"/>
							</lines>
						</method>
						<method name="isWellFormed" signature="()Z" line-rate="0.0" branch-rate="1.0" complexity="0">
							<lines>
								<line number="70" hits="0" branch="false"/>
							</lines>
						</method>
					</methods>
					<lines>
						<line number="48" hits="0" branch="false"/>
						<line number="49" hits="0" branch="false"/>
						<line number="52" hits="2" branch="false"/>
						<line number="53" hits="2" branch="false"/>
						<line number="57" hits="6" branch="false"/>
						<line number="62" hits="6" branch="true" condition-coverage="100% (4/4)">
							<conditions>
								<condition number="0" type="jump" coverage="100%"/>
								<condition number="1" type="jump" coverage="100%"/>
							</conditions>
						</line>
						<line number="63" hits="4" branch="true" condition-coverage="100% (2/2)">
							<conditions>
								<condition number="0" type="jump" coverage="100%"/>
							</conditions>
						</line>
						<line number="64" hits="3" branch="false"/>
						<line number="65" hits="3" branch="false"/>
						<line number="70" hits="0" branch="false"/>
					</lines>
				</class>
			</classes>
		</package>
	</packages>
</coverage>
